New log file opened at Sat Aug 20 10:53:39 COT 2016 by 3028@ISIS2503-0069
Sending msg to client activator-14b3c39a-31bf-48f8-8bd3-a38efaea254d: DetachedLogEvent(LogMessage(debug,sbt server socket logs are in: C:\Users\da.rodriguez15\Documents\414545\Marketplace\.sbtserver\connections\master.log))
Sending msg to client activator-14b3c39a-31bf-48f8-8bd3-a38efaea254d: DetachedLogEvent(LogMessage(debug,sbt client logs are in: C:\Users\da.rodriguez15\Documents\414545\Marketplace\.sbtserver\connections\activator-14b3c39a-31bf-48f8-8bd3-a38efaea254d.log))
Sending msg to client activator-14b3c39a-31bf-48f8-8bd3-a38efaea254d: DetachedLogEvent(LogMessage(debug,sbt general server logs are in: C:\Users\da.rodriguez15\Documents\414545\Marketplace\.sbtserver\master.log))
Dropping message DetachedLogEvent(LogMessage(debug,sbt general server logs are in: C:\Users\da.rodriguez15\Documents\414545\Marketplace\.sbtserver\master.log)) because client activator-14b3c39a-31bf-48f8-8bd3-a38efaea254d of an exception serializing and sending: java.net.SocketException: Software caused connection abort: socket write error
Dropping message DetachedLogEvent(LogMessage(debug,sbt client logs are in: C:\Users\da.rodriguez15\Documents\414545\Marketplace\.sbtserver\connections\activator-14b3c39a-31bf-48f8-8bd3-a38efaea254d.log)) because client activator-14b3c39a-31bf-48f8-8bd3-a38efaea254d of an exception serializing and sending: java.net.SocketException: Software caused connection abort: socket write error
stack trace sending message was 
java.net.SocketException: Software caused connection abort: socket write error
	at java.net.SocketOutputStream.socketWrite0(Native Method)
	at java.net.SocketOutputStream.socketWrite(SocketOutputStream.java:109)
	at java.net.SocketOutputStream.write(SocketOutputStream.java:153)
	at java.io.BufferedOutputStream.flushBuffer(BufferedOutputStream.java:82)
	at java.io.BufferedOutputStream.flush(BufferedOutputStream.java:140)
	at java.io.DataOutputStream.flush(DataOutputStream.java:123)
	at sbt.impl.ipc.Peer.send(IPC.scala:79)
	at sbt.impl.ipc.Peer.send(IPC.scala:83)
	at sbt.impl.ipc.Peer.sendString(IPC.scala:106)
	at sbt.impl.ipc.Peer.sendJson(IPC.scala:119)
	at sbt.server.SbtClientHandler$$anonfun$send$1.apply$mcV$sp(SbtClientHandler.scala:128)
	at sbt.server.SbtClientHandler.wrappedSend(SbtClientHandler.scala:113)
	at sbt.server.SbtClientHandler.send(SbtClientHandler.scala:128)
	at sbt.server.SbtServerSocketHandler$$anon$1.run(SbtServerSocketHandler.scala:92)
stack trace sending message was 
java.net.SocketException: Software caused connection abort: socket write error
	at java.net.SocketOutputStream.socketWrite0(Native Method)
	at java.net.SocketOutputStream.socketWrite(SocketOutputStream.java:109)
	at java.net.SocketOutputStream.write(SocketOutputStream.java:153)
	at java.io.BufferedOutputStream.flushBuffer(BufferedOutputStream.java:82)
	at java.io.BufferedOutputStream.flush(BufferedOutputStream.java:140)
	at java.io.DataOutputStream.flush(DataOutputStream.java:123)
	at sbt.impl.ipc.Peer.send(IPC.scala:79)
	at sbt.impl.ipc.Peer.send(IPC.scala:83)
	at sbt.impl.ipc.Peer.sendString(IPC.scala:106)
	at sbt.impl.ipc.Peer.sendJson(IPC.scala:119)
	at sbt.server.SbtClientHandler$$anonfun$send$1.apply$mcV$sp(SbtClientHandler.scala:128)
	at sbt.server.SbtClientHandler.wrappedSend(SbtClientHandler.scala:113)
	at sbt.server.SbtClientHandler.send(SbtClientHandler.scala:128)
	at sbt.server.SbtClientHandler$clientThread$.run(SbtClientHandler.scala:42)
Reading next message from client.
Client activator-14b3c39a-31bf-48f8-8bd3-a38efaea254d closed, java.net.SocketException: socket is closed, shutting down
Client activator-14b3c39a-31bf-48f8-8bd3-a38efaea254d thread exiting.
Dropping message (0,ReceivedResponse()) to dead client activator-14b3c39a-31bf-48f8-8bd3-a38efaea254d
