New log file opened at Sat Aug 20 19:13:29 COT 2016 by 3908@ISIS2503-0069
Sending msg to client play-fork-run-f1f3601f-c146-4e12-a7ef-1e5ed9708271: DetachedLogEvent(LogMessage(debug,sbt server socket logs are in: C:\Users\da.rodriguez15\Documents\414545\Marketplace\.sbtserver\connections\master.log))
Sending msg to client play-fork-run-f1f3601f-c146-4e12-a7ef-1e5ed9708271: DetachedLogEvent(LogMessage(debug,sbt general server logs are in: C:\Users\da.rodriguez15\Documents\414545\Marketplace\.sbtserver\master.log))
Sending msg to client play-fork-run-f1f3601f-c146-4e12-a7ef-1e5ed9708271: DetachedLogEvent(LogMessage(debug,sbt client logs are in: C:\Users\da.rodriguez15\Documents\414545\Marketplace\.sbtserver\connections\play-fork-run-f1f3601f-c146-4e12-a7ef-1e5ed9708271.log))
Reading next message from client.
Got request: DaemonRequest(true)
Reading next message from client.
Sending msg to client play-fork-run-f1f3601f-c146-4e12-a7ef-1e5ed9708271: (3,ReceivedResponse())
Got request: ListenToEvents()
Reading next message from client.
Sending msg to client play-fork-run-f1f3601f-c146-4e12-a7ef-1e5ed9708271: BackgroundJobStarted(36,BackgroundJobInfo(5,backgroundRun,AttributeKey[sbt.BackgroundJobHandle]("backgroundRun") in Scope(Build: file:/C:/Users/da.rodriguez15/Documents/414545/Marketplace/, , Project: ProjectReference(file:/C:/Users/da.rodriguez15/Documents/414545/Marketplace/,root), Config: compile)))
Sending msg to client play-fork-run-f1f3601f-c146-4e12-a7ef-1e5ed9708271: (4,ReceivedResponse())
Got request: KeyLookupRequest(root/playForkConfig)
Reading next message from client.
Sending msg to client play-fork-run-f1f3601f-c146-4e12-a7ef-1e5ed9708271: (5,KeyLookupResponse(root/playForkConfig,Vector(AttributeKey[play.forkrun.protocol.ForkConfig]("playForkConfig") in Scope(Build: file:/C:/Users/da.rodriguez15/Documents/414545/Marketplace/, , Project: ProjectReference(file:/C:/Users/da.rodriguez15/Documents/414545/Marketplace/,root)))))
Got request: ListenToValue(AttributeKey[play.forkrun.protocol.ForkConfig]("playForkConfig") in Scope(Build: file:/C:/Users/da.rodriguez15/Documents/414545/Marketplace/, , Project: ProjectReference(file:/C:/Users/da.rodriguez15/Documents/414545/Marketplace/,root)))
Reading next message from client.
Sending msg to client play-fork-run-f1f3601f-c146-4e12-a7ef-1e5ed9708271: (6,ReceivedResponse())
Got request: KeyExecutionRequest(AttributeKey[play.forkrun.protocol.ForkConfig]("playForkConfig") in Scope(Build: file:/C:/Users/da.rodriguez15/Documents/414545/Marketplace/, , Project: ProjectReference(file:/C:/Users/da.rodriguez15/Documents/414545/Marketplace/,root)))
Reading next message from client.
Sending msg to client play-fork-run-f1f3601f-c146-4e12-a7ef-1e5ed9708271: (7,ExecutionRequestReceived(37))
Sending msg to client play-fork-run-f1f3601f-c146-4e12-a7ef-1e5ed9708271: ExecutionWaiting(37,{file:/C:/Users/da.rodriguez15/Documents/414545/Marketplace/}root/*:playForkConfig,ClientInfo(f1f3601f-c146-4e12-a7ef-1e5ed9708271,play-fork-run,Play Fork Run,1,Vector()))
Sending msg to client play-fork-run-f1f3601f-c146-4e12-a7ef-1e5ed9708271: ExecutionStarting(37)
Sending msg to client play-fork-run-f1f3601f-c146-4e12-a7ef-1e5ed9708271: DetachedLogEvent(LogMessage(debug,> {file:/C:/Users/da.rodriguez15/Documents/414545/Marketplace/}root/*:playForkConfig))
Sending msg to client play-fork-run-f1f3601f-c146-4e12-a7ef-1e5ed9708271: DetachedLogEvent(LogMessage(debug,Evaluating tasks: *:playForkConfig))
Sending msg to client play-fork-run-f1f3601f-c146-4e12-a7ef-1e5ed9708271: DetachedLogEvent(LogMessage(debug,Running task... Cancel: sbt.server.ServerTaskCancellation@13a06ba0, check cycles: false))
Sending msg to client play-fork-run-f1f3601f-c146-4e12-a7ef-1e5ed9708271: DetachedLogEvent(LogMessage(debug,cancel strategy start enabled=true lastCommand=Some(LastCommand(CommandExecutionWork(ExecutionId(37),{file:/C:/Users/da.rodriguez15/Documents/414545/Marketplace/}root/*:playForkConfig,Set(LiveClient(play-fork-run f1f3601f-c146-4e12-a7ef-1e5ed9708271)),sbt.server.WorkCancellationStatus$$anon$1@541c6ee9)))))
Sending msg to client play-fork-run-f1f3601f-c146-4e12-a7ef-1e5ed9708271: TaskStarted(37,3285,None)
Sending msg to client play-fork-run-f1f3601f-c146-4e12-a7ef-1e5ed9708271: TaskStarted(37,3287,None)
Sending msg to client play-fork-run-f1f3601f-c146-4e12-a7ef-1e5ed9708271: TaskStarted(37,3288,None)
Sending msg to client play-fork-run-f1f3601f-c146-4e12-a7ef-1e5ed9708271: TaskStarted(37,3289,Some(AttributeKey[boolean]("skip") in Scope(Global)))
Sending msg to client play-fork-run-f1f3601f-c146-4e12-a7ef-1e5ed9708271: TaskStarted(37,3293,None)
Sending msg to client play-fork-run-f1f3601f-c146-4e12-a7ef-1e5ed9708271: TaskStarted(37,3294,Some(AttributeKey[java.lang.String]("updateCacheName") in Scope(Build: file:/C:/Users/da.rodriguez15/Documents/414545/Marketplace/, , Project: ProjectReference(file:/C:/Users/da.rodriguez15/Documents/414545/Marketplace/,root))))
Sending msg to client play-fork-run-f1f3601f-c146-4e12-a7ef-1e5ed9708271: TaskStarted(37,3295,None)
Sending msg to client play-fork-run-f1f3601f-c146-4e12-a7ef-1e5ed9708271: TaskStarted(37,3305,Some(AttributeKey[scala.collection.Seq[sbt.Credentials]]("credentials") in Scope(Global)))
Sending msg to client play-fork-run-f1f3601f-c146-4e12-a7ef-1e5ed9708271: TaskStarted(37,3309,Some(AttributeKey[scala.Option[scala.collection.Seq[sbt.Resolver]]]("bootResolvers") in Scope(Build: file:/C:/Users/da.rodriguez15/Documents/414545/Marketplace/, , Project: ProjectReference(file:/C:/Users/da.rodriguez15/Documents/414545/Marketplace/,root))))
Sending msg to client play-fork-run-f1f3601f-c146-4e12-a7ef-1e5ed9708271: TaskStarted(37,3313,Some(AttributeKey[scala.collection.Seq[sbt.Resolver]]("externalResolvers") in Scope(Build: file:/C:/Users/da.rodriguez15/Documents/414545/Marketplace/, , Project: ProjectReference(file:/C:/Users/da.rodriguez15/Documents/414545/Marketplace/,root))))
Sending msg to client play-fork-run-f1f3601f-c146-4e12-a7ef-1e5ed9708271: TaskStarted(37,3316,None)
Sending msg to client play-fork-run-f1f3601f-c146-4e12-a7ef-1e5ed9708271: TaskStarted(37,3318,Some(AttributeKey[scala.Tuple2[java.lang.String,java.io.File]]("playPrefixAndAssets") in Scope(Build: file:/C:/Users/da.rodriguez15/Documents/414545/Marketplace/, , Project: ProjectReference(file:/C:/Users/da.rodriguez15/Documents/414545/Marketplace/,root))))
Sending msg to client play-fork-run-f1f3601f-c146-4e12-a7ef-1e5ed9708271: TaskStarted(37,3320,None)
Sending msg to client play-fork-run-f1f3601f-c146-4e12-a7ef-1e5ed9708271: TaskStarted(37,3330,None)
Sending msg to client play-fork-run-f1f3601f-c146-4e12-a7ef-1e5ed9708271: TaskStarted(37,3335,Some(AttributeKey[scala.Option[java.lang.String]]("mainClass") in Scope(Build: file:/C:/Users/da.rodriguez15/Documents/414545/Marketplace/, , Project: ProjectReference(file:/C:/Users/da.rodriguez15/Documents/414545/Marketplace/,root), Config: compile, Task: AttributeKey[void]("run"))))
Sending msg to client play-fork-run-f1f3601f-c146-4e12-a7ef-1e5ed9708271: TaskStarted(37,3337,None)
Sending msg to client play-fork-run-f1f3601f-c146-4e12-a7ef-1e5ed9708271: TaskStarted(37,3338,Some(AttributeKey[scala.collection.Seq[java.lang.String]]("javaOptions") in Scope(Global)))
Sending msg to client play-fork-run-f1f3601f-c146-4e12-a7ef-1e5ed9708271: TaskFinished(37,3285,None,true,None)
Sending msg to client play-fork-run-f1f3601f-c146-4e12-a7ef-1e5ed9708271: TaskFinished(37,3287,None,true,None)
Sending msg to client play-fork-run-f1f3601f-c146-4e12-a7ef-1e5ed9708271: TaskFinished(37,3289,Some(AttributeKey[boolean]("skip") in Scope(Global)),true,None)
Sending msg to client play-fork-run-f1f3601f-c146-4e12-a7ef-1e5ed9708271: TaskFinished(37,3288,None,true,None)
Sending msg to client play-fork-run-f1f3601f-c146-4e12-a7ef-1e5ed9708271: TaskStarted(37,3286,Some(AttributeKey[scala.collection.Seq[sbt.UpdateReport]]("transitiveUpdate") in Scope(Build: file:/C:/Users/da.rodriguez15/Documents/414545/Marketplace/, , Project: ProjectReference(file:/C:/Users/da.rodriguez15/Documents/414545/Marketplace/,root))))
Sending msg to client play-fork-run-f1f3601f-c146-4e12-a7ef-1e5ed9708271: TaskFinished(37,3294,Some(AttributeKey[java.lang.String]("updateCacheName") in Scope(Build: file:/C:/Users/da.rodriguez15/Documents/414545/Marketplace/, , Project: ProjectReference(file:/C:/Users/da.rodriguez15/Documents/414545/Marketplace/,root))),true,None)
Sending msg to client play-fork-run-f1f3601f-c146-4e12-a7ef-1e5ed9708271: TaskFinished(37,3293,None,true,None)
Sending msg to client play-fork-run-f1f3601f-c146-4e12-a7ef-1e5ed9708271: TaskStarted(37,3292,None)
Sending msg to client play-fork-run-f1f3601f-c146-4e12-a7ef-1e5ed9708271: TaskStarted(37,3297,None)
Sending msg to client play-fork-run-f1f3601f-c146-4e12-a7ef-1e5ed9708271: TaskStarted(37,3307,None)
Sending msg to client play-fork-run-f1f3601f-c146-4e12-a7ef-1e5ed9708271: TaskStarted(37,3312,None)
Sending msg to client play-fork-run-f1f3601f-c146-4e12-a7ef-1e5ed9708271: TaskStarted(37,3314,None)
Sending msg to client play-fork-run-f1f3601f-c146-4e12-a7ef-1e5ed9708271: TaskStarted(37,3322,None)
Sending msg to client play-fork-run-f1f3601f-c146-4e12-a7ef-1e5ed9708271: TaskStarted(37,3325,None)
Sending msg to client play-fork-run-f1f3601f-c146-4e12-a7ef-1e5ed9708271: TaskStarted(37,3333,None)
Sending msg to client play-fork-run-f1f3601f-c146-4e12-a7ef-1e5ed9708271: TaskFinished(37,3305,Some(AttributeKey[scala.collection.Seq[sbt.Credentials]]("credentials") in Scope(Global)),true,None)
Sending msg to client play-fork-run-f1f3601f-c146-4e12-a7ef-1e5ed9708271: TaskFinished(37,3309,Some(AttributeKey[scala.Option[scala.collection.Seq[sbt.Resolver]]]("bootResolvers") in Scope(Build: file:/C:/Users/da.rodriguez15/Documents/414545/Marketplace/, , Project: ProjectReference(file:/C:/Users/da.rodriguez15/Documents/414545/Marketplace/,root))),true,None)
Sending msg to client play-fork-run-f1f3601f-c146-4e12-a7ef-1e5ed9708271: TaskFinished(37,3313,Some(AttributeKey[scala.collection.Seq[sbt.Resolver]]("externalResolvers") in Scope(Build: file:/C:/Users/da.rodriguez15/Documents/414545/Marketplace/, , Project: ProjectReference(file:/C:/Users/da.rodriguez15/Documents/414545/Marketplace/,root))),true,None)
Sending msg to client play-fork-run-f1f3601f-c146-4e12-a7ef-1e5ed9708271: TaskFinished(37,3316,None,true,None)
Sending msg to client play-fork-run-f1f3601f-c146-4e12-a7ef-1e5ed9708271: TaskFinished(37,3318,Some(AttributeKey[scala.Tuple2[java.lang.String,java.io.File]]("playPrefixAndAssets") in Scope(Build: file:/C:/Users/da.rodriguez15/Documents/414545/Marketplace/, , Project: ProjectReference(file:/C:/Users/da.rodriguez15/Documents/414545/Marketplace/,root))),true,None)
Sending msg to client play-fork-run-f1f3601f-c146-4e12-a7ef-1e5ed9708271: TaskStarted(37,3317,Some(AttributeKey[scala.collection.Seq[scala.Tuple2[java.lang.String,java.io.File]]]("playAllAssets") in Scope(Build: file:/C:/Users/da.rodriguez15/Documents/414545/Marketplace/, , Project: ProjectReference(file:/C:/Users/da.rodriguez15/Documents/414545/Marketplace/,root))))
Sending msg to client play-fork-run-f1f3601f-c146-4e12-a7ef-1e5ed9708271: TaskFinished(37,3320,None,true,None)
Sending msg to client play-fork-run-f1f3601f-c146-4e12-a7ef-1e5ed9708271: TaskFinished(37,3330,None,true,None)
Sending msg to client play-fork-run-f1f3601f-c146-4e12-a7ef-1e5ed9708271: TaskFinished(37,3335,Some(AttributeKey[scala.Option[java.lang.String]]("mainClass") in Scope(Build: file:/C:/Users/da.rodriguez15/Documents/414545/Marketplace/, , Project: ProjectReference(file:/C:/Users/da.rodriguez15/Documents/414545/Marketplace/,root), Config: compile, Task: AttributeKey[void]("run"))),true,None)
Sending msg to client play-fork-run-f1f3601f-c146-4e12-a7ef-1e5ed9708271: TaskFinished(37,3337,None,true,None)
Sending msg to client play-fork-run-f1f3601f-c146-4e12-a7ef-1e5ed9708271: TaskFinished(37,3338,Some(AttributeKey[scala.collection.Seq[java.lang.String]]("javaOptions") in Scope(Global)),true,None)
Sending msg to client play-fork-run-f1f3601f-c146-4e12-a7ef-1e5ed9708271: TaskStarted(37,3336,Some(AttributeKey[scala.collection.Seq[java.lang.String]]("javaOptions") in Scope(Build: file:/C:/Users/da.rodriguez15/Documents/414545/Marketplace/, )))
Sending msg to client play-fork-run-f1f3601f-c146-4e12-a7ef-1e5ed9708271: TaskFinished(37,3286,Some(AttributeKey[scala.collection.Seq[sbt.UpdateReport]]("transitiveUpdate") in Scope(Build: file:/C:/Users/da.rodriguez15/Documents/414545/Marketplace/, , Project: ProjectReference(file:/C:/Users/da.rodriguez15/Documents/414545/Marketplace/,root))),true,None)
Sending msg to client play-fork-run-f1f3601f-c146-4e12-a7ef-1e5ed9708271: TaskFinished(37,3292,None,true,None)
Sending msg to client play-fork-run-f1f3601f-c146-4e12-a7ef-1e5ed9708271: TaskFinished(37,3297,None,true,None)
Sending msg to client play-fork-run-f1f3601f-c146-4e12-a7ef-1e5ed9708271: TaskFinished(37,3295,None,true,None)
Sending msg to client play-fork-run-f1f3601f-c146-4e12-a7ef-1e5ed9708271: TaskStarted(37,3291,Some(AttributeKey[scala.collection.immutable.Map[sbt.ModuleID,sbt.SourcePosition]]("dependencyPositions") in Scope(Build: file:/C:/Users/da.rodriguez15/Documents/414545/Marketplace/, , Project: ProjectReference(file:/C:/Users/da.rodriguez15/Documents/414545/Marketplace/,root))))
Sending msg to client play-fork-run-f1f3601f-c146-4e12-a7ef-1e5ed9708271: TaskStarted(37,3296,Some(AttributeKey[java.io.File]("dependencyCacheDirectory") in Scope(Build: file:/C:/Users/da.rodriguez15/Documents/414545/Marketplace/, , Project: ProjectReference(file:/C:/Users/da.rodriguez15/Documents/414545/Marketplace/,root))))
Sending msg to client play-fork-run-f1f3601f-c146-4e12-a7ef-1e5ed9708271: TaskStarted(37,3303,Some(AttributeKey[sbt.BuildStructure]("buildStructure") in Scope(Global)))
Sending msg to client play-fork-run-f1f3601f-c146-4e12-a7ef-1e5ed9708271: TaskFinished(37,3307,None,true,None)
Sending msg to client play-fork-run-f1f3601f-c146-4e12-a7ef-1e5ed9708271: TaskFinished(37,3312,None,true,None)
Sending msg to client play-fork-run-f1f3601f-c146-4e12-a7ef-1e5ed9708271: TaskFinished(37,3322,None,true,None)
Sending msg to client play-fork-run-f1f3601f-c146-4e12-a7ef-1e5ed9708271: TaskFinished(37,3325,None,true,None)
Sending msg to client play-fork-run-f1f3601f-c146-4e12-a7ef-1e5ed9708271: TaskFinished(37,3333,None,true,None)
Sending msg to client play-fork-run-f1f3601f-c146-4e12-a7ef-1e5ed9708271: TaskFinished(37,3317,Some(AttributeKey[scala.collection.Seq[scala.Tuple2[java.lang.String,java.io.File]]]("playAllAssets") in Scope(Build: file:/C:/Users/da.rodriguez15/Documents/414545/Marketplace/, , Project: ProjectReference(file:/C:/Users/da.rodriguez15/Documents/414545/Marketplace/,root))),true,None)
Sending msg to client play-fork-run-f1f3601f-c146-4e12-a7ef-1e5ed9708271: TaskFinished(37,3336,Some(AttributeKey[scala.collection.Seq[java.lang.String]]("javaOptions") in Scope(Build: file:/C:/Users/da.rodriguez15/Documents/414545/Marketplace/, )),true,None)
Sending msg to client play-fork-run-f1f3601f-c146-4e12-a7ef-1e5ed9708271: TaskFinished(37,3314,None,true,None)
Sending msg to client play-fork-run-f1f3601f-c146-4e12-a7ef-1e5ed9708271: TaskFinished(37,3291,Some(AttributeKey[scala.collection.immutable.Map[sbt.ModuleID,sbt.SourcePosition]]("dependencyPositions") in Scope(Build: file:/C:/Users/da.rodriguez15/Documents/414545/Marketplace/, , Project: ProjectReference(file:/C:/Users/da.rodriguez15/Documents/414545/Marketplace/,root))),true,None)
Sending msg to client play-fork-run-f1f3601f-c146-4e12-a7ef-1e5ed9708271: TaskStarted(37,3290,Some(AttributeKey[sbt.UnresolvedWarningConfiguration]("unresolvedWarningConfiguration") in Scope(Build: file:/C:/Users/da.rodriguez15/Documents/414545/Marketplace/, , Project: ProjectReference(file:/C:/Users/da.rodriguez15/Documents/414545/Marketplace/,root), Task: AttributeKey[sbt.UpdateReport]("update"))))
Sending msg to client play-fork-run-f1f3601f-c146-4e12-a7ef-1e5ed9708271: TaskFinished(37,3303,Some(AttributeKey[sbt.BuildStructure]("buildStructure") in Scope(Global)),true,None)
Sending msg to client play-fork-run-f1f3601f-c146-4e12-a7ef-1e5ed9708271: TaskStarted(37,3302,Some(AttributeKey[sbt.Settings[sbt.Scope]]("settingsData") in Scope(Global)))
Sending msg to client play-fork-run-f1f3601f-c146-4e12-a7ef-1e5ed9708271: TaskFinished(37,3296,Some(AttributeKey[java.io.File]("dependencyCacheDirectory") in Scope(Build: file:/C:/Users/da.rodriguez15/Documents/414545/Marketplace/, , Project: ProjectReference(file:/C:/Users/da.rodriguez15/Documents/414545/Marketplace/,root))),true,None)
Sending msg to client play-fork-run-f1f3601f-c146-4e12-a7ef-1e5ed9708271: TaskFinished(37,3290,Some(AttributeKey[sbt.UnresolvedWarningConfiguration]("unresolvedWarningConfiguration") in Scope(Build: file:/C:/Users/da.rodriguez15/Documents/414545/Marketplace/, , Project: ProjectReference(file:/C:/Users/da.rodriguez15/Documents/414545/Marketplace/,root), Task: AttributeKey[sbt.UpdateReport]("update"))),true,None)
Sending msg to client play-fork-run-f1f3601f-c146-4e12-a7ef-1e5ed9708271: TaskFinished(37,3302,Some(AttributeKey[sbt.Settings[sbt.Scope]]("settingsData") in Scope(Global)),true,None)
Sending msg to client play-fork-run-f1f3601f-c146-4e12-a7ef-1e5ed9708271: TaskStarted(37,3301,Some(AttributeKey[scala.collection.Seq[sbt.ModuleID]]("projectDependencies") in Scope(Build: file:/C:/Users/da.rodriguez15/Documents/414545/Marketplace/, , Project: ProjectReference(file:/C:/Users/da.rodriguez15/Documents/414545/Marketplace/,root))))
Sending msg to client play-fork-run-f1f3601f-c146-4e12-a7ef-1e5ed9708271: TaskStarted(37,3311,Some(AttributeKey[scala.collection.immutable.Map[org.apache.ivy.core.module.id.ModuleRevisionId,org.apache.ivy.core.module.descriptor.ModuleDescriptor]]("projectDescriptors") in Scope(Build: file:/C:/Users/da.rodriguez15/Documents/414545/Marketplace/, , Project: ProjectReference(file:/C:/Users/da.rodriguez15/Documents/414545/Marketplace/,root))))
Sending msg to client play-fork-run-f1f3601f-c146-4e12-a7ef-1e5ed9708271: TaskStarted(37,3315,None)
Sending msg to client play-fork-run-f1f3601f-c146-4e12-a7ef-1e5ed9708271: TaskStarted(37,3319,Some(AttributeKey[scala.collection.Seq[java.io.File]]("playMonitoredFiles") in Scope(Build: file:/C:/Users/da.rodriguez15/Documents/414545/Marketplace/, , Project: ProjectReference(file:/C:/Users/da.rodriguez15/Documents/414545/Marketplace/,root))))
Sending msg to client play-fork-run-f1f3601f-c146-4e12-a7ef-1e5ed9708271: TaskStarted(37,3332,None)
Sending msg to client play-fork-run-f1f3601f-c146-4e12-a7ef-1e5ed9708271: TaskFinished(37,3301,Some(AttributeKey[scala.collection.Seq[sbt.ModuleID]]("projectDependencies") in Scope(Build: file:/C:/Users/da.rodriguez15/Documents/414545/Marketplace/, , Project: ProjectReference(file:/C:/Users/da.rodriguez15/Documents/414545/Marketplace/,root))),true,None)
Sending msg to client play-fork-run-f1f3601f-c146-4e12-a7ef-1e5ed9708271: TaskStarted(37,3300,Some(AttributeKey[scala.collection.Seq[sbt.ModuleID]]("allDependencies") in Scope(Build: file:/C:/Users/da.rodriguez15/Documents/414545/Marketplace/, , Project: ProjectReference(file:/C:/Users/da.rodriguez15/Documents/414545/Marketplace/,root))))
Sending msg to client play-fork-run-f1f3601f-c146-4e12-a7ef-1e5ed9708271: TaskStarted(37,3340,None)
Sending msg to client play-fork-run-f1f3601f-c146-4e12-a7ef-1e5ed9708271: TaskStarted(37,3341,None)
Sending msg to client play-fork-run-f1f3601f-c146-4e12-a7ef-1e5ed9708271: TaskStarted(37,3345,None)
Sending msg to client play-fork-run-f1f3601f-c146-4e12-a7ef-1e5ed9708271: TaskStarted(37,3346,None)
Sending msg to client play-fork-run-f1f3601f-c146-4e12-a7ef-1e5ed9708271: TaskStarted(37,3349,None)
Sending msg to client play-fork-run-f1f3601f-c146-4e12-a7ef-1e5ed9708271: TaskStarted(37,3351,None)
Sending msg to client play-fork-run-f1f3601f-c146-4e12-a7ef-1e5ed9708271: TaskStarted(37,3352,None)
Sending msg to client play-fork-run-f1f3601f-c146-4e12-a7ef-1e5ed9708271: TaskFinished(37,3300,Some(AttributeKey[scala.collection.Seq[sbt.ModuleID]]("allDependencies") in Scope(Build: file:/C:/Users/da.rodriguez15/Documents/414545/Marketplace/, , Project: ProjectReference(file:/C:/Users/da.rodriguez15/Documents/414545/Marketplace/,root))),true,None)
Sending msg to client play-fork-run-f1f3601f-c146-4e12-a7ef-1e5ed9708271: TaskStarted(37,3299,Some(AttributeKey[sbt.ModuleSettings]("moduleSettings") in Scope(Build: file:/C:/Users/da.rodriguez15/Documents/414545/Marketplace/, , Project: ProjectReference(file:/C:/Users/da.rodriguez15/Documents/414545/Marketplace/,root))))
Sending msg to client play-fork-run-f1f3601f-c146-4e12-a7ef-1e5ed9708271: TaskStarted(37,3353,None)
Sending msg to client play-fork-run-f1f3601f-c146-4e12-a7ef-1e5ed9708271: TaskFinished(37,3341,None,true,None)
Sending msg to client play-fork-run-f1f3601f-c146-4e12-a7ef-1e5ed9708271: TaskFinished(37,3315,None,true,None)
Sending msg to client play-fork-run-f1f3601f-c146-4e12-a7ef-1e5ed9708271: TaskFinished(37,3345,None,true,None)
Sending msg to client play-fork-run-f1f3601f-c146-4e12-a7ef-1e5ed9708271: TaskFinished(37,3346,None,true,None)
Sending msg to client play-fork-run-f1f3601f-c146-4e12-a7ef-1e5ed9708271: TaskStarted(37,3344,Some(AttributeKey[scala.collection.Seq[sbt.Attributed[java.io.File]]]("unmanagedJars") in Scope(Build: file:/C:/Users/da.rodriguez15/Documents/414545/Marketplace/, , Project: ProjectReference(file:/C:/Users/da.rodriguez15/Documents/414545/Marketplace/,root), Config: runtime)))
Sending msg to client play-fork-run-f1f3601f-c146-4e12-a7ef-1e5ed9708271: TaskFinished(37,3349,None,true,None)
Sending msg to client play-fork-run-f1f3601f-c146-4e12-a7ef-1e5ed9708271: TaskStarted(37,3348,None)
Sending msg to client play-fork-run-f1f3601f-c146-4e12-a7ef-1e5ed9708271: TaskFinished(37,3351,None,true,None)
Sending msg to client play-fork-run-f1f3601f-c146-4e12-a7ef-1e5ed9708271: TaskFinished(37,3352,None,true,None)
Sending msg to client play-fork-run-f1f3601f-c146-4e12-a7ef-1e5ed9708271: TaskStarted(37,3350,Some(AttributeKey[scala.collection.Seq[sbt.Attributed[java.io.File]]]("unmanagedJars") in Scope(Build: file:/C:/Users/da.rodriguez15/Documents/414545/Marketplace/, , Project: ProjectReference(file:/C:/Users/da.rodriguez15/Documents/414545/Marketplace/,root), Config: compile)))
Sending msg to client play-fork-run-f1f3601f-c146-4e12-a7ef-1e5ed9708271: TaskFinished(37,3299,Some(AttributeKey[sbt.ModuleSettings]("moduleSettings") in Scope(Build: file:/C:/Users/da.rodriguez15/Documents/414545/Marketplace/, , Project: ProjectReference(file:/C:/Users/da.rodriguez15/Documents/414545/Marketplace/,root))),true,None)
Sending msg to client play-fork-run-f1f3601f-c146-4e12-a7ef-1e5ed9708271: TaskFinished(37,3353,None,true,None)
Sending msg to client play-fork-run-f1f3601f-c146-4e12-a7ef-1e5ed9708271: TaskFinished(37,3319,Some(AttributeKey[scala.collection.Seq[java.io.File]]("playMonitoredFiles") in Scope(Build: file:/C:/Users/da.rodriguez15/Documents/414545/Marketplace/, , Project: ProjectReference(file:/C:/Users/da.rodriguez15/Documents/414545/Marketplace/,root))),true,None)
Sending msg to client play-fork-run-f1f3601f-c146-4e12-a7ef-1e5ed9708271: TaskFinished(37,3344,Some(AttributeKey[scala.collection.Seq[sbt.Attributed[java.io.File]]]("unmanagedJars") in Scope(Build: file:/C:/Users/da.rodriguez15/Documents/414545/Marketplace/, , Project: ProjectReference(file:/C:/Users/da.rodriguez15/Documents/414545/Marketplace/,root), Config: runtime)),true,None)
Sending msg to client play-fork-run-f1f3601f-c146-4e12-a7ef-1e5ed9708271: TaskStarted(37,3354,None)
Sending msg to client play-fork-run-f1f3601f-c146-4e12-a7ef-1e5ed9708271: TaskFinished(37,3350,Some(AttributeKey[scala.collection.Seq[sbt.Attributed[java.io.File]]]("unmanagedJars") in Scope(Build: file:/C:/Users/da.rodriguez15/Documents/414545/Marketplace/, , Project: ProjectReference(file:/C:/Users/da.rodriguez15/Documents/414545/Marketplace/,root), Config: compile)),true,None)
Sending msg to client play-fork-run-f1f3601f-c146-4e12-a7ef-1e5ed9708271: TaskFinished(37,3354,None,true,None)
Sending msg to client play-fork-run-f1f3601f-c146-4e12-a7ef-1e5ed9708271: TaskFinished(37,3348,None,true,None)
Sending msg to client play-fork-run-f1f3601f-c146-4e12-a7ef-1e5ed9708271: TaskStarted(37,3347,Some(AttributeKey[scala.collection.Seq[sbt.Attributed[java.io.File]]]("unmanagedJars") in Scope(Build: file:/C:/Users/da.rodriguez15/Documents/414545/Marketplace/, , Project: ProjectReference(file:/C:/Users/da.rodriguez15/Documents/414545/Marketplace/,root), Config: compile)))
Sending msg to client play-fork-run-f1f3601f-c146-4e12-a7ef-1e5ed9708271: TaskFinished(37,3347,Some(AttributeKey[scala.collection.Seq[sbt.Attributed[java.io.File]]]("unmanagedJars") in Scope(Build: file:/C:/Users/da.rodriguez15/Documents/414545/Marketplace/, , Project: ProjectReference(file:/C:/Users/da.rodriguez15/Documents/414545/Marketplace/,root), Config: compile)),true,None)
Sending msg to client play-fork-run-f1f3601f-c146-4e12-a7ef-1e5ed9708271: TaskStarted(37,3343,None)
Sending msg to client play-fork-run-f1f3601f-c146-4e12-a7ef-1e5ed9708271: TaskFinished(37,3340,None,true,None)
Sending msg to client play-fork-run-f1f3601f-c146-4e12-a7ef-1e5ed9708271: TaskStarted(37,3339,None)
Sending msg to client play-fork-run-f1f3601f-c146-4e12-a7ef-1e5ed9708271: TaskFinished(37,3343,None,true,None)
Sending msg to client play-fork-run-f1f3601f-c146-4e12-a7ef-1e5ed9708271: TaskStarted(37,3342,None)
Sending msg to client play-fork-run-f1f3601f-c146-4e12-a7ef-1e5ed9708271: TaskFinished(37,3339,None,true,None)
Sending msg to client play-fork-run-f1f3601f-c146-4e12-a7ef-1e5ed9708271: TaskFinished(37,3311,Some(AttributeKey[scala.collection.immutable.Map[org.apache.ivy.core.module.id.ModuleRevisionId,org.apache.ivy.core.module.descriptor.ModuleDescriptor]]("projectDescriptors") in Scope(Build: file:/C:/Users/da.rodriguez15/Documents/414545/Marketplace/, , Project: ProjectReference(file:/C:/Users/da.rodriguez15/Documents/414545/Marketplace/,root))),true,None)
Sending msg to client play-fork-run-f1f3601f-c146-4e12-a7ef-1e5ed9708271: TaskStarted(37,3310,Some(AttributeKey[sbt.Resolver]("projectResolver") in Scope(Build: file:/C:/Users/da.rodriguez15/Documents/414545/Marketplace/, , Project: ProjectReference(file:/C:/Users/da.rodriguez15/Documents/414545/Marketplace/,root))))
Sending msg to client play-fork-run-f1f3601f-c146-4e12-a7ef-1e5ed9708271: TaskFinished(37,3342,None,true,None)
Sending msg to client play-fork-run-f1f3601f-c146-4e12-a7ef-1e5ed9708271: TaskFinished(37,3332,None,true,None)
Sending msg to client play-fork-run-f1f3601f-c146-4e12-a7ef-1e5ed9708271: TaskStarted(37,3331,Some(AttributeKey[scala.collection.Seq[sbt.Attributed[java.io.File]]]("unmanagedClasspath") in Scope(Build: file:/C:/Users/da.rodriguez15/Documents/414545/Marketplace/, , Project: ProjectReference(file:/C:/Users/da.rodriguez15/Documents/414545/Marketplace/,root), Config: runtime)))
Sending msg to client play-fork-run-f1f3601f-c146-4e12-a7ef-1e5ed9708271: TaskFinished(37,3310,Some(AttributeKey[sbt.Resolver]("projectResolver") in Scope(Build: file:/C:/Users/da.rodriguez15/Documents/414545/Marketplace/, , Project: ProjectReference(file:/C:/Users/da.rodriguez15/Documents/414545/Marketplace/,root))),true,None)
Sending msg to client play-fork-run-f1f3601f-c146-4e12-a7ef-1e5ed9708271: TaskStarted(37,3308,Some(AttributeKey[scala.collection.Seq[sbt.Resolver]]("fullResolvers") in Scope(Build: file:/C:/Users/da.rodriguez15/Documents/414545/Marketplace/, , Project: ProjectReference(file:/C:/Users/da.rodriguez15/Documents/414545/Marketplace/,root))))
Sending msg to client play-fork-run-f1f3601f-c146-4e12-a7ef-1e5ed9708271: TaskFinished(37,3331,Some(AttributeKey[scala.collection.Seq[sbt.Attributed[java.io.File]]]("unmanagedClasspath") in Scope(Build: file:/C:/Users/da.rodriguez15/Documents/414545/Marketplace/, , Project: ProjectReference(file:/C:/Users/da.rodriguez15/Documents/414545/Marketplace/,root), Config: runtime)),true,None)
Sending msg to client play-fork-run-f1f3601f-c146-4e12-a7ef-1e5ed9708271: TaskFinished(37,3308,Some(AttributeKey[scala.collection.Seq[sbt.Resolver]]("fullResolvers") in Scope(Build: file:/C:/Users/da.rodriguez15/Documents/414545/Marketplace/, , Project: ProjectReference(file:/C:/Users/da.rodriguez15/Documents/414545/Marketplace/,root))),true,None)
Sending msg to client play-fork-run-f1f3601f-c146-4e12-a7ef-1e5ed9708271: TaskStarted(37,3306,Some(AttributeKey[sbt.IvyConfiguration]("ivyConfiguration") in Scope(Build: file:/C:/Users/da.rodriguez15/Documents/414545/Marketplace/, , Project: ProjectReference(file:/C:/Users/da.rodriguez15/Documents/414545/Marketplace/,root))))
Sending msg to client play-fork-run-f1f3601f-c146-4e12-a7ef-1e5ed9708271: TaskFinished(37,3306,Some(AttributeKey[sbt.IvyConfiguration]("ivyConfiguration") in Scope(Build: file:/C:/Users/da.rodriguez15/Documents/414545/Marketplace/, , Project: ProjectReference(file:/C:/Users/da.rodriguez15/Documents/414545/Marketplace/,root))),true,None)
Sending msg to client play-fork-run-f1f3601f-c146-4e12-a7ef-1e5ed9708271: TaskStarted(37,3304,Some(AttributeKey[sbt.IvySbt]("ivySbt") in Scope(Build: file:/C:/Users/da.rodriguez15/Documents/414545/Marketplace/, , Project: ProjectReference(file:/C:/Users/da.rodriguez15/Documents/414545/Marketplace/,root))))
Sending msg to client play-fork-run-f1f3601f-c146-4e12-a7ef-1e5ed9708271: TaskFinished(37,3304,Some(AttributeKey[sbt.IvySbt]("ivySbt") in Scope(Build: file:/C:/Users/da.rodriguez15/Documents/414545/Marketplace/, , Project: ProjectReference(file:/C:/Users/da.rodriguez15/Documents/414545/Marketplace/,root))),true,None)
Sending msg to client play-fork-run-f1f3601f-c146-4e12-a7ef-1e5ed9708271: TaskStarted(37,3298,Some(AttributeKey[sbt.IvySbt$Module]("ivyModule") in Scope(Build: file:/C:/Users/da.rodriguez15/Documents/414545/Marketplace/, , Project: ProjectReference(file:/C:/Users/da.rodriguez15/Documents/414545/Marketplace/,root))))
Sending msg to client play-fork-run-f1f3601f-c146-4e12-a7ef-1e5ed9708271: TaskFinished(37,3298,Some(AttributeKey[sbt.IvySbt$Module]("ivyModule") in Scope(Build: file:/C:/Users/da.rodriguez15/Documents/414545/Marketplace/, , Project: ProjectReference(file:/C:/Users/da.rodriguez15/Documents/414545/Marketplace/,root))),true,None)
Sending msg to client play-fork-run-f1f3601f-c146-4e12-a7ef-1e5ed9708271: TaskStarted(37,3284,Some(AttributeKey[sbt.UpdateReport]("update") in Scope(Build: file:/C:/Users/da.rodriguez15/Documents/414545/Marketplace/, , Project: ProjectReference(file:/C:/Users/da.rodriguez15/Documents/414545/Marketplace/,root))))
Sending msg to client play-fork-run-f1f3601f-c146-4e12-a7ef-1e5ed9708271: TaskFinished(37,3284,Some(AttributeKey[sbt.UpdateReport]("update") in Scope(Build: file:/C:/Users/da.rodriguez15/Documents/414545/Marketplace/, , Project: ProjectReference(file:/C:/Users/da.rodriguez15/Documents/414545/Marketplace/,root))),true,None)
Sending msg to client play-fork-run-f1f3601f-c146-4e12-a7ef-1e5ed9708271: TaskStarted(37,3283,Some(AttributeKey[sbt.UpdateReport]("update") in Scope(Build: file:/C:/Users/da.rodriguez15/Documents/414545/Marketplace/, , Project: ProjectReference(file:/C:/Users/da.rodriguez15/Documents/414545/Marketplace/,root))))
Sending msg to client play-fork-run-f1f3601f-c146-4e12-a7ef-1e5ed9708271: TaskFinished(37,3283,Some(AttributeKey[sbt.UpdateReport]("update") in Scope(Build: file:/C:/Users/da.rodriguez15/Documents/414545/Marketplace/, , Project: ProjectReference(file:/C:/Users/da.rodriguez15/Documents/414545/Marketplace/,root))),true,None)
Sending msg to client play-fork-run-f1f3601f-c146-4e12-a7ef-1e5ed9708271: TaskStarted(37,3282,Some(AttributeKey[scala.collection.Seq[sbt.Attributed[java.io.File]]]("managedClasspath") in Scope(Build: file:/C:/Users/da.rodriguez15/Documents/414545/Marketplace/, , Project: ProjectReference(file:/C:/Users/da.rodriguez15/Documents/414545/Marketplace/,root), Config: docs)))
Sending msg to client play-fork-run-f1f3601f-c146-4e12-a7ef-1e5ed9708271: TaskStarted(37,3329,Some(AttributeKey[sbt.Configuration]("classpathConfiguration") in Scope(Build: file:/C:/Users/da.rodriguez15/Documents/414545/Marketplace/, , Project: ProjectReference(file:/C:/Users/da.rodriguez15/Documents/414545/Marketplace/,root), Config: compile)))
Sending msg to client play-fork-run-f1f3601f-c146-4e12-a7ef-1e5ed9708271: TaskFinished(37,3282,Some(AttributeKey[scala.collection.Seq[sbt.Attributed[java.io.File]]]("managedClasspath") in Scope(Build: file:/C:/Users/da.rodriguez15/Documents/414545/Marketplace/, , Project: ProjectReference(file:/C:/Users/da.rodriguez15/Documents/414545/Marketplace/,root), Config: docs)),true,None)
Sending msg to client play-fork-run-f1f3601f-c146-4e12-a7ef-1e5ed9708271: TaskStarted(37,3334,Some(AttributeKey[scala.Option[java.io.File]]("playDocsJar") in Scope(Build: file:/C:/Users/da.rodriguez15/Documents/414545/Marketplace/, , Project: ProjectReference(file:/C:/Users/da.rodriguez15/Documents/414545/Marketplace/,root))))
Sending msg to client play-fork-run-f1f3601f-c146-4e12-a7ef-1e5ed9708271: TaskFinished(37,3329,Some(AttributeKey[sbt.Configuration]("classpathConfiguration") in Scope(Build: file:/C:/Users/da.rodriguez15/Documents/414545/Marketplace/, , Project: ProjectReference(file:/C:/Users/da.rodriguez15/Documents/414545/Marketplace/,root), Config: compile)),true,None)
Sending msg to client play-fork-run-f1f3601f-c146-4e12-a7ef-1e5ed9708271: TaskStarted(37,3328,None)
Sending msg to client play-fork-run-f1f3601f-c146-4e12-a7ef-1e5ed9708271: TaskFinished(37,3334,Some(AttributeKey[scala.Option[java.io.File]]("playDocsJar") in Scope(Build: file:/C:/Users/da.rodriguez15/Documents/414545/Marketplace/, , Project: ProjectReference(file:/C:/Users/da.rodriguez15/Documents/414545/Marketplace/,root))),true,None)
Sending msg to client play-fork-run-f1f3601f-c146-4e12-a7ef-1e5ed9708271: TaskFinished(37,3328,None,true,None)
Sending msg to client play-fork-run-f1f3601f-c146-4e12-a7ef-1e5ed9708271: TaskStarted(37,3327,Some(AttributeKey[sbt.Configuration]("classpathConfiguration") in Scope(Build: file:/C:/Users/da.rodriguez15/Documents/414545/Marketplace/, , Project: ProjectReference(file:/C:/Users/da.rodriguez15/Documents/414545/Marketplace/,root), Config: runtime)))
Sending msg to client play-fork-run-f1f3601f-c146-4e12-a7ef-1e5ed9708271: TaskFinished(37,3327,Some(AttributeKey[sbt.Configuration]("classpathConfiguration") in Scope(Build: file:/C:/Users/da.rodriguez15/Documents/414545/Marketplace/, , Project: ProjectReference(file:/C:/Users/da.rodriguez15/Documents/414545/Marketplace/,root), Config: runtime)),true,None)
Sending msg to client play-fork-run-f1f3601f-c146-4e12-a7ef-1e5ed9708271: TaskStarted(37,3326,None)
Sending msg to client play-fork-run-f1f3601f-c146-4e12-a7ef-1e5ed9708271: TaskFinished(37,3326,None,true,None)
Sending msg to client play-fork-run-f1f3601f-c146-4e12-a7ef-1e5ed9708271: TaskStarted(37,3324,Some(AttributeKey[scala.collection.Seq[sbt.Attributed[java.io.File]]]("managedClasspath") in Scope(Build: file:/C:/Users/da.rodriguez15/Documents/414545/Marketplace/, , Project: ProjectReference(file:/C:/Users/da.rodriguez15/Documents/414545/Marketplace/,root), Config: runtime)))
Sending msg to client play-fork-run-f1f3601f-c146-4e12-a7ef-1e5ed9708271: TaskFinished(37,3324,Some(AttributeKey[scala.collection.Seq[sbt.Attributed[java.io.File]]]("managedClasspath") in Scope(Build: file:/C:/Users/da.rodriguez15/Documents/414545/Marketplace/, , Project: ProjectReference(file:/C:/Users/da.rodriguez15/Documents/414545/Marketplace/,root), Config: runtime)),true,None)
Sending msg to client play-fork-run-f1f3601f-c146-4e12-a7ef-1e5ed9708271: TaskStarted(37,3323,None)
Sending msg to client play-fork-run-f1f3601f-c146-4e12-a7ef-1e5ed9708271: TaskFinished(37,3323,None,true,None)
Sending msg to client play-fork-run-f1f3601f-c146-4e12-a7ef-1e5ed9708271: TaskStarted(37,3321,Some(AttributeKey[scala.collection.Seq[sbt.Attributed[java.io.File]]]("playDependencyClasspath") in Scope(Build: file:/C:/Users/da.rodriguez15/Documents/414545/Marketplace/, , Project: ProjectReference(file:/C:/Users/da.rodriguez15/Documents/414545/Marketplace/,root))))
Sending msg to client play-fork-run-f1f3601f-c146-4e12-a7ef-1e5ed9708271: TaskFinished(37,3321,Some(AttributeKey[scala.collection.Seq[sbt.Attributed[java.io.File]]]("playDependencyClasspath") in Scope(Build: file:/C:/Users/da.rodriguez15/Documents/414545/Marketplace/, , Project: ProjectReference(file:/C:/Users/da.rodriguez15/Documents/414545/Marketplace/,root))),true,None)
Sending msg to client play-fork-run-f1f3601f-c146-4e12-a7ef-1e5ed9708271: TaskStarted(37,3281,Some(AttributeKey[play.forkrun.protocol.ForkConfig]("playForkConfig") in Scope(Build: file:/C:/Users/da.rodriguez15/Documents/414545/Marketplace/, , Project: ProjectReference(file:/C:/Users/da.rodriguez15/Documents/414545/Marketplace/,root))))
Sending msg to client play-fork-run-f1f3601f-c146-4e12-a7ef-1e5ed9708271: TaskFinished(37,3281,Some(AttributeKey[play.forkrun.protocol.ForkConfig]("playForkConfig") in Scope(Build: file:/C:/Users/da.rodriguez15/Documents/414545/Marketplace/, , Project: ProjectReference(file:/C:/Users/da.rodriguez15/Documents/414545/Marketplace/,root))),true,None)
Sending msg to client play-fork-run-f1f3601f-c146-4e12-a7ef-1e5ed9708271: ValueChanged(AttributeKey[play.forkrun.protocol.ForkConfig]("playForkConfig") in Scope(Build: file:/C:/Users/da.rodriguez15/Documents/414545/Marketplace/, , Project: ProjectReference(file:/C:/Users/da.rodriguez15/Documents/414545/Marketplace/,root)),TaskSuccess(BuildValue(LazyValue(ForkConfig(C:\Users\da.rodriguez15\Documents\414545\Marketplace,List(-Djna.nosys=true),List(C:\Users\da.rodriguez15\.ivy2\cache\org.scala-lang\scala-library\jars\scala-library-2.11.7.jar, C:\Users\da.rodriguez15\.ivy2\cache\com.typesafe.play\play-enhancer\jars\play-enhancer-1.1.0.jar, C:\Users\da.rodriguez15\.ivy2\cache\com.typesafe.play\twirl-api_2.11\jars\twirl-api_2.11-1.1.1.jar, C:\Users\da.rodriguez15\.ivy2\cache\org.apache.commons\commons-lang3\jars\commons-lang3-3.4.jar, C:\Users\da.rodriguez15\.ivy2\cache\org.scala-lang.modules\scala-xml_2.11\bundles\scala-xml_2.11-1.0.1.jar, C:\Users\da.rodriguez15\.ivy2\cache\com.typesafe.play\play-ebean_2.11\jars\play-ebean_2.11-1.0.0.jar, C:\Users\da.rodriguez15\.ivy2\cache\com.typesafe.play\play-java-jdbc_2.11\jars\play-java-jdbc_2.11-2.5.4.jar, C:\Users\da.rodriguez15\.ivy2\cache\com.typesafe.play\play-jdbc_2.11\jars\play-jdbc_2.11-2.5.4.jar, C:\Users\da.rodriguez15\.ivy2\cache\com.typesafe.play\play-jdbc-api_2.11\jars\play-jdbc-api_2.11-2.5.4.jar, C:\Users\da.rodriguez15\.ivy2\cache\com.typesafe.play\play_2.11\jars\play_2.11-2.5.4.jar, C:\Users\da.rodriguez15\.ivy2\cache\com.typesafe.play\build-link\jars\build-link-2.5.4.jar, C:\Users\da.rodriguez15\.ivy2\cache\com.typesafe.play\play-exceptions\jars\play-exceptions-2.5.4.jar, C:\Users\da.rodriguez15\.ivy2\cache\com.typesafe.play\play-iteratees_2.11\jars\play-iteratees_2.11-2.5.4.jar, C:\Users\da.rodriguez15\.ivy2\cache\org.scala-stm\scala-stm_2.11\jars\scala-stm_2.11-0.7.jar, C:\Users\da.rodriguez15\.ivy2\cache\com.typesafe\config\bundles\config-1.3.0.jar, C:\Users\da.rodriguez15\.ivy2\cache\ch.qos.logback\logback-classic\jars\logback-classic-1.1.7.jar, C:\Users\da.rodriguez15\.ivy2\cache\ch.qos.logback\logback-core\jars\logback-core-1.1.7.jar, C:\Users\da.rodriguez15\.ivy2\cache\com.typesafe.play\play-json_2.11\jars\play-json_2.11-2.5.4.jar, C:\Users\da.rodriguez15\.ivy2\cache\com.typesafe.play\play-functional_2.11\jars\play-functional_2.11-2.5.4.jar, C:\Users\da.rodriguez15\.ivy2\cache\com.typesafe.play\play-datacommons_2.11\jars\play-datacommons_2.11-2.5.4.jar, C:\Users\da.rodriguez15\.ivy2\cache\joda-time\joda-time\jars\joda-time-2.9.2.jar, C:\Users\da.rodriguez15\.ivy2\cache\org.joda\joda-convert\jars\joda-convert-1.8.1.jar, C:\Users\da.rodriguez15\.ivy2\cache\org.scala-lang\scala-reflect\jars\scala-reflect-2.11.7.jar, C:\Users\da.rodriguez15\.ivy2\cache\com.fasterxml.jackson.core\jackson-core\bundles\jackson-core-2.7.1.jar, C:\Users\da.rodriguez15\.ivy2\cache\com.fasterxml.jackson.core\jackson-annotations\bundles\jackson-annotations-2.7.1.jar, C:\Users\da.rodriguez15\.ivy2\cache\com.fasterxml.jackson.core\jackson-databind\bundles\jackson-databind-2.7.1.jar, C:\Users\da.rodriguez15\.ivy2\cache\com.fasterxml.jackson.datatype\jackson-datatype-jdk8\bundles\jackson-datatype-jdk8-2.7.1.jar, C:\Users\da.rodriguez15\.ivy2\cache\com.fasterxml.jackson.datatype\jackson-datatype-jsr310\bundles\jackson-datatype-jsr310-2.7.1.jar, C:\Users\da.rodriguez15\.ivy2\cache\com.typesafe.play\play-netty-utils\jars\play-netty-utils-2.5.4.jar, C:\Users\da.rodriguez15\.ivy2\cache\org.slf4j\jul-to-slf4j\jars\jul-to-slf4j-1.7.19.jar, C:\Users\da.rodriguez15\.ivy2\cache\org.slf4j\jcl-over-slf4j\jars\jcl-over-slf4j-1.7.19.jar, C:\Users\da.rodriguez15\.ivy2\cache\com.typesafe.play\play-streams_2.11\jars\play-streams_2.11-2.5.4.jar, C:\Users\da.rodriguez15\.ivy2\cache\org.reactivestreams\reactive-streams\jars\reactive-streams-1.0.0.jar, C:\Users\da.rodriguez15\.ivy2\cache\com.typesafe.akka\akka-stream_2.11\jars\akka-stream_2.11-2.4.4.jar, C:\Users\da.rodriguez15\.ivy2\cache\com.typesafe.akka\akka-actor_2.11\jars\akka-actor_2.11-2.4.4.jar, C:\Users\da.rodriguez15\.ivy2\cache\org.scala-lang.modules\scala-java8-compat_2.11\bundles\scala-java8-compat_2.11-0.7.0.jar, C:\Users\da.rodriguez15\.ivy2\cache\com.typesafe\ssl-config-akka_2.11\bundles\ssl-config-akka_2.11-0.2.1.jar, C:\Users\da.rodriguez15\.ivy2\cache\com.typesafe\ssl-config-core_2.11\bundles\ssl-config-core_2.11-0.2.1.jar, C:\Users\da.rodriguez15\.ivy2\cache\org.scala-lang.modules\scala-parser-combinators_2.11\bundles\scala-parser-combinators_2.11-1.0.4.jar, C:\Users\da.rodriguez15\.ivy2\cache\com.typesafe.akka\akka-slf4j_2.11\jars\akka-slf4j_2.11-2.4.4.jar, C:\Users\da.rodriguez15\.ivy2\cache\commons-codec\commons-codec\jars\commons-codec-1.10.jar, C:\Users\da.rodriguez15\.ivy2\cache\xerces\xercesImpl\jars\xercesImpl-2.11.0.jar, C:\Users\da.rodriguez15\.ivy2\cache\xml-apis\xml-apis\jars\xml-apis-1.4.01.jar, C:\Users\da.rodriguez15\.ivy2\cache\javax.transaction\jta\jars\jta-1.1.jar, C:\Users\da.rodriguez15\.ivy2\cache\com.google.inject\guice\jars\guice-4.0.jar, C:\Users\da.rodriguez15\.ivy2\cache\javax.inject\javax.inject\jars\javax.inject-1.jar, C:\Users\da.rodriguez15\.ivy2\cache\aopalliance\aopalliance\jars\aopalliance-1.0.jar, C:\Users\da.rodriguez15\.ivy2\cache\com.google.inject.extensions\guice-assistedinject\jars\guice-assistedinject-4.0.jar, C:\Users\da.rodriguez15\.ivy2\cache\com.jolbox\bonecp\bundles\bonecp-0.8.0.RELEASE.jar, C:\Users\da.rodriguez15\.ivy2\cache\com.zaxxer\HikariCP\bundles\HikariCP-2.4.3.jar, C:\Users\da.rodriguez15\.ivy2\cache\com.googlecode.usc\jdbcdslog\jars\jdbcdslog-1.0.6.2.jar, C:\Users\da.rodriguez15\.ivy2\cache\com.h2database\h2\jars\h2-1.4.191.jar, C:\Users\da.rodriguez15\.ivy2\cache\tyrex\tyrex\jars\tyrex-1.0.1.jar, C:\Users\da.rodriguez15\.ivy2\cache\com.typesafe.play\play-java_2.11\jars\play-java_2.11-2.5.4.jar, C:\Users\da.rodriguez15\.ivy2\cache\org.yaml\snakeyaml\bundles\snakeyaml-1.16.jar, C:\Users\da.rodriguez15\.ivy2\cache\org.hibernate\hibernate-validator\jars\hibernate-validator-5.2.4.Final.jar, C:\Users\da.rodriguez15\.ivy2\cache\javax.validation\validation-api\jars\validation-api-1.1.0.Final.jar, C:\Users\da.rodriguez15\.ivy2\cache\org.jboss.logging\jboss-logging\jars\jboss-logging-3.2.1.Final.jar, C:\Users\da.rodriguez15\.ivy2\cache\com.fasterxml\classmate\bundles\classmate-1.1.0.jar, C:\Users\da.rodriguez15\.ivy2\cache\javax.el\javax.el-api\jars\javax.el-api-3.0.0.jar, C:\Users\da.rodriguez15\.ivy2\cache\org.springframework\spring-context\jars\spring-context-4.2.4.RELEASE.jar, C:\Users\da.rodriguez15\.ivy2\cache\org.springframework\spring-core\jars\spring-core-4.2.4.RELEASE.jar, C:\Users\da.rodriguez15\.ivy2\cache\org.springframework\spring-beans\jars\spring-beans-4.2.4.RELEASE.jar, C:\Users\da.rodriguez15\.ivy2\cache\org.reflections\reflections\jars\reflections-0.9.10.jar, C:\Users\da.rodriguez15\.ivy2\cache\com.google.guava\guava\bundles\guava-19.0.jar, C:\Users\da.rodriguez15\.ivy2\cache\net.jodah\typetools\bundles\typetools-0.4.4.jar, C:\Users\da.rodriguez15\.ivy2\cache\com.google.code.findbugs\jsr305\jars\jsr305-3.0.1.jar, C:\Users\da.rodriguez15\.ivy2\cache\org.apache.tomcat\tomcat-servlet-api\jars\tomcat-servlet-api-8.0.33.jar, C:\Users\da.rodriguez15\.ivy2\cache\com.typesafe.play\play-jdbc-evolutions_2.11\jars\play-jdbc-evolutions_2.11-2.5.4.jar, C:\Users\da.rodriguez15\.ivy2\cache\org.avaje.ebeanorm\avaje-ebeanorm\jars\avaje-ebeanorm-4.6.2.jar, C:\Users\da.rodriguez15\.ivy2\cache\javax.persistence\persistence-api\jars\persistence-api-1.0.jar, C:\Users\da.rodriguez15\.ivy2\cache\org.avaje.ebeanorm\avaje-ebeanorm-agent\jars\avaje-ebeanorm-agent-4.5.3.jar, C:\Users\da.rodriguez15\.ivy2\cache\com.typesafe.play\play-server_2.11\jars\play-server_2.11-2.5.4.jar, C:\Users\da.rodriguez15\.ivy2\cache\com.typesafe.play\play-netty-server_2.11\jars\play-netty-server_2.11-2.5.4.jar, C:\Users\da.rodriguez15\.ivy2\cache\com.typesafe.netty\netty-reactive-streams-http\jars\netty-reactive-streams-http-1.0.6.jar, C:\Users\da.rodriguez15\.ivy2\cache\com.typesafe.netty\netty-reactive-streams\jars\netty-reactive-streams-1.0.6.jar, C:\Users\da.rodriguez15\.ivy2\cache\io.netty\netty-handler\jars\netty-handler-4.0.36.Final.jar, C:\Users\da.rodriguez15\.ivy2\cache\io.netty\netty-buffer\jars\netty-buffer-4.0.36.Final.jar, C:\Users\da.rodriguez15\.ivy2\cache\io.netty\netty-common\jars\netty-common-4.0.36.Final.jar, C:\Users\da.rodriguez15\.ivy2\cache\io.netty\netty-transport\jars\netty-transport-4.0.36.Final.jar, C:\Users\da.rodriguez15\.ivy2\cache\io.netty\netty-codec\jars\netty-codec-4.0.36.Final.jar, C:\Users\da.rodriguez15\.ivy2\cache\io.netty\netty-codec-http\jars\netty-codec-http-4.0.36.Final.jar, C:\Users\da.rodriguez15\.ivy2\cache\io.netty\netty-transport-native-epoll\jars\netty-transport-native-epoll-4.0.36.Final-linux-x86_64.jar, C:\Users\da.rodriguez15\.ivy2\cache\com.typesafe.play\play-logback_2.11\jars\play-logback_2.11-2.5.4.jar, C:\Users\da.rodriguez15\.ivy2\cache\com.typesafe.play\play-cache_2.11\jars\play-cache_2.11-2.5.4.jar, C:\Users\da.rodriguez15\.ivy2\cache\net.sf.ehcache\ehcache-core\jars\ehcache-core-2.6.11.jar, C:\Users\da.rodriguez15\.ivy2\cache\com.typesafe.play\play-java-ws_2.11\jars\play-java-ws_2.11-2.5.4.jar, C:\Users\da.rodriguez15\.ivy2\cache\com.typesafe.play\play-ws_2.11\jars\play-ws_2.11-2.5.4.jar, C:\Users\da.rodriguez15\.ivy2\cache\org.asynchttpclient\async-http-client\jars\async-http-client-2.0.2.jar, C:\Users\da.rodriguez15\.ivy2\cache\org.asynchttpclient\netty-resolver-dns\jars\netty-resolver-dns-2.0.2.jar, C:\Users\da.rodriguez15\.ivy2\cache\org.asynchttpclient\netty-resolver\jars\netty-resolver-2.0.2.jar, C:\Users\da.rodriguez15\.ivy2\cache\org.slf4j\slf4j-api\jars\slf4j-api-1.7.21.jar, C:\Users\da.rodriguez15\.ivy2\cache\org.asynchttpclient\netty-codec-dns\jars\netty-codec-dns-2.0.2.jar, C:\Users\da.rodriguez15\.ivy2\cache\org.javassist\javassist\bundles\javassist-3.20.0-GA.jar, C:\Users\da.rodriguez15\.ivy2\cache\oauth.signpost\signpost-core\jars\signpost-core-1.2.1.2.jar, C:\Users\da.rodriguez15\.ivy2\cache\oauth.signpost\signpost-commonshttp4\jars\signpost-commonshttp4-1.2.1.2.jar, C:\Users\da.rodriguez15\.ivy2\cache\org.apache.httpcomponents\httpcore\jars\httpcore-4.0.1.jar, C:\Users\da.rodriguez15\.ivy2\cache\org.apache.httpcomponents\httpclient\jars\httpclient-4.0.1.jar, C:\Users\da.rodriguez15\.ivy2\cache\commons-logging\commons-logging\jars\commons-logging-1.1.1.jar, C:\Users\da.rodriguez15\.ivy2\cache\org.postgresql\postgresql\jars\postgresql-9.4-1206-jdbc42.jar),List((public/,C:\Users\da.rodriguez15\Documents\414545\Marketplace\target\web\public\main)),List(C:\Users\da.rodriguez15\.ivy2\cache\com.typesafe.play\play-omnidoc_2.11\jars\play-omnidoc_2.11-2.5.4.jar, C:\Users\da.rodriguez15\.ivy2\cache\org.scala-lang\scala-library\jars\scala-library-2.11.7.jar, C:\Users\da.rodriguez15\.ivy2\cache\com.typesafe.play\play-docs_2.11\jars\play-docs_2.11-2.5.4.jar, C:\Users\da.rodriguez15\.ivy2\cache\com.typesafe.play\play-netty-server_2.11\jars\play-netty-server_2.11-2.5.4.jar, C:\Users\da.rodriguez15\.ivy2\cache\com.typesafe.play\play-server_2.11\jars\play-server_2.11-2.5.4.jar, C:\Users\da.rodriguez15\.ivy2\cache\com.typesafe.play\play_2.11\jars\play_2.11-2.5.4.jar, C:\Users\da.rodriguez15\.ivy2\cache\com.typesafe.play\build-link\jars\build-link-2.5.4.jar, C:\Users\da.rodriguez15\.ivy2\cache\com.typesafe.play\play-exceptions\jars\play-exceptions-2.5.4.jar, C:\Users\da.rodriguez15\.ivy2\cache\com.typesafe.play\play-iteratees_2.11\jars\play-iteratees_2.11-2.5.4.jar, C:\Users\da.rodriguez15\.ivy2\cache\org.scala-stm\scala-stm_2.11\jars\scala-stm_2.11-0.7.jar, C:\Users\da.rodriguez15\.ivy2\cache\com.typesafe\config\bundles\config-1.3.0.jar, C:\Users\da.rodriguez15\.ivy2\cache\ch.qos.logback\logback-classic\jars\logback-classic-1.1.7.jar, C:\Users\da.rodriguez15\.ivy2\cache\ch.qos.logback\logback-core\jars\logback-core-1.1.7.jar, C:\Users\da.rodriguez15\.ivy2\cache\org.slf4j\slf4j-api\jars\slf4j-api-1.7.19.jar, C:\Users\da.rodriguez15\.ivy2\cache\com.typesafe.play\play-json_2.11\jars\play-json_2.11-2.5.4.jar, C:\Users\da.rodriguez15\.ivy2\cache\com.typesafe.play\play-functional_2.11\jars\play-functional_2.11-2.5.4.jar, C:\Users\da.rodriguez15\.ivy2\cache\com.typesafe.play\play-datacommons_2.11\jars\play-datacommons_2.11-2.5.4.jar, C:\Users\da.rodriguez15\.ivy2\cache\joda-time\joda-time\jars\joda-time-2.9.2.jar, C:\Users\da.rodriguez15\.ivy2\cache\org.joda\joda-convert\jars\joda-convert-1.8.1.jar, C:\Users\da.rodriguez15\.ivy2\cache\org.scala-lang\scala-reflect\jars\scala-reflect-2.11.7.jar, C:\Users\da.rodriguez15\.ivy2\cache\com.fasterxml.jackson.core\jackson-core\bundles\jackson-core-2.7.1.jar, C:\Users\da.rodriguez15\.ivy2\cache\com.fasterxml.jackson.core\jackson-annotations\bundles\jackson-annotations-2.7.1.jar, C:\Users\da.rodriguez15\.ivy2\cache\com.fasterxml.jackson.core\jackson-databind\bundles\jackson-databind-2.7.1.jar, C:\Users\da.rodriguez15\.ivy2\cache\com.fasterxml.jackson.datatype\jackson-datatype-jdk8\bundles\jackson-datatype-jdk8-2.7.1.jar, C:\Users\da.rodriguez15\.ivy2\cache\com.fasterxml.jackson.datatype\jackson-datatype-jsr310\bundles\jackson-datatype-jsr310-2.7.1.jar, C:\Users\da.rodriguez15\.ivy2\cache\com.typesafe.play\play-netty-utils\jars\play-netty-utils-2.5.4.jar, C:\Users\da.rodriguez15\.ivy2\cache\org.slf4j\jul-to-slf4j\jars\jul-to-slf4j-1.7.19.jar, C:\Users\da.rodriguez15\.ivy2\cache\org.slf4j\jcl-over-slf4j\jars\jcl-over-slf4j-1.7.19.jar, C:\Users\da.rodriguez15\.ivy2\cache\com.typesafe.play\play-streams_2.11\jars\play-streams_2.11-2.5.4.jar, C:\Users\da.rodriguez15\.ivy2\cache\org.reactivestreams\reactive-streams\jars\reactive-streams-1.0.0.jar, C:\Users\da.rodriguez15\.ivy2\cache\com.typesafe.akka\akka-stream_2.11\jars\akka-stream_2.11-2.4.4.jar, C:\Users\da.rodriguez15\.ivy2\cache\com.typesafe.akka\akka-actor_2.11\jars\akka-actor_2.11-2.4.4.jar, C:\Users\da.rodriguez15\.ivy2\cache\org.scala-lang.modules\scala-java8-compat_2.11\bundles\scala-java8-compat_2.11-0.7.0.jar, C:\Users\da.rodriguez15\.ivy2\cache\com.typesafe\ssl-config-akka_2.11\bundles\ssl-config-akka_2.11-0.2.1.jar, C:\Users\da.rodriguez15\.ivy2\cache\com.typesafe\ssl-config-core_2.11\bundles\ssl-config-core_2.11-0.2.1.jar, C:\Users\da.rodriguez15\.ivy2\cache\org.scala-lang.modules\scala-parser-combinators_2.11\bundles\scala-parser-combinators_2.11-1.0.4.jar, C:\Users\da.rodriguez15\.ivy2\cache\com.typesafe.play\twirl-api_2.11\jars\twirl-api_2.11-1.1.1.jar, C:\Users\da.rodriguez15\.ivy2\cache\org.apache.commons\commons-lang3\jars\commons-lang3-3.4.jar, C:\Users\da.rodriguez15\.ivy2\cache\org.scala-lang.modules\scala-xml_2.11\bundles\scala-xml_2.11-1.0.1.jar, C:\Users\da.rodriguez15\.ivy2\cache\com.typesafe.akka\akka-slf4j_2.11\jars\akka-slf4j_2.11-2.4.4.jar, C:\Users\da.rodriguez15\.ivy2\cache\commons-codec\commons-codec\jars\commons-codec-1.10.jar, C:\Users\da.rodriguez15\.ivy2\cache\xerces\xercesImpl\jars\xercesImpl-2.11.0.jar, C:\Users\da.rodriguez15\.ivy2\cache\xml-apis\xml-apis\jars\xml-apis-1.4.01.jar, C:\Users\da.rodriguez15\.ivy2\cache\javax.transaction\jta\jars\jta-1.1.jar, C:\Users\da.rodriguez15\.ivy2\cache\com.google.inject\guice\jars\guice-4.0.jar, C:\Users\da.rodriguez15\.ivy2\cache\javax.inject\javax.inject\jars\javax.inject-1.jar, C:\Users\da.rodriguez15\.ivy2\cache\aopalliance\aopalliance\jars\aopalliance-1.0.jar, C:\Users\da.rodriguez15\.ivy2\cache\com.google.guava\guava\bundles\guava-16.0.1.jar, C:\Users\da.rodriguez15\.ivy2\cache\com.google.inject.extensions\guice-assistedinject\jars\guice-assistedinject-4.0.jar, C:\Users\da.rodriguez15\.ivy2\cache\com.typesafe.netty\netty-reactive-streams-http\jars\netty-reactive-streams-http-1.0.6.jar, C:\Users\da.rodriguez15\.ivy2\cache\com.typesafe.netty\netty-reactive-streams\jars\netty-reactive-streams-1.0.6.jar, C:\Users\da.rodriguez15\.ivy2\cache\io.netty\netty-handler\jars\netty-handler-4.0.36.Final.jar, C:\Users\da.rodriguez15\.ivy2\cache\io.netty\netty-buffer\jars\netty-buffer-4.0.36.Final.jar, C:\Users\da.rodriguez15\.ivy2\cache\io.netty\netty-common\jars\netty-common-4.0.36.Final.jar, C:\Users\da.rodriguez15\.ivy2\cache\io.netty\netty-transport\jars\netty-transport-4.0.36.Final.jar, C:\Users\da.rodriguez15\.ivy2\cache\io.netty\netty-codec\jars\netty-codec-4.0.36.Final.jar, C:\Users\da.rodriguez15\.ivy2\cache\io.netty\netty-codec-http\jars\netty-codec-http-4.0.36.Final.jar, C:\Users\da.rodriguez15\.ivy2\cache\io.netty\netty-transport-native-epoll\jars\netty-transport-native-epoll-4.0.36.Final-linux-x86_64.jar, C:\Users\da.rodriguez15\.ivy2\cache\com.typesafe.play\play-doc_2.11\jars\play-doc_2.11-1.2.2.jar, C:\Users\da.rodriguez15\.ivy2\cache\org.pegdown\pegdown\jars\pegdown-1.4.0.jar, C:\Users\da.rodriguez15\.ivy2\cache\org.parboiled\parboiled-java\bundles\parboiled-java-1.1.5.jar, C:\Users\da.rodriguez15\.ivy2\cache\org.parboiled\parboiled-core\bundles\parboiled-core-1.1.5.jar, C:\Users\da.rodriguez15\.ivy2\cache\org.ow2.asm\asm\jars\asm-4.1.jar, C:\Users\da.rodriguez15\.ivy2\cache\org.ow2.asm\asm-tree\jars\asm-tree-4.1.jar, C:\Users\da.rodriguez15\.ivy2\cache\org.ow2.asm\asm-analysis\jars\asm-analysis-4.1.jar, C:\Users\da.rodriguez15\.ivy2\cache\org.ow2.asm\asm-util\jars\asm-util-4.1.jar, C:\Users\da.rodriguez15\.ivy2\cache\commons-io\commons-io\jars\commons-io-2.4.jar),Some(C:\Users\da.rodriguez15\.ivy2\cache\com.typesafe.play\play-omnidoc_2.11\jars\play-omnidoc_2.11-2.5.4.jar),List(),9000,0.0.0.0,DefaultWatchService,List(C:\Users\da.rodriguez15\Documents\414545\Marketplace\public, C:\Users\da.rodriguez15\Documents\414545\Marketplace\conf, C:\Users\da.rodriguez15\Documents\414545\Marketplace\app),C:\Users\da.rodriguez15\Documents\414545\Marketplace\target,500,root/playForkNotifyStart,root/playForkReload,300000,play.core.server.DevServerStart),scala.pickling.PicklerUnpickler$DelegatingPicklerUnpickler@3b71da9d),ForkConfig(C:\Users\da.rodriguez15\Documents\414545\Marketplace,List(-Djna.nosys=true),List(C:\Users\da.rodriguez15\.ivy2\cache\org.scala-lang\scala-library\jars\scala-library-2.11.7.jar, C:\Users\da.rodriguez15\.ivy2\cache\com.typesafe.play\play-enhancer\jars\play-enhancer-1.1.0.jar, C:\Users\da.rodriguez15\.ivy2\cache\com.typesafe.play\twirl-api_2.11\jars\twirl-api_2.11-1.1.1.jar, C:\Users\da.rodriguez15\.ivy2\cache\org.apache.commons\commons-lang3\jars\commons-lang3-3.4.jar, C:\Users\da.rodriguez15\.ivy2\cache\org.scala-lang.modules\scala-xml_2.11\bundles\scala-xml_2.11-1.0.1.jar, C:\Users\da.rodriguez15\.ivy2\cache\com.typesafe.play\play-ebean_2.11\jars\play-ebean_2.11-1.0.0.jar, C:\Users\da.rodriguez15\.ivy2\cache\com.typesafe.play\play-java-jdbc_2.11\jars\play-java-jdbc_2.11-2.5.4.jar, C:\Users\da.rodriguez15\.ivy2\cache\com.typesafe.play\play-jdbc_2.11\jars\play-jdbc_2.11-2.5.4.jar, C:\Users\da.rodriguez15\.ivy2\cache\com.typesafe.play\play-jdbc-api_2.11\jars\play-jdbc-api_2.11-2.5.4.jar, C:\Users\da.rodriguez15\.ivy2\cache\com.typesafe.play\play_2.11\jars\play_2.11-2.5.4.jar, C:\Users\da.rodriguez15\.ivy2\cache\com.typesafe.play\build-link\jars\build-link-2.5.4.jar, C:\Users\da.rodriguez15\.ivy2\cache\com.typesafe.play\play-exceptions\jars\play-exceptions-2.5.4.jar, C:\Users\da.rodriguez15\.ivy2\cache\com.typesafe.play\play-iteratees_2.11\jars\play-iteratees_2.11-2.5.4.jar, C:\Users\da.rodriguez15\.ivy2\cache\org.scala-stm\scala-stm_2.11\jars\scala-stm_2.11-0.7.jar, C:\Users\da.rodriguez15\.ivy2\cache\com.typesafe\config\bundles\config-1.3.0.jar, C:\Users\da.rodriguez15\.ivy2\cache\ch.qos.logback\logback-classic\jars\logback-classic-1.1.7.jar, C:\Users\da.rodriguez15\.ivy2\cache\ch.qos.logback\logback-core\jars\logback-core-1.1.7.jar, C:\Users\da.rodriguez15\.ivy2\cache\com.typesafe.play\play-json_2.11\jars\play-json_2.11-2.5.4.jar, C:\Users\da.rodriguez15\.ivy2\cache\com.typesafe.play\play-functional_2.11\jars\play-functional_2.11-2.5.4.jar, C:\Users\da.rodriguez15\.ivy2\cache\com.typesafe.play\play-datacommons_2.11\jars\play-datacommons_2.11-2.5.4.jar, C:\Users\da.rodriguez15\.ivy2\cache\joda-time\joda-time\jars\joda-time-2.9.2.jar, C:\Users\da.rodriguez15\.ivy2\cache\org.joda\joda-convert\jars\joda-convert-1.8.1.jar, C:\Users\da.rodriguez15\.ivy2\cache\org.scala-lang\scala-reflect\jars\scala-reflect-2.11.7.jar, C:\Users\da.rodriguez15\.ivy2\cache\com.fasterxml.jackson.core\jackson-core\bundles\jackson-core-2.7.1.jar, C:\Users\da.rodriguez15\.ivy2\cache\com.fasterxml.jackson.core\jackson-annotations\bundles\jackson-annotations-2.7.1.jar, C:\Users\da.rodriguez15\.ivy2\cache\com.fasterxml.jackson.core\jackson-databind\bundles\jackson-databind-2.7.1.jar, C:\Users\da.rodriguez15\.ivy2\cache\com.fasterxml.jackson.datatype\jackson-datatype-jdk8\bundles\jackson-datatype-jdk8-2.7.1.jar, C:\Users\da.rodriguez15\.ivy2\cache\com.fasterxml.jackson.datatype\jackson-datatype-jsr310\bundles\jackson-datatype-jsr310-2.7.1.jar, C:\Users\da.rodriguez15\.ivy2\cache\com.typesafe.play\play-netty-utils\jars\play-netty-utils-2.5.4.jar, C:\Users\da.rodriguez15\.ivy2\cache\org.slf4j\jul-to-slf4j\jars\jul-to-slf4j-1.7.19.jar, C:\Users\da.rodriguez15\.ivy2\cache\org.slf4j\jcl-over-slf4j\jars\jcl-over-slf4j-1.7.19.jar, C:\Users\da.rodriguez15\.ivy2\cache\com.typesafe.play\play-streams_2.11\jars\play-streams_2.11-2.5.4.jar, C:\Users\da.rodriguez15\.ivy2\cache\org.reactivestreams\reactive-streams\jars\reactive-streams-1.0.0.jar, C:\Users\da.rodriguez15\.ivy2\cache\com.typesafe.akka\akka-stream_2.11\jars\akka-stream_2.11-2.4.4.jar, C:\Users\da.rodriguez15\.ivy2\cache\com.typesafe.akka\akka-actor_2.11\jars\akka-actor_2.11-2.4.4.jar, C:\Users\da.rodriguez15\.ivy2\cache\org.scala-lang.modules\scala-java8-compat_2.11\bundles\scala-java8-compat_2.11-0.7.0.jar, C:\Users\da.rodriguez15\.ivy2\cache\com.typesafe\ssl-config-akka_2.11\bundles\ssl-config-akka_2.11-0.2.1.jar, C:\Users\da.rodriguez15\.ivy2\cache\com.typesafe\ssl-config-core_2.11\bundles\ssl-config-core_2.11-0.2.1.jar, C:\Users\da.rodriguez15\.ivy2\cache\org.scala-lang.modules\scala-parser-combinators_2.11\bundles\scala-parser-combinators_2.11-1.0.4.jar, C:\Users\da.rodriguez15\.ivy2\cache\com.typesafe.akka\akka-slf4j_2.11\jars\akka-slf4j_2.11-2.4.4.jar, C:\Users\da.rodriguez15\.ivy2\cache\commons-codec\commons-codec\jars\commons-codec-1.10.jar, C:\Users\da.rodriguez15\.ivy2\cache\xerces\xercesImpl\jars\xercesImpl-2.11.0.jar, C:\Users\da.rodriguez15\.ivy2\cache\xml-apis\xml-apis\jars\xml-apis-1.4.01.jar, C:\Users\da.rodriguez15\.ivy2\cache\javax.transaction\jta\jars\jta-1.1.jar, C:\Users\da.rodriguez15\.ivy2\cache\com.google.inject\guice\jars\guice-4.0.jar, C:\Users\da.rodriguez15\.ivy2\cache\javax.inject\javax.inject\jars\javax.inject-1.jar, C:\Users\da.rodriguez15\.ivy2\cache\aopalliance\aopalliance\jars\aopalliance-1.0.jar, C:\Users\da.rodriguez15\.ivy2\cache\com.google.inject.extensions\guice-assistedinject\jars\guice-assistedinject-4.0.jar, C:\Users\da.rodriguez15\.ivy2\cache\com.jolbox\bonecp\bundles\bonecp-0.8.0.RELEASE.jar, C:\Users\da.rodriguez15\.ivy2\cache\com.zaxxer\HikariCP\bundles\HikariCP-2.4.3.jar, C:\Users\da.rodriguez15\.ivy2\cache\com.googlecode.usc\jdbcdslog\jars\jdbcdslog-1.0.6.2.jar, C:\Users\da.rodriguez15\.ivy2\cache\com.h2database\h2\jars\h2-1.4.191.jar, C:\Users\da.rodriguez15\.ivy2\cache\tyrex\tyrex\jars\tyrex-1.0.1.jar, C:\Users\da.rodriguez15\.ivy2\cache\com.typesafe.play\play-java_2.11\jars\play-java_2.11-2.5.4.jar, C:\Users\da.rodriguez15\.ivy2\cache\org.yaml\snakeyaml\bundles\snakeyaml-1.16.jar, C:\Users\da.rodriguez15\.ivy2\cache\org.hibernate\hibernate-validator\jars\hibernate-validator-5.2.4.Final.jar, C:\Users\da.rodriguez15\.ivy2\cache\javax.validation\validation-api\jars\validation-api-1.1.0.Final.jar, C:\Users\da.rodriguez15\.ivy2\cache\org.jboss.logging\jboss-logging\jars\jboss-logging-3.2.1.Final.jar, C:\Users\da.rodriguez15\.ivy2\cache\com.fasterxml\classmate\bundles\classmate-1.1.0.jar, C:\Users\da.rodriguez15\.ivy2\cache\javax.el\javax.el-api\jars\javax.el-api-3.0.0.jar, C:\Users\da.rodriguez15\.ivy2\cache\org.springframework\spring-context\jars\spring-context-4.2.4.RELEASE.jar, C:\Users\da.rodriguez15\.ivy2\cache\org.springframework\spring-core\jars\spring-core-4.2.4.RELEASE.jar, C:\Users\da.rodriguez15\.ivy2\cache\org.springframework\spring-beans\jars\spring-beans-4.2.4.RELEASE.jar, C:\Users\da.rodriguez15\.ivy2\cache\org.reflections\reflections\jars\reflections-0.9.10.jar, C:\Users\da.rodriguez15\.ivy2\cache\com.google.guava\guava\bundles\guava-19.0.jar, C:\Users\da.rodriguez15\.ivy2\cache\net.jodah\typetools\bundles\typetools-0.4.4.jar, C:\Users\da.rodriguez15\.ivy2\cache\com.google.code.findbugs\jsr305\jars\jsr305-3.0.1.jar, C:\Users\da.rodriguez15\.ivy2\cache\org.apache.tomcat\tomcat-servlet-api\jars\tomcat-servlet-api-8.0.33.jar, C:\Users\da.rodriguez15\.ivy2\cache\com.typesafe.play\play-jdbc-evolutions_2.11\jars\play-jdbc-evolutions_2.11-2.5.4.jar, C:\Users\da.rodriguez15\.ivy2\cache\org.avaje.ebeanorm\avaje-ebeanorm\jars\avaje-ebeanorm-4.6.2.jar, C:\Users\da.rodriguez15\.ivy2\cache\javax.persistence\persistence-api\jars\persistence-api-1.0.jar, C:\Users\da.rodriguez15\.ivy2\cache\org.avaje.ebeanorm\avaje-ebeanorm-agent\jars\avaje-ebeanorm-agent-4.5.3.jar, C:\Users\da.rodriguez15\.ivy2\cache\com.typesafe.play\play-server_2.11\jars\play-server_2.11-2.5.4.jar, C:\Users\da.rodriguez15\.ivy2\cache\com.typesafe.play\play-netty-server_2.11\jars\play-netty-server_2.11-2.5.4.jar, C:\Users\da.rodriguez15\.ivy2\cache\com.typesafe.netty\netty-reactive-streams-http\jars\netty-reactive-streams-http-1.0.6.jar, C:\Users\da.rodriguez15\.ivy2\cache\com.typesafe.netty\netty-reactive-streams\jars\netty-reactive-streams-1.0.6.jar, C:\Users\da.rodriguez15\.ivy2\cache\io.netty\netty-handler\jars\netty-handler-4.0.36.Final.jar, C:\Users\da.rodriguez15\.ivy2\cache\io.netty\netty-buffer\jars\netty-buffer-4.0.36.Final.jar, C:\Users\da.rodriguez15\.ivy2\cache\io.netty\netty-common\jars\netty-common-4.0.36.Final.jar, C:\Users\da.rodriguez15\.ivy2\cache\io.netty\netty-transport\jars\netty-transport-4.0.36.Final.jar, C:\Users\da.rodriguez15\.ivy2\cache\io.netty\netty-codec\jars\netty-codec-4.0.36.Final.jar, C:\Users\da.rodriguez15\.ivy2\cache\io.netty\netty-codec-http\jars\netty-codec-http-4.0.36.Final.jar, C:\Users\da.rodriguez15\.ivy2\cache\io.netty\netty-transport-native-epoll\jars\netty-transport-native-epoll-4.0.36.Final-linux-x86_64.jar, C:\Users\da.rodriguez15\.ivy2\cache\com.typesafe.play\play-logback_2.11\jars\play-logback_2.11-2.5.4.jar, C:\Users\da.rodriguez15\.ivy2\cache\com.typesafe.play\play-cache_2.11\jars\play-cache_2.11-2.5.4.jar, C:\Users\da.rodriguez15\.ivy2\cache\net.sf.ehcache\ehcache-core\jars\ehcache-core-2.6.11.jar, C:\Users\da.rodriguez15\.ivy2\cache\com.typesafe.play\play-java-ws_2.11\jars\play-java-ws_2.11-2.5.4.jar, C:\Users\da.rodriguez15\.ivy2\cache\com.typesafe.play\play-ws_2.11\jars\play-ws_2.11-2.5.4.jar, C:\Users\da.rodriguez15\.ivy2\cache\org.asynchttpclient\async-http-client\jars\async-http-client-2.0.2.jar, C:\Users\da.rodriguez15\.ivy2\cache\org.asynchttpclient\netty-resolver-dns\jars\netty-resolver-dns-2.0.2.jar, C:\Users\da.rodriguez15\.ivy2\cache\org.asynchttpclient\netty-resolver\jars\netty-resolver-2.0.2.jar, C:\Users\da.rodriguez15\.ivy2\cache\org.slf4j\slf4j-api\jars\slf4j-api-1.7.21.jar, C:\Users\da.rodriguez15\.ivy2\cache\org.asynchttpclient\netty-codec-dns\jars\netty-codec-dns-2.0.2.jar, C:\Users\da.rodriguez15\.ivy2\cache\org.javassist\javassist\bundles\javassist-3.20.0-GA.jar, C:\Users\da.rodriguez15\.ivy2\cache\oauth.signpost\signpost-core\jars\signpost-core-1.2.1.2.jar, C:\Users\da.rodriguez15\.ivy2\cache\oauth.signpost\signpost-commonshttp4\jars\signpost-commonshttp4-1.2.1.2.jar, C:\Users\da.rodriguez15\.ivy2\cache\org.apache.httpcomponents\httpcore\jars\httpcore-4.0.1.jar, C:\Users\da.rodriguez15\.ivy2\cache\org.apache.httpcomponents\httpclient\jars\httpclient-4.0.1.jar, C:\Users\da.rodriguez15\.ivy2\cache\commons-logging\commons-logging\jars\commons-logging-1.1.1.jar, C:\Users\da.rodriguez15\.ivy2\cache\org.postgresql\postgresql\jars\postgresql-9.4-1206-jdbc42.jar),List((public/,C:\Users\da.rodriguez15\Documents\414545\Marketplace\target\web\public\main)),List(C:\Users\da.rodriguez15\.ivy2\cache\com.typesafe.play\play-omnidoc_2.11\jars\play-omnidoc_2.11-2.5.4.jar, C:\Users\da.rodriguez15\.ivy2\cache\org.scala-lang\scala-library\jars\scala-library-2.11.7.jar, C:\Users\da.rodriguez15\.ivy2\cache\com.typesafe.play\play-docs_2.11\jars\play-docs_2.11-2.5.4.jar, C:\Users\da.rodriguez15\.ivy2\cache\com.typesafe.play\play-netty-server_2.11\jars\play-netty-server_2.11-2.5.4.jar, C:\Users\da.rodriguez15\.ivy2\cache\com.typesafe.play\play-server_2.11\jars\play-server_2.11-2.5.4.jar, C:\Users\da.rodriguez15\.ivy2\cache\com.typesafe.play\play_2.11\jars\play_2.11-2.5.4.jar, C:\Users\da.rodriguez15\.ivy2\cache\com.typesafe.play\build-link\jars\build-link-2.5.4.jar, C:\Users\da.rodriguez15\.ivy2\cache\com.typesafe.play\play-exceptions\jars\play-exceptions-2.5.4.jar, C:\Users\da.rodriguez15\.ivy2\cache\com.typesafe.play\play-iteratees_2.11\jars\play-iteratees_2.11-2.5.4.jar, C:\Users\da.rodriguez15\.ivy2\cache\org.scala-stm\scala-stm_2.11\jars\scala-stm_2.11-0.7.jar, C:\Users\da.rodriguez15\.ivy2\cache\com.typesafe\config\bundles\config-1.3.0.jar, C:\Users\da.rodriguez15\.ivy2\cache\ch.qos.logback\logback-classic\jars\logback-classic-1.1.7.jar, C:\Users\da.rodriguez15\.ivy2\cache\ch.qos.logback\logback-core\jars\logback-core-1.1.7.jar, C:\Users\da.rodriguez15\.ivy2\cache\org.slf4j\slf4j-api\jars\slf4j-api-1.7.19.jar, C:\Users\da.rodriguez15\.ivy2\cache\com.typesafe.play\play-json_2.11\jars\play-json_2.11-2.5.4.jar, C:\Users\da.rodriguez15\.ivy2\cache\com.typesafe.play\play-functional_2.11\jars\play-functional_2.11-2.5.4.jar, C:\Users\da.rodriguez15\.ivy2\cache\com.typesafe.play\play-datacommons_2.11\jars\play-datacommons_2.11-2.5.4.jar, C:\Users\da.rodriguez15\.ivy2\cache\joda-time\joda-time\jars\joda-time-2.9.2.jar, C:\Users\da.rodriguez15\.ivy2\cache\org.joda\joda-convert\jars\joda-convert-1.8.1.jar, C:\Users\da.rodriguez15\.ivy2\cache\org.scala-lang\scala-reflect\jars\scala-reflect-2.11.7.jar, C:\Users\da.rodriguez15\.ivy2\cache\com.fasterxml.jackson.core\jackson-core\bundles\jackson-core-2.7.1.jar, C:\Users\da.rodriguez15\.ivy2\cache\com.fasterxml.jackson.core\jackson-annotations\bundles\jackson-annotations-2.7.1.jar, C:\Users\da.rodriguez15\.ivy2\cache\com.fasterxml.jackson.core\jackson-databind\bundles\jackson-databind-2.7.1.jar, C:\Users\da.rodriguez15\.ivy2\cache\com.fasterxml.jackson.datatype\jackson-datatype-jdk8\bundles\jackson-datatype-jdk8-2.7.1.jar, C:\Users\da.rodriguez15\.ivy2\cache\com.fasterxml.jackson.datatype\jackson-datatype-jsr310\bundles\jackson-datatype-jsr310-2.7.1.jar, C:\Users\da.rodriguez15\.ivy2\cache\com.typesafe.play\play-netty-utils\jars\play-netty-utils-2.5.4.jar, C:\Users\da.rodriguez15\.ivy2\cache\org.slf4j\jul-to-slf4j\jars\jul-to-slf4j-1.7.19.jar, C:\Users\da.rodriguez15\.ivy2\cache\org.slf4j\jcl-over-slf4j\jars\jcl-over-slf4j-1.7.19.jar, C:\Users\da.rodriguez15\.ivy2\cache\com.typesafe.play\play-streams_2.11\jars\play-streams_2.11-2.5.4.jar, C:\Users\da.rodriguez15\.ivy2\cache\org.reactivestreams\reactive-streams\jars\reactive-streams-1.0.0.jar, C:\Users\da.rodriguez15\.ivy2\cache\com.typesafe.akka\akka-stream_2.11\jars\akka-stream_2.11-2.4.4.jar, C:\Users\da.rodriguez15\.ivy2\cache\com.typesafe.akka\akka-actor_2.11\jars\akka-actor_2.11-2.4.4.jar, C:\Users\da.rodriguez15\.ivy2\cache\org.scala-lang.modules\scala-java8-compat_2.11\bundles\scala-java8-compat_2.11-0.7.0.jar, C:\Users\da.rodriguez15\.ivy2\cache\com.typesafe\ssl-config-akka_2.11\bundles\ssl-config-akka_2.11-0.2.1.jar, C:\Users\da.rodriguez15\.ivy2\cache\com.typesafe\ssl-config-core_2.11\bundles\ssl-config-core_2.11-0.2.1.jar, C:\Users\da.rodriguez15\.ivy2\cache\org.scala-lang.modules\scala-parser-combinators_2.11\bundles\scala-parser-combinators_2.11-1.0.4.jar, C:\Users\da.rodriguez15\.ivy2\cache\com.typesafe.play\twirl-api_2.11\jars\twirl-api_2.11-1.1.1.jar, C:\Users\da.rodriguez15\.ivy2\cache\org.apache.commons\commons-lang3\jars\commons-lang3-3.4.jar, C:\Users\da.rodriguez15\.ivy2\cache\org.scala-lang.modules\scala-xml_2.11\bundles\scala-xml_2.11-1.0.1.jar, C:\Users\da.rodriguez15\.ivy2\cache\com.typesafe.akka\akka-slf4j_2.11\jars\akka-slf4j_2.11-2.4.4.jar, C:\Users\da.rodriguez15\.ivy2\cache\commons-codec\commons-codec\jars\commons-codec-1.10.jar, C:\Users\da.rodriguez15\.ivy2\cache\xerces\xercesImpl\jars\xercesImpl-2.11.0.jar, C:\Users\da.rodriguez15\.ivy2\cache\xml-apis\xml-apis\jars\xml-apis-1.4.01.jar, C:\Users\da.rodriguez15\.ivy2\cache\javax.transaction\jta\jars\jta-1.1.jar, C:\Users\da.rodriguez15\.ivy2\cache\com.google.inject\guice\jars\guice-4.0.jar, C:\Users\da.rodriguez15\.ivy2\cache\javax.inject\javax.inject\jars\javax.inject-1.jar, C:\Users\da.rodriguez15\.ivy2\cache\aopalliance\aopalliance\jars\aopalliance-1.0.jar, C:\Users\da.rodriguez15\.ivy2\cache\com.google.guava\guava\bundles\guava-16.0.1.jar, C:\Users\da.rodriguez15\.ivy2\cache\com.google.inject.extensions\guice-assistedinject\jars\guice-assistedinject-4.0.jar, C:\Users\da.rodriguez15\.ivy2\cache\com.typesafe.netty\netty-reactive-streams-http\jars\netty-reactive-streams-http-1.0.6.jar, C:\Users\da.rodriguez15\.ivy2\cache\com.typesafe.netty\netty-reactive-streams\jars\netty-reactive-streams-1.0.6.jar, C:\Users\da.rodriguez15\.ivy2\cache\io.netty\netty-handler\jars\netty-handler-4.0.36.Final.jar, C:\Users\da.rodriguez15\.ivy2\cache\io.netty\netty-buffer\jars\netty-buffer-4.0.36.Final.jar, C:\Users\da.rodriguez15\.ivy2\cache\io.netty\netty-common\jars\netty-common-4.0.36.Final.jar, C:\Users\da.rodriguez15\.ivy2\cache\io.netty\netty-transport\jars\netty-transport-4.0.36.Final.jar, C:\Users\da.rodriguez15\.ivy2\cache\io.netty\netty-codec\jars\netty-codec-4.0.36.Final.jar, C:\Users\da.rodriguez15\.ivy2\cache\io.netty\netty-codec-http\jars\netty-codec-http-4.0.36.Final.jar, C:\Users\da.rodriguez15\.ivy2\cache\io.netty\netty-transport-native-epoll\jars\netty-transport-native-epoll-4.0.36.Final-linux-x86_64.jar, C:\Users\da.rodriguez15\.ivy2\cache\com.typesafe.play\play-doc_2.11\jars\play-doc_2.11-1.2.2.jar, C:\Users\da.rodriguez15\.ivy2\cache\org.pegdown\pegdown\jars\pegdown-1.4.0.jar, C:\Users\da.rodriguez15\.ivy2\cache\org.parboiled\parboiled-java\bundles\parboiled-java-1.1.5.jar, C:\Users\da.rodriguez15\.ivy2\cache\org.parboiled\parboiled-core\bundles\parboiled-core-1.1.5.jar, C:\Users\da.rodriguez15\.ivy2\cache\org.ow2.asm\asm\jars\asm-4.1.jar, C:\Users\da.rodriguez15\.ivy2\cache\org.ow2.asm\asm-tree\jars\asm-tree-4.1.jar, C:\Users\da.rodriguez15\.ivy2\cache\org.ow2.asm\asm-analysis\jars\asm-analysis-4.1.jar, C:\Users\da.rodriguez15\.ivy2\cache\org.ow2.asm\asm-util\jars\asm-util-4.1.jar, C:\Users\da.rodriguez15\.ivy2\cache\commons-io\commons-io\jars\commons-io-2.4.jar),Some(C:\Users\da.rodriguez15\.ivy2\cache\com.typesafe.play\play-omnidoc_2.11\jars\play-omnidoc_2.11-2.5.4.jar),List(),9000,0.0.0.0,DefaultWatchService,List(C:\Users\da.rodriguez15\Documents\414545\Marketplace\public, C:\Users\da.rodriguez15\Documents\414545\Marketplace\conf, C:\Users\da.rodriguez15\Documents\414545\Marketplace\app),C:\Users\da.rodriguez15\Documents\414545\Marketplace\target,500,root/playForkNotifyStart,root/playForkReload,300000,play.core.server.DevServerStart))))
Sending msg to client play-fork-run-f1f3601f-c146-4e12-a7ef-1e5ed9708271: TaskStarted(37,3280,None)
Sending msg to client play-fork-run-f1f3601f-c146-4e12-a7ef-1e5ed9708271: TaskFinished(37,3280,None,true,None)
Sending msg to client play-fork-run-f1f3601f-c146-4e12-a7ef-1e5ed9708271: TaskStarted(37,3279,None)
Sending msg to client play-fork-run-f1f3601f-c146-4e12-a7ef-1e5ed9708271: TaskFinished(37,3279,None,true,None)
Sending msg to client play-fork-run-f1f3601f-c146-4e12-a7ef-1e5ed9708271: DetachedLogEvent(LogMessage(debug,cancel strategy finish enabled=false lastCommand=Some(LastCommand(CommandExecutionWork(ExecutionId(37),{file:/C:/Users/da.rodriguez15/Documents/414545/Marketplace/}root/*:playForkConfig,Set(LiveClient(play-fork-run f1f3601f-c146-4e12-a7ef-1e5ed9708271)),sbt.server.WorkCancellationStatus$$anon$1@541c6ee9)))))
Sending msg to client play-fork-run-f1f3601f-c146-4e12-a7ef-1e5ed9708271: DetachedLogEvent(LogSuccess(Total time: 1 s, completed 20-ago-2016 19:13:30))
Sending msg to client play-fork-run-f1f3601f-c146-4e12-a7ef-1e5ed9708271: DetachedLogEvent(LogMessage(debug,> server-post-command-cleanup))
Sending msg to client play-fork-run-f1f3601f-c146-4e12-a7ef-1e5ed9708271: ExecutionSuccess(37)
Sending msg to client play-fork-run-f1f3601f-c146-4e12-a7ef-1e5ed9708271: DetachedLogEvent(LogMessage(debug,> server-handle-next-server-request))
Sending msg to client play-fork-run-f1f3601f-c146-4e12-a7ef-1e5ed9708271: BackgroundJobLogEvent(5,LogMessage(info,))
Sending msg to client play-fork-run-f1f3601f-c146-4e12-a7ef-1e5ed9708271: BackgroundJobLogEvent(5,LogMessage(info,--- (Running the application, auto-reloading is enabled) ---))
Sending msg to client play-fork-run-f1f3601f-c146-4e12-a7ef-1e5ed9708271: BackgroundJobLogEvent(5,LogMessage(info,))
Sending msg to client play-fork-run-f1f3601f-c146-4e12-a7ef-1e5ed9708271: BackgroundJobLogEvent(5,LogMessage(info,p.c.s.NettyServer - Listening for HTTP on /0:0:0:0:0:0:0:0:9000))
Sending msg to client play-fork-run-f1f3601f-c146-4e12-a7ef-1e5ed9708271: BackgroundJobLogEvent(5,LogMessage(info,))
Sending msg to client play-fork-run-f1f3601f-c146-4e12-a7ef-1e5ed9708271: BackgroundJobLogEvent(5,LogMessage(info,(Server started, use Ctrl+D to stop and go back to the console...)))
Sending msg to client play-fork-run-f1f3601f-c146-4e12-a7ef-1e5ed9708271: BackgroundJobLogEvent(5,LogMessage(info,))
Got request: ExecutionRequest(root/playForkNotifyStart http://localhost:9000)
Reading next message from client.
Sending msg to client play-fork-run-f1f3601f-c146-4e12-a7ef-1e5ed9708271: (8,ExecutionRequestReceived(38))
Sending msg to client play-fork-run-f1f3601f-c146-4e12-a7ef-1e5ed9708271: ExecutionWaiting(38,root/playForkNotifyStart http://localhost:9000,ClientInfo(f1f3601f-c146-4e12-a7ef-1e5ed9708271,play-fork-run,Play Fork Run,1,Vector()))
Sending msg to client play-fork-run-f1f3601f-c146-4e12-a7ef-1e5ed9708271: ExecutionStarting(38)
Sending msg to client play-fork-run-f1f3601f-c146-4e12-a7ef-1e5ed9708271: DetachedLogEvent(LogMessage(debug,> root/playForkNotifyStart http://localhost:9000))
Sending msg to client play-fork-run-f1f3601f-c146-4e12-a7ef-1e5ed9708271: DetachedLogEvent(LogMessage(debug,Evaluating tasks: *:playForkNotifyStart))
Sending msg to client play-fork-run-f1f3601f-c146-4e12-a7ef-1e5ed9708271: DetachedLogEvent(LogMessage(debug,Running task... Cancel: sbt.server.ServerTaskCancellation@4e6e5723, check cycles: false))
Sending msg to client play-fork-run-f1f3601f-c146-4e12-a7ef-1e5ed9708271: DetachedLogEvent(LogMessage(debug,cancel strategy start enabled=true lastCommand=Some(LastCommand(CommandExecutionWork(ExecutionId(38),root/playForkNotifyStart http://localhost:9000,Set(LiveClient(play-fork-run f1f3601f-c146-4e12-a7ef-1e5ed9708271)),sbt.server.WorkCancellationStatus$$anon$1@a5fc85a)))))
Sending msg to client play-fork-run-f1f3601f-c146-4e12-a7ef-1e5ed9708271: TaskStarted(38,3359,Some(AttributeKey[sbt.SendEventService]("sendEventService") in Scope(Global)))
Sending msg to client play-fork-run-f1f3601f-c146-4e12-a7ef-1e5ed9708271: TaskFinished(38,3359,Some(AttributeKey[sbt.SendEventService]("sendEventService") in Scope(Global)),true,None)
Sending msg to client play-fork-run-f1f3601f-c146-4e12-a7ef-1e5ed9708271: TaskStarted(38,3358,Some(AttributeKey[scala.Function1[java.lang.String,void]]("playForkStarted") in Scope(Build: file:/C:/Users/da.rodriguez15/Documents/414545/Marketplace/, , Project: ProjectReference(file:/C:/Users/da.rodriguez15/Documents/414545/Marketplace/,root))))
Sending msg to client play-fork-run-f1f3601f-c146-4e12-a7ef-1e5ed9708271: TaskFinished(38,3358,Some(AttributeKey[scala.Function1[java.lang.String,void]]("playForkStarted") in Scope(Build: file:/C:/Users/da.rodriguez15/Documents/414545/Marketplace/, , Project: ProjectReference(file:/C:/Users/da.rodriguez15/Documents/414545/Marketplace/,root))),true,None)
Sending msg to client play-fork-run-f1f3601f-c146-4e12-a7ef-1e5ed9708271: TaskStarted(38,3357,Some(AttributeKey[void]("playForkNotifyStart") in Scope(Build: file:/C:/Users/da.rodriguez15/Documents/414545/Marketplace/, , Project: ProjectReference(file:/C:/Users/da.rodriguez15/Documents/414545/Marketplace/,root))))
Sending msg to client play-fork-run-f1f3601f-c146-4e12-a7ef-1e5ed9708271: TaskEvent(3357,LazyValue(PlayServerStarted(http://localhost:9000),play.forkrun.protocol.Serializers$PlayForkrunProtocolPlayServerStartedPickler1$2$@1853f2d0))
Sending msg to client play-fork-run-f1f3601f-c146-4e12-a7ef-1e5ed9708271: TaskFinished(38,3357,Some(AttributeKey[void]("playForkNotifyStart") in Scope(Build: file:/C:/Users/da.rodriguez15/Documents/414545/Marketplace/, , Project: ProjectReference(file:/C:/Users/da.rodriguez15/Documents/414545/Marketplace/,root))),true,None)
Sending msg to client play-fork-run-f1f3601f-c146-4e12-a7ef-1e5ed9708271: TaskStarted(38,3356,None)
Sending msg to client play-fork-run-f1f3601f-c146-4e12-a7ef-1e5ed9708271: TaskFinished(38,3356,None,true,None)
Sending msg to client play-fork-run-f1f3601f-c146-4e12-a7ef-1e5ed9708271: TaskStarted(38,3355,None)
Sending msg to client play-fork-run-f1f3601f-c146-4e12-a7ef-1e5ed9708271: TaskFinished(38,3355,None,true,None)
Sending msg to client play-fork-run-f1f3601f-c146-4e12-a7ef-1e5ed9708271: DetachedLogEvent(LogMessage(debug,cancel strategy finish enabled=false lastCommand=Some(LastCommand(CommandExecutionWork(ExecutionId(38),root/playForkNotifyStart http://localhost:9000,Set(LiveClient(play-fork-run f1f3601f-c146-4e12-a7ef-1e5ed9708271)),sbt.server.WorkCancellationStatus$$anon$1@a5fc85a)))))
Sending msg to client play-fork-run-f1f3601f-c146-4e12-a7ef-1e5ed9708271: DetachedLogEvent(LogSuccess(Total time: 0 s, completed 20-ago-2016 19:13:33))
Sending msg to client play-fork-run-f1f3601f-c146-4e12-a7ef-1e5ed9708271: DetachedLogEvent(LogMessage(debug,> server-post-command-cleanup))
Sending msg to client play-fork-run-f1f3601f-c146-4e12-a7ef-1e5ed9708271: ExecutionSuccess(38)
Sending msg to client play-fork-run-f1f3601f-c146-4e12-a7ef-1e5ed9708271: DetachedLogEvent(LogMessage(debug,> server-handle-next-server-request))
Sending msg to client play-fork-run-f1f3601f-c146-4e12-a7ef-1e5ed9708271: ExecutionWaiting(39,jobStop 5,ClientInfo(44e64929-f8b6-4bfa-9e81-5737b9450a8b,activator,Activator,3,Vector()))
Sending msg to client play-fork-run-f1f3601f-c146-4e12-a7ef-1e5ed9708271: ExecutionStarting(39)
Sending msg to client play-fork-run-f1f3601f-c146-4e12-a7ef-1e5ed9708271: DetachedLogEvent(LogMessage(debug,> jobStop 5))
Sending msg to client play-fork-run-f1f3601f-c146-4e12-a7ef-1e5ed9708271: DetachedLogEvent(LogMessage(debug,Evaluating tasks: *:jobStop))
Sending msg to client play-fork-run-f1f3601f-c146-4e12-a7ef-1e5ed9708271: DetachedLogEvent(LogMessage(debug,Running task... Cancel: sbt.server.ServerTaskCancellation@2a19d813, check cycles: false))
Sending msg to client play-fork-run-f1f3601f-c146-4e12-a7ef-1e5ed9708271: DetachedLogEvent(LogMessage(debug,cancel strategy start enabled=true lastCommand=Some(LastCommand(CommandExecutionWork(ExecutionId(39),jobStop 5,Set(LiveClient(activator 44e64929-f8b6-4bfa-9e81-5737b9450a8b)),sbt.server.WorkCancellationStatus$$anon$1@a1ea183)))))
Sending msg to client play-fork-run-f1f3601f-c146-4e12-a7ef-1e5ed9708271: TaskStarted(39,3362,Some(AttributeKey[void]("jobStop") in Scope(Global)))
Sending msg to client play-fork-run-f1f3601f-c146-4e12-a7ef-1e5ed9708271: TaskFinished(39,3362,Some(AttributeKey[void]("jobStop") in Scope(Global)),true,None)
Sending msg to client play-fork-run-f1f3601f-c146-4e12-a7ef-1e5ed9708271: TaskStarted(39,3361,None)
Sending msg to client play-fork-run-f1f3601f-c146-4e12-a7ef-1e5ed9708271: BackgroundJobLogEvent(5,LogMessage(info,Stopping Play fork run ...))
Sending msg to client play-fork-run-f1f3601f-c146-4e12-a7ef-1e5ed9708271: TaskFinished(39,3361,None,true,None)
Sending msg to client play-fork-run-f1f3601f-c146-4e12-a7ef-1e5ed9708271: TaskStarted(39,3360,None)
Sending msg to client play-fork-run-f1f3601f-c146-4e12-a7ef-1e5ed9708271: TaskFinished(39,3360,None,true,None)
Sending msg to client play-fork-run-f1f3601f-c146-4e12-a7ef-1e5ed9708271: DetachedLogEvent(LogMessage(debug,cancel strategy finish enabled=false lastCommand=Some(LastCommand(CommandExecutionWork(ExecutionId(39),jobStop 5,Set(LiveClient(activator 44e64929-f8b6-4bfa-9e81-5737b9450a8b)),sbt.server.WorkCancellationStatus$$anon$1@a1ea183)))))
Sending msg to client play-fork-run-f1f3601f-c146-4e12-a7ef-1e5ed9708271: DetachedLogEvent(LogSuccess(Total time: 0 s, completed 20-ago-2016 19:13:36))
Sending msg to client play-fork-run-f1f3601f-c146-4e12-a7ef-1e5ed9708271: DetachedLogEvent(LogMessage(debug,> server-post-command-cleanup))
Sending msg to client play-fork-run-f1f3601f-c146-4e12-a7ef-1e5ed9708271: ExecutionSuccess(39)
Sending msg to client play-fork-run-f1f3601f-c146-4e12-a7ef-1e5ed9708271: DetachedLogEvent(LogMessage(debug,> server-handle-next-server-request))
Sending msg to client play-fork-run-f1f3601f-c146-4e12-a7ef-1e5ed9708271: BackgroundJobLogEvent(5,LogMessage(info,p.c.s.NettyServer - Stopping server...))
Got request: UnlistenToEvents()
Reading next message from client.
Sending msg to client play-fork-run-f1f3601f-c146-4e12-a7ef-1e5ed9708271: (9,ReceivedResponse())
Got request: UnlistenToValue(AttributeKey[play.forkrun.protocol.ForkConfig]("playForkConfig") in Scope(Build: file:/C:/Users/da.rodriguez15/Documents/414545/Marketplace/, , Project: ProjectReference(file:/C:/Users/da.rodriguez15/Documents/414545/Marketplace/,root)))
Reading next message from client.
Client play-fork-run-f1f3601f-c146-4e12-a7ef-1e5ed9708271 EOF, shutting down.
Stopping client.
Client play-fork-run-f1f3601f-c146-4e12-a7ef-1e5ed9708271 thread exiting.
Dropping message (10,ReceivedResponse()) to dead client play-fork-run-f1f3601f-c146-4e12-a7ef-1e5ed9708271
Dropping message (0,ReceivedResponse()) to dead client play-fork-run-f1f3601f-c146-4e12-a7ef-1e5ed9708271
