New log file opened at Wed Aug 17 12:20:06 COT 2016 by 5684@ISIS2503-0069
jvm 5684@ISIS2503-0069
jvm vmName=Java HotSpot(TM) 64-Bit Server VM vmVendor=Oracle Corporation vmVersion=25.102-b14
jvm specName=Java Virtual Machine Specification specVendor=Oracle Corporation specVersion=1.8
jvm arguments: [-Xms256m, -Xmx1024m, -XX:MetaspaceSize=64m, -XX:MaxMetaspaceSize=256m]
Starting event engine
Starting sbt command engine
Waiting for sbt command engine
Command engine arguments=List()
Command engine baseDirectory=C:\Users\da.rodriguez15\Documents\Marketplace\play-java
Command engine initial remaining commands List(--initialize, onFailure load-failed, boot, server-send-ready-for-request, server-handle-next-server-request)
> --initialize
> initialize
> onFailure load-failed
> boot
> reload
[Loading] Scanning directory C:\Users\da.rodriguez15\Documents\Marketplace\play-java\project
[Loading] Found non-root projects 
[Loading] Done in C:\Users\da.rodriguez15\Documents\Marketplace\play-java\project, returning: ()
deducing auto plugins based on known facts Set(Atom(sbt.plugins.CorePlugin)) and clauses Clauses(List(Clause(Atom(sbt.plugins.JvmPlugin),Set(Atom(sbt.plugins.IvyPlugin))), Clause(Atom(sbt.plugins.JUnitXmlReportPlugin),Set(Atom(sbt.plugins.JvmPlugin))), Clause(Atom(sbt.plugins.CorePlugin),Set(Atom(sbt.plugins.IvyPlugin))), Clause(Atom(sbt.plugins.IvyPlugin),Set(Atom(sbt.plugins.JvmPlugin))), Clause(Atom(sbt.plugins.JvmPlugin),Set(Atom(sbt.plugins.JUnitXmlReportPlugin)))))
  :: deduced result: Matched(sbt.plugins.CorePlugin,sbt.plugins.IvyPlugin,sbt.plugins.JvmPlugin,sbt.plugins.JUnitXmlReportPlugin)
sorting: ns: List(sbt.plugins.CorePlugin, sbt.plugins.IvyPlugin, sbt.plugins.JvmPlugin, sbt.plugins.JUnitXmlReportPlugin)
  :: sorting:: found: List(sbt.plugins.CorePlugin) not found List(sbt.plugins.IvyPlugin, sbt.plugins.JvmPlugin, sbt.plugins.JUnitXmlReportPlugin)
  :: sorting:: found: List(sbt.plugins.CorePlugin, sbt.plugins.IvyPlugin) not found List(sbt.plugins.JvmPlugin, sbt.plugins.JUnitXmlReportPlugin)
  :: sorting:: found: List(sbt.plugins.CorePlugin, sbt.plugins.IvyPlugin, sbt.plugins.JvmPlugin) not found List(sbt.plugins.JUnitXmlReportPlugin)
  :: sorting:: found: List(sbt.plugins.CorePlugin, sbt.plugins.IvyPlugin, sbt.plugins.JvmPlugin, sbt.plugins.JUnitXmlReportPlugin) not found List()
  :: sorted deduced result: List(sbt.plugins.CorePlugin, sbt.plugins.IvyPlugin, sbt.plugins.JvmPlugin, sbt.plugins.JUnitXmlReportPlugin)
[Loading] Done in C:\Users\da.rodriguez15\Documents\Marketplace\play-java\project, returning: (play-java-build)
Loading project definition from C:\Users\da.rodriguez15\Documents\Marketplace\play-java\project
Running task... Cancel: sbt.TaskCancellationStrategy$Null$@27b1fc73, check cycles: false

Initial source changes: 
	removed:Set()
	added: Set()
	modified: Set()
Removed products: Set()
External API changes: API Changes: Set()
Modified binary dependencies: Set()
Initial directly invalidated sources: Set()

Sources indirectly invalidated by:
	product: Set()
	binary dep: Set()
	external source: Set()
All initially invalidated sources: Set()

Copy resource mappings: 
	
[Loading] Scanning directory C:\Users\da.rodriguez15\Documents\Marketplace\play-java
[Loading] Found root project root w/ remaining 
deducing auto plugins based on known facts Set(Atom(play.sbt.PlayJava), Atom(sbt.plugins.CorePlugin)) and clauses Clauses(List(Clause(Atom(sbt.plugins.JvmPlugin),Set(Atom(sbt.plugins.IvyPlugin))), Clause(Atom(sbt.plugins.JUnitXmlReportPlugin),Set(Atom(sbt.plugins.JvmPlugin))), Clause(Atom(play.sbt.forkrun.PlayForkRun),Set(Atom(sbt.plugins.BackgroundRunPlugin))), Clause(Atom(play.sbt.forkrun.PlayForkRun),Set(Atom(play.sbt.Play))), Clause(Atom(play.sbt.forkrun.PlayForkRun),Set(Atom(sbt.plugins.SerializersPlugin))), Clause(Atom(play.sbt.Play),Set(Atom(com.typesafe.sbt.packager.archetypes.JavaServerAppPackaging))), Clause(Atom(play.sbt.Play),Set(Atom(play.sbt.routes.RoutesCompiler))), Clause(Atom(play.sbt.Play),Set(Atom(play.twirl.sbt.SbtTwirl))), Clause(Atom(play.sbt.Play),Set(Atom(com.typesafe.sbt.jse.SbtJsTask))), Clause(Atom(play.sbt.PlayAkkaHttpServer),Set(Atom(play.sbt.Play))), Clause(Atom(play.sbt.PlayJava),Set(Atom(play.sbt.Play))), Clause(Atom(play.sbt.PlayLayoutPlugin),Set(Atom(play.sbt.Play))), Clause(Atom(play.sbt.PlayLogback),Set(Atom(play.sbt.Play))), Clause(Atom(play.sbt.PlayNettyServer),Set(Atom(play.sbt.Play))), Clause(Atom(play.sbt.PlayScala),Set(Atom(play.sbt.Play))), Clause(Atom(play.sbt.routes.RoutesCompiler),Set(Atom(sbt.plugins.JvmPlugin))), Clause(Atom(play.twirl.sbt.SbtTwirl),Set(Atom(sbt.plugins.JvmPlugin))), Clause(Atom(com.typesafe.sbt.packager.archetypes.AkkaAppPackaging),Set(Atom(com.typesafe.sbt.packager.archetypes.JavaAppPackaging))), Clause(Atom(com.typesafe.sbt.packager.archetypes.JavaAppPackaging),Set(Atom(com.typesafe.sbt.packager.windows.WindowsPlugin))), Clause(Atom(com.typesafe.sbt.packager.archetypes.JavaAppPackaging),Set(Atom(com.typesafe.sbt.packager.docker.DockerPlugin))), Clause(Atom(com.typesafe.sbt.packager.archetypes.JavaAppPackaging),Set(Atom(com.typesafe.sbt.packager.debian.DebianPlugin))), Clause(Atom(com.typesafe.sbt.packager.archetypes.JavaAppPackaging),Set(Atom(com.typesafe.sbt.packager.rpm.RpmPlugin))), Clause(Atom(com.typesafe.sbt.packager.archetypes.JavaServerAppPackaging),Set(Atom(com.typesafe.sbt.packager.archetypes.JavaAppPackaging))), Clause(Atom(com.typesafe.sbt.packager.archetypes.jar.ClasspathJarPlugin),Set(Atom(com.typesafe.sbt.packager.archetypes.JavaAppPackaging))), Clause(Atom(com.typesafe.sbt.packager.archetypes.jar.LauncherJarPlugin),Set(Atom(com.typesafe.sbt.packager.archetypes.JavaAppPackaging))), Clause(Atom(com.typesafe.sbt.packager.debian.DebianDeployPlugin),Set(Atom(com.typesafe.sbt.packager.debian.DebianPlugin))), Clause(Atom(com.typesafe.sbt.packager.debian.DebianPlugin),Set(Atom(com.typesafe.sbt.packager.linux.LinuxPlugin))), Clause(Atom(com.typesafe.sbt.packager.debian.JDebPackaging),Set(Atom(com.typesafe.sbt.packager.debian.DebianPlugin))), Clause(Atom(com.typesafe.sbt.packager.docker.DockerPlugin),Set(Atom(com.typesafe.sbt.packager.universal.UniversalPlugin))), Clause(Atom(com.typesafe.sbt.packager.jdkpackager.JDKPackagerDeployPlugin),Set(Atom(com.typesafe.sbt.packager.jdkpackager.JDKPackagerPlugin))), Clause(Atom(com.typesafe.sbt.packager.jdkpackager.JDKPackagerPlugin),Set(Atom(com.typesafe.sbt.packager.archetypes.JavaAppPackaging))), Clause(Atom(com.typesafe.sbt.packager.jdkpackager.JDKPackagerPlugin),Set(Atom(com.typesafe.sbt.packager.archetypes.jar.LauncherJarPlugin))), Clause(Atom(com.typesafe.sbt.packager.linux.LinuxPlugin),Set(Atom(com.typesafe.sbt.packager.universal.UniversalPlugin))), Clause(Atom(com.typesafe.sbt.packager.rpm.RpmDeployPlugin),Set(Atom(com.typesafe.sbt.packager.rpm.RpmPlugin))), Clause(Atom(com.typesafe.sbt.packager.rpm.RpmPlugin),Set(Atom(com.typesafe.sbt.packager.linux.LinuxPlugin))), Clause(Atom(com.typesafe.sbt.packager.universal.UniversalDeployPlugin),Set(Atom(com.typesafe.sbt.packager.universal.UniversalPlugin))), Clause(Atom(com.typesafe.sbt.packager.universal.UniversalPlugin),Set(Atom(com.typesafe.sbt.SbtNativePackager))), Clause(Atom(com.typesafe.sbt.packager.windows.WindowsDeployPlugin),Set(Atom(com.typesafe.sbt.packager.windows.WindowsPlugin))), Clause(Atom(com.typesafe.sbt.packager.windows.WindowsPlugin),Set(Atom(com.typesafe.sbt.packager.universal.UniversalPlugin))), Clause(Atom(com.typesafe.sbt.web.SbtWeb),Set(Atom(sbt.plugins.JvmPlugin))), Clause(Atom(com.typesafe.sbt.jse.SbtJsEngine),Set(Atom(com.typesafe.sbt.web.SbtWeb))), Clause(Atom(com.typesafe.sbt.jse.SbtJsTask),Set(Atom(com.typesafe.sbt.jse.SbtJsEngine))), Clause(Atom(sbt.plugins.BackgroundRunPlugin),Set(Atom(sbt.plugins.JvmPlugin))), Clause(Atom(com.typesafe.sbt.coffeescript.SbtCoffeeScript),Set(Atom(com.typesafe.sbt.jse.SbtJsTask))), Clause(Atom(com.typesafe.sbt.less.SbtLess),Set(Atom(com.typesafe.sbt.jse.SbtJsTask))), Clause(Atom(com.typesafe.sbt.jshint.SbtJSHint),Set(Atom(com.typesafe.sbt.jse.SbtJsTask))), Clause(Atom(com.typesafe.sbt.rjs.SbtRjs),Set(Atom(com.typesafe.sbt.jse.SbtJsTask))), Clause(Atom(com.typesafe.sbt.digest.SbtDigest),Set(Atom(com.typesafe.sbt.web.SbtWeb))), Clause(Atom(com.typesafe.sbt.mocha.SbtMocha),Set(Atom(com.typesafe.sbt.jse.SbtJsTask))), Clause(Atom(org.irundaia.sbt.sass.SbtSassify),Set(Atom(com.typesafe.sbt.web.SbtWeb))), Clause(Atom(com.typesafe.play.sbt.enhancer.PlayEnhancer),Set(Atom(sbt.plugins.JvmPlugin))), Clause(Atom(sbt.plugins.CorePlugin),Set(Atom(sbt.plugins.IvyPlugin))), Clause(Atom(sbt.plugins.IvyPlugin),Set(Atom(sbt.plugins.JvmPlugin))), Clause(Atom(sbt.plugins.JvmPlugin),Set(Atom(sbt.plugins.JUnitXmlReportPlugin))), Clause(And(Set(Atom(sbt.plugins.BackgroundRunPlugin), Atom(play.sbt.Play), Atom(sbt.plugins.SerializersPlugin))),Set(Atom(play.sbt.forkrun.PlayForkRun))), Clause(Atom(play.sbt.Play),Set(Atom(play.sbt.PlayLayoutPlugin))), Clause(Atom(play.sbt.Play),Set(Atom(play.sbt.PlayLogback))), Clause(Atom(play.sbt.Play),Set(Atom(play.sbt.PlayNettyServer))), Clause(Atom(com.typesafe.sbt.web.SbtWeb),Set(Atom(com.typesafe.sbt.jse.SbtJsEngine))), Clause(Atom(com.typesafe.sbt.jse.SbtJsEngine),Set(Atom(com.typesafe.sbt.jse.SbtJsTask))), Clause(Atom(sbt.plugins.JvmPlugin),Set(Atom(sbt.plugins.BackgroundRunPlugin))), Clause(Atom(sbt.plugins.CorePlugin),Set(Atom(sbt.plugins.InteractionServicePlugin))), Clause(Atom(sbt.plugins.CorePlugin),Set(Atom(sbt.plugins.SendEventServicePlugin))), Clause(Atom(sbt.plugins.CorePlugin),Set(Atom(sbt.plugins.SerializersPlugin))), Clause(Atom(com.typesafe.sbt.jse.SbtJsTask),Set(Atom(com.typesafe.sbt.coffeescript.SbtCoffeeScript))), Clause(Atom(com.typesafe.sbt.jse.SbtJsTask),Set(Atom(com.typesafe.sbt.less.SbtLess))), Clause(Atom(com.typesafe.sbt.jse.SbtJsTask),Set(Atom(com.typesafe.sbt.jshint.SbtJSHint))), Clause(Atom(com.typesafe.sbt.jse.SbtJsTask),Set(Atom(com.typesafe.sbt.rjs.SbtRjs))), Clause(Atom(com.typesafe.sbt.web.SbtWeb),Set(Atom(com.typesafe.sbt.digest.SbtDigest))), Clause(Atom(com.typesafe.sbt.jse.SbtJsTask),Set(Atom(com.typesafe.sbt.mocha.SbtMocha))), Clause(Atom(com.typesafe.sbt.web.SbtWeb),Set(Atom(org.irundaia.sbt.sass.SbtSassify))), Clause(Atom(sbt.plugins.JvmPlugin),Set(Atom(com.typesafe.play.sbt.enhancer.PlayEnhancer)))))
  :: deduced result: Matched(sbt.plugins.CorePlugin,play.sbt.PlayJava,sbt.plugins.InteractionServicePlugin,sbt.plugins.SendEventServicePlugin,play.sbt.Play,sbt.plugins.SerializersPlugin,sbt.plugins.IvyPlugin,com.typesafe.sbt.packager.archetypes.JavaServerAppPackaging,play.twirl.sbt.SbtTwirl,sbt.plugins.JvmPlugin,play.sbt.PlayNettyServer,play.sbt.PlayLayoutPlugin,play.sbt.routes.RoutesCompiler,play.sbt.PlayLogback,com.typesafe.sbt.jse.SbtJsTask,com.typesafe.sbt.jshint.SbtJSHint,com.typesafe.play.sbt.enhancer.PlayEnhancer,com.typesafe.sbt.packager.archetypes.JavaAppPackaging,sbt.plugins.JUnitXmlReportPlugin,com.typesafe.sbt.mocha.SbtMocha,com.typesafe.sbt.less.SbtLess,com.typesafe.sbt.rjs.SbtRjs,com.typesafe.sbt.jse.SbtJsEngine,com.typesafe.sbt.coffeescript.SbtCoffeeScript,sbt.plugins.BackgroundRunPlugin,com.typesafe.sbt.packager.rpm.RpmPlugin,com.typesafe.sbt.packager.windows.WindowsPlugin,com.typesafe.sbt.web.SbtWeb,com.typesafe.sbt.packager.docker.DockerPlugin,play.sbt.forkrun.PlayForkRun,com.typesafe.sbt.packager.debian.DebianPlugin,org.irundaia.sbt.sass.SbtSassify,com.typesafe.sbt.digest.SbtDigest,com.typesafe.sbt.packager.universal.UniversalPlugin,com.typesafe.sbt.packager.linux.LinuxPlugin,com.typesafe.sbt.SbtNativePackager)
sorting: ns: List(sbt.plugins.CorePlugin, play.sbt.PlayJava, sbt.plugins.InteractionServicePlugin, sbt.plugins.SendEventServicePlugin, play.sbt.Play, sbt.plugins.SerializersPlugin, sbt.plugins.IvyPlugin, com.typesafe.sbt.packager.archetypes.JavaServerAppPackaging, play.twirl.sbt.SbtTwirl, sbt.plugins.JvmPlugin, play.sbt.PlayNettyServer, play.sbt.PlayLayoutPlugin, play.sbt.routes.RoutesCompiler, play.sbt.PlayLogback, com.typesafe.sbt.jse.SbtJsTask, com.typesafe.sbt.jshint.SbtJSHint, com.typesafe.play.sbt.enhancer.PlayEnhancer, com.typesafe.sbt.packager.archetypes.JavaAppPackaging, sbt.plugins.JUnitXmlReportPlugin, com.typesafe.sbt.mocha.SbtMocha, com.typesafe.sbt.less.SbtLess, com.typesafe.sbt.rjs.SbtRjs, com.typesafe.sbt.jse.SbtJsEngine, com.typesafe.sbt.coffeescript.SbtCoffeeScript, sbt.plugins.BackgroundRunPlugin, com.typesafe.sbt.packager.rpm.RpmPlugin, com.typesafe.sbt.packager.windows.WindowsPlugin, com.typesafe.sbt.web.SbtWeb, com.typesafe.sbt.packager.docker.DockerPlugin, play.sbt.forkrun.PlayForkRun, com.typesafe.sbt.packager.debian.DebianPlugin, org.irundaia.sbt.sass.SbtSassify, com.typesafe.sbt.digest.SbtDigest, com.typesafe.sbt.packager.universal.UniversalPlugin, com.typesafe.sbt.packager.linux.LinuxPlugin, com.typesafe.sbt.SbtNativePackager)
  :: sorting:: found: List(sbt.plugins.CorePlugin, com.typesafe.sbt.SbtNativePackager) not found List(play.sbt.PlayJava, sbt.plugins.InteractionServicePlugin, sbt.plugins.SendEventServicePlugin, play.sbt.Play, sbt.plugins.SerializersPlugin, sbt.plugins.IvyPlugin, com.typesafe.sbt.packager.archetypes.JavaServerAppPackaging, play.twirl.sbt.SbtTwirl, sbt.plugins.JvmPlugin, play.sbt.PlayNettyServer, play.sbt.PlayLayoutPlugin, play.sbt.routes.RoutesCompiler, play.sbt.PlayLogback, com.typesafe.sbt.jse.SbtJsTask, com.typesafe.sbt.jshint.SbtJSHint, com.typesafe.play.sbt.enhancer.PlayEnhancer, com.typesafe.sbt.packager.archetypes.JavaAppPackaging, sbt.plugins.JUnitXmlReportPlugin, com.typesafe.sbt.mocha.SbtMocha, com.typesafe.sbt.less.SbtLess, com.typesafe.sbt.rjs.SbtRjs, com.typesafe.sbt.jse.SbtJsEngine, com.typesafe.sbt.coffeescript.SbtCoffeeScript, sbt.plugins.BackgroundRunPlugin, com.typesafe.sbt.packager.rpm.RpmPlugin, com.typesafe.sbt.packager.windows.WindowsPlugin, com.typesafe.sbt.web.SbtWeb, com.typesafe.sbt.packager.docker.DockerPlugin, play.sbt.forkrun.PlayForkRun, com.typesafe.sbt.packager.debian.DebianPlugin, org.irundaia.sbt.sass.SbtSassify, com.typesafe.sbt.digest.SbtDigest, com.typesafe.sbt.packager.universal.UniversalPlugin, com.typesafe.sbt.packager.linux.LinuxPlugin)
  :: sorting:: found: List(sbt.plugins.CorePlugin, com.typesafe.sbt.SbtNativePackager, sbt.plugins.InteractionServicePlugin, sbt.plugins.SendEventServicePlugin, sbt.plugins.SerializersPlugin, sbt.plugins.IvyPlugin, com.typesafe.sbt.packager.universal.UniversalPlugin) not found List(play.sbt.PlayJava, play.sbt.Play, com.typesafe.sbt.packager.archetypes.JavaServerAppPackaging, play.twirl.sbt.SbtTwirl, sbt.plugins.JvmPlugin, play.sbt.PlayNettyServer, play.sbt.PlayLayoutPlugin, play.sbt.routes.RoutesCompiler, play.sbt.PlayLogback, com.typesafe.sbt.jse.SbtJsTask, com.typesafe.sbt.jshint.SbtJSHint, com.typesafe.play.sbt.enhancer.PlayEnhancer, com.typesafe.sbt.packager.archetypes.JavaAppPackaging, sbt.plugins.JUnitXmlReportPlugin, com.typesafe.sbt.mocha.SbtMocha, com.typesafe.sbt.less.SbtLess, com.typesafe.sbt.rjs.SbtRjs, com.typesafe.sbt.jse.SbtJsEngine, com.typesafe.sbt.coffeescript.SbtCoffeeScript, sbt.plugins.BackgroundRunPlugin, com.typesafe.sbt.packager.rpm.RpmPlugin, com.typesafe.sbt.packager.windows.WindowsPlugin, com.typesafe.sbt.web.SbtWeb, com.typesafe.sbt.packager.docker.DockerPlugin, play.sbt.forkrun.PlayForkRun, com.typesafe.sbt.packager.debian.DebianPlugin, org.irundaia.sbt.sass.SbtSassify, com.typesafe.sbt.digest.SbtDigest, com.typesafe.sbt.packager.linux.LinuxPlugin)
  :: sorting:: found: List(sbt.plugins.CorePlugin, com.typesafe.sbt.SbtNativePackager, sbt.plugins.InteractionServicePlugin, sbt.plugins.SendEventServicePlugin, sbt.plugins.SerializersPlugin, sbt.plugins.IvyPlugin, com.typesafe.sbt.packager.universal.UniversalPlugin, sbt.plugins.JvmPlugin, com.typesafe.sbt.packager.windows.WindowsPlugin, com.typesafe.sbt.packager.docker.DockerPlugin, com.typesafe.sbt.packager.linux.LinuxPlugin) not found List(play.sbt.PlayJava, play.sbt.Play, com.typesafe.sbt.packager.archetypes.JavaServerAppPackaging, play.twirl.sbt.SbtTwirl, play.sbt.PlayNettyServer, play.sbt.PlayLayoutPlugin, play.sbt.routes.RoutesCompiler, play.sbt.PlayLogback, com.typesafe.sbt.jse.SbtJsTask, com.typesafe.sbt.jshint.SbtJSHint, com.typesafe.play.sbt.enhancer.PlayEnhancer, com.typesafe.sbt.packager.archetypes.JavaAppPackaging, sbt.plugins.JUnitXmlReportPlugin, com.typesafe.sbt.mocha.SbtMocha, com.typesafe.sbt.less.SbtLess, com.typesafe.sbt.rjs.SbtRjs, com.typesafe.sbt.jse.SbtJsEngine, com.typesafe.sbt.coffeescript.SbtCoffeeScript, sbt.plugins.BackgroundRunPlugin, com.typesafe.sbt.packager.rpm.RpmPlugin, com.typesafe.sbt.web.SbtWeb, play.sbt.forkrun.PlayForkRun, com.typesafe.sbt.packager.debian.DebianPlugin, org.irundaia.sbt.sass.SbtSassify, com.typesafe.sbt.digest.SbtDigest)
  :: sorting:: found: List(sbt.plugins.CorePlugin, com.typesafe.sbt.SbtNativePackager, sbt.plugins.InteractionServicePlugin, sbt.plugins.SendEventServicePlugin, sbt.plugins.SerializersPlugin, sbt.plugins.IvyPlugin, com.typesafe.sbt.packager.universal.UniversalPlugin, sbt.plugins.JvmPlugin, com.typesafe.sbt.packager.windows.WindowsPlugin, com.typesafe.sbt.packager.docker.DockerPlugin, com.typesafe.sbt.packager.linux.LinuxPlugin, play.twirl.sbt.SbtTwirl, play.sbt.routes.RoutesCompiler, com.typesafe.play.sbt.enhancer.PlayEnhancer, sbt.plugins.JUnitXmlReportPlugin, sbt.plugins.BackgroundRunPlugin, com.typesafe.sbt.packager.rpm.RpmPlugin, com.typesafe.sbt.web.SbtWeb, com.typesafe.sbt.packager.debian.DebianPlugin) not found List(play.sbt.PlayJava, play.sbt.Play, com.typesafe.sbt.packager.archetypes.JavaServerAppPackaging, play.sbt.PlayNettyServer, play.sbt.PlayLayoutPlugin, play.sbt.PlayLogback, com.typesafe.sbt.jse.SbtJsTask, com.typesafe.sbt.jshint.SbtJSHint, com.typesafe.sbt.packager.archetypes.JavaAppPackaging, com.typesafe.sbt.mocha.SbtMocha, com.typesafe.sbt.less.SbtLess, com.typesafe.sbt.rjs.SbtRjs, com.typesafe.sbt.jse.SbtJsEngine, com.typesafe.sbt.coffeescript.SbtCoffeeScript, play.sbt.forkrun.PlayForkRun, org.irundaia.sbt.sass.SbtSassify, com.typesafe.sbt.digest.SbtDigest)
  :: sorting:: found: List(sbt.plugins.CorePlugin, com.typesafe.sbt.SbtNativePackager, sbt.plugins.InteractionServicePlugin, sbt.plugins.SendEventServicePlugin, sbt.plugins.SerializersPlugin, sbt.plugins.IvyPlugin, com.typesafe.sbt.packager.universal.UniversalPlugin, sbt.plugins.JvmPlugin, com.typesafe.sbt.packager.windows.WindowsPlugin, com.typesafe.sbt.packager.docker.DockerPlugin, com.typesafe.sbt.packager.linux.LinuxPlugin, play.twirl.sbt.SbtTwirl, play.sbt.routes.RoutesCompiler, com.typesafe.play.sbt.enhancer.PlayEnhancer, sbt.plugins.JUnitXmlReportPlugin, sbt.plugins.BackgroundRunPlugin, com.typesafe.sbt.packager.rpm.RpmPlugin, com.typesafe.sbt.web.SbtWeb, com.typesafe.sbt.packager.debian.DebianPlugin, com.typesafe.sbt.packager.archetypes.JavaAppPackaging, com.typesafe.sbt.jse.SbtJsEngine, org.irundaia.sbt.sass.SbtSassify, com.typesafe.sbt.digest.SbtDigest) not found List(play.sbt.PlayJava, play.sbt.Play, com.typesafe.sbt.packager.archetypes.JavaServerAppPackaging, play.sbt.PlayNettyServer, play.sbt.PlayLayoutPlugin, play.sbt.PlayLogback, com.typesafe.sbt.jse.SbtJsTask, com.typesafe.sbt.jshint.SbtJSHint, com.typesafe.sbt.mocha.SbtMocha, com.typesafe.sbt.less.SbtLess, com.typesafe.sbt.rjs.SbtRjs, com.typesafe.sbt.coffeescript.SbtCoffeeScript, play.sbt.forkrun.PlayForkRun)
  :: sorting:: found: List(sbt.plugins.CorePlugin, com.typesafe.sbt.SbtNativePackager, sbt.plugins.InteractionServicePlugin, sbt.plugins.SendEventServicePlugin, sbt.plugins.SerializersPlugin, sbt.plugins.IvyPlugin, com.typesafe.sbt.packager.universal.UniversalPlugin, sbt.plugins.JvmPlugin, com.typesafe.sbt.packager.windows.WindowsPlugin, com.typesafe.sbt.packager.docker.DockerPlugin, com.typesafe.sbt.packager.linux.LinuxPlugin, play.twirl.sbt.SbtTwirl, play.sbt.routes.RoutesCompiler, com.typesafe.play.sbt.enhancer.PlayEnhancer, sbt.plugins.JUnitXmlReportPlugin, sbt.plugins.BackgroundRunPlugin, com.typesafe.sbt.packager.rpm.RpmPlugin, com.typesafe.sbt.web.SbtWeb, com.typesafe.sbt.packager.debian.DebianPlugin, com.typesafe.sbt.packager.archetypes.JavaAppPackaging, com.typesafe.sbt.jse.SbtJsEngine, org.irundaia.sbt.sass.SbtSassify, com.typesafe.sbt.digest.SbtDigest, com.typesafe.sbt.packager.archetypes.JavaServerAppPackaging, com.typesafe.sbt.jse.SbtJsTask) not found List(play.sbt.PlayJava, play.sbt.Play, play.sbt.PlayNettyServer, play.sbt.PlayLayoutPlugin, play.sbt.PlayLogback, com.typesafe.sbt.jshint.SbtJSHint, com.typesafe.sbt.mocha.SbtMocha, com.typesafe.sbt.less.SbtLess, com.typesafe.sbt.rjs.SbtRjs, com.typesafe.sbt.coffeescript.SbtCoffeeScript, play.sbt.forkrun.PlayForkRun)
  :: sorting:: found: List(sbt.plugins.CorePlugin, com.typesafe.sbt.SbtNativePackager, sbt.plugins.InteractionServicePlugin, sbt.plugins.SendEventServicePlugin, sbt.plugins.SerializersPlugin, sbt.plugins.IvyPlugin, com.typesafe.sbt.packager.universal.UniversalPlugin, sbt.plugins.JvmPlugin, com.typesafe.sbt.packager.windows.WindowsPlugin, com.typesafe.sbt.packager.docker.DockerPlugin, com.typesafe.sbt.packager.linux.LinuxPlugin, play.twirl.sbt.SbtTwirl, play.sbt.routes.RoutesCompiler, com.typesafe.play.sbt.enhancer.PlayEnhancer, sbt.plugins.JUnitXmlReportPlugin, sbt.plugins.BackgroundRunPlugin, com.typesafe.sbt.packager.rpm.RpmPlugin, com.typesafe.sbt.web.SbtWeb, com.typesafe.sbt.packager.debian.DebianPlugin, com.typesafe.sbt.packager.archetypes.JavaAppPackaging, com.typesafe.sbt.jse.SbtJsEngine, org.irundaia.sbt.sass.SbtSassify, com.typesafe.sbt.digest.SbtDigest, com.typesafe.sbt.packager.archetypes.JavaServerAppPackaging, com.typesafe.sbt.jse.SbtJsTask, play.sbt.Play, com.typesafe.sbt.jshint.SbtJSHint, com.typesafe.sbt.mocha.SbtMocha, com.typesafe.sbt.less.SbtLess, com.typesafe.sbt.rjs.SbtRjs, com.typesafe.sbt.coffeescript.SbtCoffeeScript) not found List(play.sbt.PlayJava, play.sbt.PlayNettyServer, play.sbt.PlayLayoutPlugin, play.sbt.PlayLogback, play.sbt.forkrun.PlayForkRun)
  :: sorting:: found: List(sbt.plugins.CorePlugin, com.typesafe.sbt.SbtNativePackager, sbt.plugins.InteractionServicePlugin, sbt.plugins.SendEventServicePlugin, sbt.plugins.SerializersPlugin, sbt.plugins.IvyPlugin, com.typesafe.sbt.packager.universal.UniversalPlugin, sbt.plugins.JvmPlugin, com.typesafe.sbt.packager.windows.WindowsPlugin, com.typesafe.sbt.packager.docker.DockerPlugin, com.typesafe.sbt.packager.linux.LinuxPlugin, play.twirl.sbt.SbtTwirl, play.sbt.routes.RoutesCompiler, com.typesafe.play.sbt.enhancer.PlayEnhancer, sbt.plugins.JUnitXmlReportPlugin, sbt.plugins.BackgroundRunPlugin, com.typesafe.sbt.packager.rpm.RpmPlugin, com.typesafe.sbt.web.SbtWeb, com.typesafe.sbt.packager.debian.DebianPlugin, com.typesafe.sbt.packager.archetypes.JavaAppPackaging, com.typesafe.sbt.jse.SbtJsEngine, org.irundaia.sbt.sass.SbtSassify, com.typesafe.sbt.digest.SbtDigest, com.typesafe.sbt.packager.archetypes.JavaServerAppPackaging, com.typesafe.sbt.jse.SbtJsTask, play.sbt.Play, com.typesafe.sbt.jshint.SbtJSHint, com.typesafe.sbt.mocha.SbtMocha, com.typesafe.sbt.less.SbtLess, com.typesafe.sbt.rjs.SbtRjs, com.typesafe.sbt.coffeescript.SbtCoffeeScript, play.sbt.PlayJava, play.sbt.PlayNettyServer, play.sbt.PlayLayoutPlugin, play.sbt.PlayLogback, play.sbt.forkrun.PlayForkRun) not found List()
  :: sorted deduced result: List(sbt.plugins.CorePlugin, com.typesafe.sbt.SbtNativePackager, sbt.plugins.InteractionServicePlugin, sbt.plugins.SendEventServicePlugin, sbt.plugins.SerializersPlugin, sbt.plugins.IvyPlugin, com.typesafe.sbt.packager.universal.UniversalPlugin, sbt.plugins.JvmPlugin, com.typesafe.sbt.packager.windows.WindowsPlugin, com.typesafe.sbt.packager.docker.DockerPlugin, com.typesafe.sbt.packager.linux.LinuxPlugin, play.twirl.sbt.SbtTwirl, play.sbt.routes.RoutesCompiler, com.typesafe.play.sbt.enhancer.PlayEnhancer, sbt.plugins.JUnitXmlReportPlugin, sbt.plugins.BackgroundRunPlugin, com.typesafe.sbt.packager.rpm.RpmPlugin, com.typesafe.sbt.web.SbtWeb, com.typesafe.sbt.packager.debian.DebianPlugin, com.typesafe.sbt.packager.archetypes.JavaAppPackaging, com.typesafe.sbt.jse.SbtJsEngine, org.irundaia.sbt.sass.SbtSassify, com.typesafe.sbt.digest.SbtDigest, com.typesafe.sbt.packager.archetypes.JavaServerAppPackaging, com.typesafe.sbt.jse.SbtJsTask, play.sbt.Play, com.typesafe.sbt.jshint.SbtJSHint, com.typesafe.sbt.mocha.SbtMocha, com.typesafe.sbt.less.SbtLess, com.typesafe.sbt.rjs.SbtRjs, com.typesafe.sbt.coffeescript.SbtCoffeeScript, play.sbt.PlayJava, play.sbt.PlayNettyServer, play.sbt.PlayLayoutPlugin, play.sbt.PlayLogback, play.sbt.forkrun.PlayForkRun)
[Loading] Done in C:\Users\da.rodriguez15\Documents\Marketplace\play-java, returning: (root)
Set current project to play-java (in build file:/C:/Users/da.rodriguez15/Documents/Marketplace/play-java/)
Reapplying settings...
Set current project to play-java (in build file:/C:/Users/da.rodriguez15/Documents/Marketplace/play-java/)
> iflast shell
> server-send-ready-for-request
> server-handle-next-server-request
> compile
Evaluating tasks: compile:compile
Running task... Cancel: sbt.server.ServerTaskCancellation@1175c4c0, check cycles: false

Initial source changes: 
	removed:Set()
	added: Set(C:\Users\da.rodriguez15\Documents\Marketplace\play-java\app\models\Product.java)
	modified: Set(C:\Users\da.rodriguez15\Documents\Marketplace\play-java\app\controllers\Application.java, C:\Users\da.rodriguez15\Documents\Marketplace\play-java\app\controllers\ProductoController.java)
Removed products: Set()
External API changes: API Changes: Set()
Modified binary dependencies: Set()
Initial directly invalidated sources: Set(C:\Users\da.rodriguez15\Documents\Marketplace\play-java\app\controllers\Application.java, C:\Users\da.rodriguez15\Documents\Marketplace\play-java\app\controllers\ProductoController.java, C:\Users\da.rodriguez15\Documents\Marketplace\play-java\app\models\Product.java)

Sources indirectly invalidated by:
	product: Set()
	binary dep: Set()
	external source: Set()
All initially invalidated sources: Set(C:\Users\da.rodriguez15\Documents\Marketplace\play-java\app\controllers\Application.java, C:\Users\da.rodriguez15\Documents\Marketplace\play-java\app\controllers\ProductoController.java, C:\Users\da.rodriguez15\Documents\Marketplace\play-java\app\models\Product.java)

Read from stdout: Compiling 3 Java sources to C:\Users\da.rodriguez15\Documents\Marketplace\play-java\target\scala-2.11\classes...
Compiling 3 Java sources to C:\Users\da.rodriguez15\Documents\Marketplace\play-java\target\scala-2.11\classes...
Attempting to call com.sun.tools.javac.api.JavacTool@6739dde7 directly...
java.lang.RuntimeException: Invalid position: 0
java.lang.RuntimeException: java.lang.RuntimeException: Invalid position: 0
	at com.sun.tools.javac.main.Main.compile(Main.java:559)
	at com.sun.tools.javac.api.JavacTaskImpl.doCall(JavacTaskImpl.java:129)
	at com.sun.tools.javac.api.JavacTaskImpl.call(JavacTaskImpl.java:138)
	at sbt.compiler.javac.LocalJavaCompiler.run(LocalJava.scala:69)
	at sbt.compiler.javac.JavaCompilerAdapter.compileWithReporter(JavaCompilerAdapter.scala:31)
	at sbt.compiler.javac.AnalyzingJavaCompiler$$anonfun$compile$1.apply$mcV$sp(AnalyzingJavaCompiler.scala:65)
	at sbt.compiler.javac.AnalyzingJavaCompiler$$anonfun$compile$1.apply(AnalyzingJavaCompiler.scala:65)
	at sbt.compiler.javac.AnalyzingJavaCompiler$$anonfun$compile$1.apply(AnalyzingJavaCompiler.scala:65)
	at sbt.compiler.javac.AnalyzingJavaCompiler.timed(AnalyzingJavaCompiler.scala:93)
	at sbt.compiler.javac.AnalyzingJavaCompiler.compile(AnalyzingJavaCompiler.scala:64)
	at sbt.compiler.MixedAnalyzingCompiler$$anonfun$compileJava$1$1.apply$mcV$sp(MixedAnalyzingCompiler.scala:61)
	at sbt.compiler.MixedAnalyzingCompiler$$anonfun$compileJava$1$1.apply(MixedAnalyzingCompiler.scala:61)
	at sbt.compiler.MixedAnalyzingCompiler$$anonfun$compileJava$1$1.apply(MixedAnalyzingCompiler.scala:61)
	at sbt.compiler.MixedAnalyzingCompiler.timed(MixedAnalyzingCompiler.scala:75)
	at sbt.compiler.MixedAnalyzingCompiler.compileJava$1(MixedAnalyzingCompiler.scala:60)
	at sbt.compiler.MixedAnalyzingCompiler.compile(MixedAnalyzingCompiler.scala:65)
	at sbt.compiler.IC$$anonfun$compileInternal$1.apply(IncrementalCompiler.scala:160)
	at sbt.compiler.IC$$anonfun$compileInternal$1.apply(IncrementalCompiler.scala:160)
	at sbt.inc.IncrementalCompile$$anonfun$doCompile$1.apply(Compile.scala:66)
	at sbt.inc.IncrementalCompile$$anonfun$doCompile$1.apply(Compile.scala:64)
	at sbt.inc.IncrementalCommon.cycle(IncrementalCommon.scala:31)
	at sbt.inc.Incremental$$anonfun$1.apply(Incremental.scala:62)
	at sbt.inc.Incremental$$anonfun$1.apply(Incremental.scala:61)
	at sbt.inc.Incremental$.manageClassfiles(Incremental.scala:89)
	at sbt.inc.Incremental$.compile(Incremental.scala:61)
	at sbt.inc.IncrementalCompile$.apply(Compile.scala:54)
	at sbt.compiler.IC$.compileInternal(IncrementalCompiler.scala:160)
	at sbt.compiler.IC$.incrementalCompile(IncrementalCompiler.scala:138)
	at sbt.Compiler$.compile(Compiler.scala:128)
	at sbt.Defaults$.sbt$Defaults$$compileIncrementalTaskImpl(Defaults.scala:813)
	at sbt.Defaults$$anonfun$compileIncrementalTask$1.apply(Defaults.scala:805)
	at sbt.Defaults$$anonfun$compileIncrementalTask$1.apply(Defaults.scala:803)
	at scala.Function1$$anonfun$compose$1.apply(Function1.scala:47)
	at sbt.$tilde$greater$$anonfun$$u2219$1.apply(TypeFunctions.scala:40)
	at sbt.std.Transform$$anon$4.work(System.scala:63)
	at sbt.Execute$$anonfun$submit$1$$anonfun$apply$1.apply(Execute.scala:226)
	at sbt.Execute$$anonfun$submit$1$$anonfun$apply$1.apply(Execute.scala:226)
	at sbt.ErrorHandling$.wideConvert(ErrorHandling.scala:17)
	at sbt.Execute.work(Execute.scala:235)
	at sbt.Execute$$anonfun$submit$1.apply(Execute.scala:226)
	at sbt.Execute$$anonfun$submit$1.apply(Execute.scala:226)
	at sbt.ConcurrentRestrictions$$anon$4$$anonfun$1.apply(ConcurrentRestrictions.scala:159)
	at sbt.CompletionService$$anon$2.call(CompletionService.scala:28)
	at java.util.concurrent.FutureTask.run(FutureTask.java:266)
	at java.util.concurrent.Executors$RunnableAdapter.call(Executors.java:511)
	at java.util.concurrent.FutureTask.run(FutureTask.java:266)
	at java.util.concurrent.ThreadPoolExecutor.runWorker(ThreadPoolExecutor.java:1142)
	at java.util.concurrent.ThreadPoolExecutor$Worker.run(ThreadPoolExecutor.java:617)
	at java.lang.Thread.run(Thread.java:745)
Caused by: java.lang.RuntimeException: Invalid position: 0
	at scala.sys.package$.error(package.scala:27)
	at sbt.compiler.javac.DiagnosticsReporter$$anon$1.checkNoPos(DiagnosticsReporter.scala:64)
	at sbt.compiler.javac.DiagnosticsReporter$$anon$1.<init>(DiagnosticsReporter.scala:71)
	at sbt.compiler.javac.DiagnosticsReporter.report(DiagnosticsReporter.scala:58)
	at com.sun.tools.javac.api.ClientCodeWrapper$WrappedDiagnosticListener.report(ClientCodeWrapper.java:593)
	at com.sun.tools.javac.util.Log.writeDiagnostic(Log.java:616)
	at com.sun.tools.javac.util.Log$DefaultDiagnosticHandler.report(Log.java:600)
	at com.sun.tools.javac.util.Log.report(Log.java:562)
	at com.sun.tools.javac.util.AbstractLog.error(AbstractLog.java:107)
	at com.sun.tools.javac.parser.JavacParser.error(JavacParser.java:3859)
	at com.sun.tools.javac.parser.JavacParser.reportSyntaxError(JavacParser.java:460)
	at com.sun.tools.javac.parser.JavacParser.syntaxError(JavacParser.java:430)
	at com.sun.tools.javac.parser.JavacParser.classOrInterfaceOrEnumDeclaration(JavacParser.java:3241)
	at com.sun.tools.javac.parser.JavacParser.typeDeclaration(JavacParser.java:3215)
	at com.sun.tools.javac.parser.JavacParser.parseCompilationUnit(JavacParser.java:3155)
	at com.sun.tools.javac.main.JavaCompiler.parse(JavaCompiler.java:628)
	at com.sun.tools.javac.main.JavaCompiler.parse(JavaCompiler.java:665)
	at com.sun.tools.javac.main.JavaCompiler.parseFiles(JavaCompiler.java:950)
	at com.sun.tools.javac.main.JavaCompiler.compile(JavaCompiler.java:857)
	at com.sun.tools.javac.main.Main.compile(Main.java:523)
	at com.sun.tools.javac.api.JavacTaskImpl.doCall(JavacTaskImpl.java:129)
	at com.sun.tools.javac.api.JavacTaskImpl.call(JavacTaskImpl.java:138)
	at sbt.compiler.javac.LocalJavaCompiler.run(LocalJava.scala:69)
	at sbt.compiler.javac.JavaCompilerAdapter.compileWithReporter(JavaCompilerAdapter.scala:31)
	at sbt.compiler.javac.AnalyzingJavaCompiler$$anonfun$compile$1.apply$mcV$sp(AnalyzingJavaCompiler.scala:65)
	at sbt.compiler.javac.AnalyzingJavaCompiler$$anonfun$compile$1.apply(AnalyzingJavaCompiler.scala:65)
	at sbt.compiler.javac.AnalyzingJavaCompiler$$anonfun$compile$1.apply(AnalyzingJavaCompiler.scala:65)
	at sbt.compiler.javac.AnalyzingJavaCompiler.timed(AnalyzingJavaCompiler.scala:93)
	at sbt.compiler.javac.AnalyzingJavaCompiler.compile(AnalyzingJavaCompiler.scala:64)
	at sbt.compiler.MixedAnalyzingCompiler$$anonfun$compileJava$1$1.apply$mcV$sp(MixedAnalyzingCompiler.scala:61)
	at sbt.compiler.MixedAnalyzingCompiler$$anonfun$compileJava$1$1.apply(MixedAnalyzingCompiler.scala:61)
	at sbt.compiler.MixedAnalyzingCompiler$$anonfun$compileJava$1$1.apply(MixedAnalyzingCompiler.scala:61)
	at sbt.compiler.MixedAnalyzingCompiler.timed(MixedAnalyzingCompiler.scala:75)
	at sbt.compiler.MixedAnalyzingCompiler.compileJava$1(MixedAnalyzingCompiler.scala:60)
	at sbt.compiler.MixedAnalyzingCompiler.compile(MixedAnalyzingCompiler.scala:65)
	at sbt.compiler.IC$$anonfun$compileInternal$1.apply(IncrementalCompiler.scala:160)
	at sbt.compiler.IC$$anonfun$compileInternal$1.apply(IncrementalCompiler.scala:160)
	at sbt.inc.IncrementalCompile$$anonfun$doCompile$1.apply(Compile.scala:66)
	at sbt.inc.IncrementalCompile$$anonfun$doCompile$1.apply(Compile.scala:64)
	at sbt.inc.IncrementalCommon.cycle(IncrementalCommon.scala:31)
	at sbt.inc.Incremental$$anonfun$1.apply(Incremental.scala:62)
	at sbt.inc.Incremental$$anonfun$1.apply(Incremental.scala:61)
	at sbt.inc.Incremental$.manageClassfiles(Incremental.scala:89)
	at sbt.inc.Incremental$.compile(Incremental.scala:61)
	at sbt.inc.IncrementalCompile$.apply(Compile.scala:54)
	at sbt.compiler.IC$.compileInternal(IncrementalCompiler.scala:160)
	at sbt.compiler.IC$.incrementalCompile(IncrementalCompiler.scala:138)
	at sbt.Compiler$.compile(Compiler.scala:128)
	at sbt.Defaults$.sbt$Defaults$$compileIncrementalTaskImpl(Defaults.scala:813)
	at sbt.Defaults$$anonfun$compileIncrementalTask$1.apply(Defaults.scala:805)
	at sbt.Defaults$$anonfun$compileIncrementalTask$1.apply(Defaults.scala:803)
	at scala.Function1$$anonfun$compose$1.apply(Function1.scala:47)
	at sbt.$tilde$greater$$anonfun$$u2219$1.apply(TypeFunctions.scala:40)
	at sbt.std.Transform$$anon$4.work(System.scala:63)
	at sbt.Execute$$anonfun$submit$1$$anonfun$apply$1.apply(Execute.scala:226)
	at sbt.Execute$$anonfun$submit$1$$anonfun$apply$1.apply(Execute.scala:226)
	at sbt.ErrorHandling$.wideConvert(ErrorHandling.scala:17)
	at sbt.Execute.work(Execute.scala:235)
	at sbt.Execute$$anonfun$submit$1.apply(Execute.scala:226)
	at sbt.Execute$$anonfun$submit$1.apply(Execute.scala:226)
	at sbt.ConcurrentRestrictions$$anon$4$$anonfun$1.apply(ConcurrentRestrictions.scala:159)
	at sbt.CompletionService$$anon$2.call(CompletionService.scala:28)
	at java.util.concurrent.FutureTask.run(FutureTask.java:266)
	at java.util.concurrent.Executors$RunnableAdapter.call(Executors.java:511)
	at java.util.concurrent.FutureTask.run(FutureTask.java:266)
	at java.util.concurrent.ThreadPoolExecutor.runWorker(ThreadPoolExecutor.java:1142)
	at java.util.concurrent.ThreadPoolExecutor$Worker.run(ThreadPoolExecutor.java:617)
	at java.lang.Thread.run(Thread.java:745)
Read from stdout: (compile:compileIncremental) java.lang.RuntimeException: Invalid position: 0
(compile:compileIncremental) java.lang.RuntimeException: Invalid position: 0
Total time: 5 s, completed 17-ago-2016 12:20:41
> server-post-command-error-handler
> server-post-command-cleanup
> server-handle-next-server-request
> {file:/C:/Users/da.rodriguez15/Documents/Marketplace/play-java/}root/compile:discoveredMainClasses
Evaluating tasks: compile:discoveredMainClasses
Running task... Cancel: sbt.server.ServerTaskCancellation@2be46d89, check cycles: false

Initial source changes: 
	removed:Set()
	added: Set(C:\Users\da.rodriguez15\Documents\Marketplace\play-java\app\models\Product.java)
	modified: Set(C:\Users\da.rodriguez15\Documents\Marketplace\play-java\app\controllers\Application.java, C:\Users\da.rodriguez15\Documents\Marketplace\play-java\app\controllers\ProductoController.java)
Removed products: Set()
External API changes: API Changes: Set()
Modified binary dependencies: Set()
Initial directly invalidated sources: Set(C:\Users\da.rodriguez15\Documents\Marketplace\play-java\app\controllers\Application.java, C:\Users\da.rodriguez15\Documents\Marketplace\play-java\app\controllers\ProductoController.java, C:\Users\da.rodriguez15\Documents\Marketplace\play-java\app\models\Product.java)

Sources indirectly invalidated by:
	product: Set()
	binary dep: Set()
	external source: Set()
All initially invalidated sources: Set(C:\Users\da.rodriguez15\Documents\Marketplace\play-java\app\controllers\Application.java, C:\Users\da.rodriguez15\Documents\Marketplace\play-java\app\controllers\ProductoController.java, C:\Users\da.rodriguez15\Documents\Marketplace\play-java\app\models\Product.java)

Read from stdout: Compiling 3 Java sources to C:\Users\da.rodriguez15\Documents\Marketplace\play-java\target\scala-2.11\classes...
Compiling 3 Java sources to C:\Users\da.rodriguez15\Documents\Marketplace\play-java\target\scala-2.11\classes...
Attempting to call com.sun.tools.javac.api.JavacTool@5c7ee23c directly...
java.lang.RuntimeException: Invalid position: 0
java.lang.RuntimeException: java.lang.RuntimeException: Invalid position: 0
	at com.sun.tools.javac.main.Main.compile(Main.java:559)
	at com.sun.tools.javac.api.JavacTaskImpl.doCall(JavacTaskImpl.java:129)
	at com.sun.tools.javac.api.JavacTaskImpl.call(JavacTaskImpl.java:138)
	at sbt.compiler.javac.LocalJavaCompiler.run(LocalJava.scala:69)
	at sbt.compiler.javac.JavaCompilerAdapter.compileWithReporter(JavaCompilerAdapter.scala:31)
	at sbt.compiler.javac.AnalyzingJavaCompiler$$anonfun$compile$1.apply$mcV$sp(AnalyzingJavaCompiler.scala:65)
	at sbt.compiler.javac.AnalyzingJavaCompiler$$anonfun$compile$1.apply(AnalyzingJavaCompiler.scala:65)
	at sbt.compiler.javac.AnalyzingJavaCompiler$$anonfun$compile$1.apply(AnalyzingJavaCompiler.scala:65)
	at sbt.compiler.javac.AnalyzingJavaCompiler.timed(AnalyzingJavaCompiler.scala:93)
	at sbt.compiler.javac.AnalyzingJavaCompiler.compile(AnalyzingJavaCompiler.scala:64)
	at sbt.compiler.MixedAnalyzingCompiler$$anonfun$compileJava$1$1.apply$mcV$sp(MixedAnalyzingCompiler.scala:61)
	at sbt.compiler.MixedAnalyzingCompiler$$anonfun$compileJava$1$1.apply(MixedAnalyzingCompiler.scala:61)
	at sbt.compiler.MixedAnalyzingCompiler$$anonfun$compileJava$1$1.apply(MixedAnalyzingCompiler.scala:61)
	at sbt.compiler.MixedAnalyzingCompiler.timed(MixedAnalyzingCompiler.scala:75)
	at sbt.compiler.MixedAnalyzingCompiler.compileJava$1(MixedAnalyzingCompiler.scala:60)
	at sbt.compiler.MixedAnalyzingCompiler.compile(MixedAnalyzingCompiler.scala:65)
	at sbt.compiler.IC$$anonfun$compileInternal$1.apply(IncrementalCompiler.scala:160)
	at sbt.compiler.IC$$anonfun$compileInternal$1.apply(IncrementalCompiler.scala:160)
	at sbt.inc.IncrementalCompile$$anonfun$doCompile$1.apply(Compile.scala:66)
	at sbt.inc.IncrementalCompile$$anonfun$doCompile$1.apply(Compile.scala:64)
	at sbt.inc.IncrementalCommon.cycle(IncrementalCommon.scala:31)
	at sbt.inc.Incremental$$anonfun$1.apply(Incremental.scala:62)
	at sbt.inc.Incremental$$anonfun$1.apply(Incremental.scala:61)
	at sbt.inc.Incremental$.manageClassfiles(Incremental.scala:89)
	at sbt.inc.Incremental$.compile(Incremental.scala:61)
	at sbt.inc.IncrementalCompile$.apply(Compile.scala:54)
	at sbt.compiler.IC$.compileInternal(IncrementalCompiler.scala:160)
	at sbt.compiler.IC$.incrementalCompile(IncrementalCompiler.scala:138)
	at sbt.Compiler$.compile(Compiler.scala:128)
	at sbt.Defaults$.sbt$Defaults$$compileIncrementalTaskImpl(Defaults.scala:813)
	at sbt.Defaults$$anonfun$compileIncrementalTask$1.apply(Defaults.scala:805)
	at sbt.Defaults$$anonfun$compileIncrementalTask$1.apply(Defaults.scala:803)
	at scala.Function1$$anonfun$compose$1.apply(Function1.scala:47)
	at sbt.$tilde$greater$$anonfun$$u2219$1.apply(TypeFunctions.scala:40)
	at sbt.std.Transform$$anon$4.work(System.scala:63)
	at sbt.Execute$$anonfun$submit$1$$anonfun$apply$1.apply(Execute.scala:226)
	at sbt.Execute$$anonfun$submit$1$$anonfun$apply$1.apply(Execute.scala:226)
	at sbt.ErrorHandling$.wideConvert(ErrorHandling.scala:17)
	at sbt.Execute.work(Execute.scala:235)
	at sbt.Execute$$anonfun$submit$1.apply(Execute.scala:226)
	at sbt.Execute$$anonfun$submit$1.apply(Execute.scala:226)
	at sbt.ConcurrentRestrictions$$anon$4$$anonfun$1.apply(ConcurrentRestrictions.scala:159)
	at sbt.CompletionService$$anon$2.call(CompletionService.scala:28)
	at java.util.concurrent.FutureTask.run(FutureTask.java:266)
	at java.util.concurrent.Executors$RunnableAdapter.call(Executors.java:511)
	at java.util.concurrent.FutureTask.run(FutureTask.java:266)
	at java.util.concurrent.ThreadPoolExecutor.runWorker(ThreadPoolExecutor.java:1142)
	at java.util.concurrent.ThreadPoolExecutor$Worker.run(ThreadPoolExecutor.java:617)
	at java.lang.Thread.run(Thread.java:745)
Caused by: java.lang.RuntimeException: Invalid position: 0
	at scala.sys.package$.error(package.scala:27)
	at sbt.compiler.javac.DiagnosticsReporter$$anon$1.checkNoPos(DiagnosticsReporter.scala:64)
	at sbt.compiler.javac.DiagnosticsReporter$$anon$1.<init>(DiagnosticsReporter.scala:71)
	at sbt.compiler.javac.DiagnosticsReporter.report(DiagnosticsReporter.scala:58)
	at com.sun.tools.javac.api.ClientCodeWrapper$WrappedDiagnosticListener.report(ClientCodeWrapper.java:593)
	at com.sun.tools.javac.util.Log.writeDiagnostic(Log.java:616)
	at com.sun.tools.javac.util.Log$DefaultDiagnosticHandler.report(Log.java:600)
	at com.sun.tools.javac.util.Log.report(Log.java:562)
	at com.sun.tools.javac.util.AbstractLog.error(AbstractLog.java:107)
	at com.sun.tools.javac.parser.JavacParser.error(JavacParser.java:3859)
	at com.sun.tools.javac.parser.JavacParser.reportSyntaxError(JavacParser.java:460)
	at com.sun.tools.javac.parser.JavacParser.syntaxError(JavacParser.java:430)
	at com.sun.tools.javac.parser.JavacParser.classOrInterfaceOrEnumDeclaration(JavacParser.java:3241)
	at com.sun.tools.javac.parser.JavacParser.typeDeclaration(JavacParser.java:3215)
	at com.sun.tools.javac.parser.JavacParser.parseCompilationUnit(JavacParser.java:3155)
	at com.sun.tools.javac.main.JavaCompiler.parse(JavaCompiler.java:628)
	at com.sun.tools.javac.main.JavaCompiler.parse(JavaCompiler.java:665)
	at com.sun.tools.javac.main.JavaCompiler.parseFiles(JavaCompiler.java:950)
	at com.sun.tools.javac.main.JavaCompiler.compile(JavaCompiler.java:857)
	at com.sun.tools.javac.main.Main.compile(Main.java:523)
	at com.sun.tools.javac.api.JavacTaskImpl.doCall(JavacTaskImpl.java:129)
	at com.sun.tools.javac.api.JavacTaskImpl.call(JavacTaskImpl.java:138)
	at sbt.compiler.javac.LocalJavaCompiler.run(LocalJava.scala:69)
	at sbt.compiler.javac.JavaCompilerAdapter.compileWithReporter(JavaCompilerAdapter.scala:31)
	at sbt.compiler.javac.AnalyzingJavaCompiler$$anonfun$compile$1.apply$mcV$sp(AnalyzingJavaCompiler.scala:65)
	at sbt.compiler.javac.AnalyzingJavaCompiler$$anonfun$compile$1.apply(AnalyzingJavaCompiler.scala:65)
	at sbt.compiler.javac.AnalyzingJavaCompiler$$anonfun$compile$1.apply(AnalyzingJavaCompiler.scala:65)
	at sbt.compiler.javac.AnalyzingJavaCompiler.timed(AnalyzingJavaCompiler.scala:93)
	at sbt.compiler.javac.AnalyzingJavaCompiler.compile(AnalyzingJavaCompiler.scala:64)
	at sbt.compiler.MixedAnalyzingCompiler$$anonfun$compileJava$1$1.apply$mcV$sp(MixedAnalyzingCompiler.scala:61)
	at sbt.compiler.MixedAnalyzingCompiler$$anonfun$compileJava$1$1.apply(MixedAnalyzingCompiler.scala:61)
	at sbt.compiler.MixedAnalyzingCompiler$$anonfun$compileJava$1$1.apply(MixedAnalyzingCompiler.scala:61)
	at sbt.compiler.MixedAnalyzingCompiler.timed(MixedAnalyzingCompiler.scala:75)
	at sbt.compiler.MixedAnalyzingCompiler.compileJava$1(MixedAnalyzingCompiler.scala:60)
	at sbt.compiler.MixedAnalyzingCompiler.compile(MixedAnalyzingCompiler.scala:65)
	at sbt.compiler.IC$$anonfun$compileInternal$1.apply(IncrementalCompiler.scala:160)
	at sbt.compiler.IC$$anonfun$compileInternal$1.apply(IncrementalCompiler.scala:160)
	at sbt.inc.IncrementalCompile$$anonfun$doCompile$1.apply(Compile.scala:66)
	at sbt.inc.IncrementalCompile$$anonfun$doCompile$1.apply(Compile.scala:64)
	at sbt.inc.IncrementalCommon.cycle(IncrementalCommon.scala:31)
	at sbt.inc.Incremental$$anonfun$1.apply(Incremental.scala:62)
	at sbt.inc.Incremental$$anonfun$1.apply(Incremental.scala:61)
	at sbt.inc.Incremental$.manageClassfiles(Incremental.scala:89)
	at sbt.inc.Incremental$.compile(Incremental.scala:61)
	at sbt.inc.IncrementalCompile$.apply(Compile.scala:54)
	at sbt.compiler.IC$.compileInternal(IncrementalCompiler.scala:160)
	at sbt.compiler.IC$.incrementalCompile(IncrementalCompiler.scala:138)
	at sbt.Compiler$.compile(Compiler.scala:128)
	at sbt.Defaults$.sbt$Defaults$$compileIncrementalTaskImpl(Defaults.scala:813)
	at sbt.Defaults$$anonfun$compileIncrementalTask$1.apply(Defaults.scala:805)
	at sbt.Defaults$$anonfun$compileIncrementalTask$1.apply(Defaults.scala:803)
	at scala.Function1$$anonfun$compose$1.apply(Function1.scala:47)
	at sbt.$tilde$greater$$anonfun$$u2219$1.apply(TypeFunctions.scala:40)
	at sbt.std.Transform$$anon$4.work(System.scala:63)
	at sbt.Execute$$anonfun$submit$1$$anonfun$apply$1.apply(Execute.scala:226)
	at sbt.Execute$$anonfun$submit$1$$anonfun$apply$1.apply(Execute.scala:226)
	at sbt.ErrorHandling$.wideConvert(ErrorHandling.scala:17)
	at sbt.Execute.work(Execute.scala:235)
	at sbt.Execute$$anonfun$submit$1.apply(Execute.scala:226)
	at sbt.Execute$$anonfun$submit$1.apply(Execute.scala:226)
	at sbt.ConcurrentRestrictions$$anon$4$$anonfun$1.apply(ConcurrentRestrictions.scala:159)
	at sbt.CompletionService$$anon$2.call(CompletionService.scala:28)
	at java.util.concurrent.FutureTask.run(FutureTask.java:266)
	at java.util.concurrent.Executors$RunnableAdapter.call(Executors.java:511)
	at java.util.concurrent.FutureTask.run(FutureTask.java:266)
	at java.util.concurrent.ThreadPoolExecutor.runWorker(ThreadPoolExecutor.java:1142)
	at java.util.concurrent.ThreadPoolExecutor$Worker.run(ThreadPoolExecutor.java:617)
	at java.lang.Thread.run(Thread.java:745)
Read from stdout: (compile:compileIncremental) java.lang.RuntimeException: Invalid position: 0
(compile:compileIncremental) java.lang.RuntimeException: Invalid position: 0
Total time: 3 s, completed 17-ago-2016 12:20:45
> server-post-command-error-handler
> server-post-command-cleanup
> server-handle-next-server-request
> {file:/C:/Users/da.rodriguez15/Documents/Marketplace/play-java/}root/compile:mainClass
Evaluating tasks: compile:mainClass
Running task... Cancel: sbt.server.ServerTaskCancellation@10956f72, check cycles: false
Total time: 0 s, completed 17-ago-2016 12:20:45
> server-post-command-cleanup
> server-handle-next-server-request
> {file:/C:/Users/da.rodriguez15/Documents/Marketplace/play-java/}root/compile:discoveredMainClasses
Evaluating tasks: compile:discoveredMainClasses
Running task... Cancel: sbt.server.ServerTaskCancellation@35748e1b, check cycles: false

Initial source changes: 
	removed:Set()
	added: Set(C:\Users\da.rodriguez15\Documents\Marketplace\play-java\app\models\Product.java)
	modified: Set(C:\Users\da.rodriguez15\Documents\Marketplace\play-java\app\controllers\Application.java, C:\Users\da.rodriguez15\Documents\Marketplace\play-java\app\controllers\ProductoController.java)
Removed products: Set()
External API changes: API Changes: Set()
Modified binary dependencies: Set()
Initial directly invalidated sources: Set(C:\Users\da.rodriguez15\Documents\Marketplace\play-java\app\controllers\Application.java, C:\Users\da.rodriguez15\Documents\Marketplace\play-java\app\controllers\ProductoController.java, C:\Users\da.rodriguez15\Documents\Marketplace\play-java\app\models\Product.java)

Sources indirectly invalidated by:
	product: Set()
	binary dep: Set()
	external source: Set()
All initially invalidated sources: Set(C:\Users\da.rodriguez15\Documents\Marketplace\play-java\app\controllers\Application.java, C:\Users\da.rodriguez15\Documents\Marketplace\play-java\app\controllers\ProductoController.java, C:\Users\da.rodriguez15\Documents\Marketplace\play-java\app\models\Product.java)

Read from stdout: Compiling 3 Java sources to C:\Users\da.rodriguez15\Documents\Marketplace\play-java\target\scala-2.11\classes...
Compiling 3 Java sources to C:\Users\da.rodriguez15\Documents\Marketplace\play-java\target\scala-2.11\classes...
Attempting to call com.sun.tools.javac.api.JavacTool@25cf251b directly...
java.lang.RuntimeException: Invalid position: 0
java.lang.RuntimeException: java.lang.RuntimeException: Invalid position: 0
	at com.sun.tools.javac.main.Main.compile(Main.java:559)
	at com.sun.tools.javac.api.JavacTaskImpl.doCall(JavacTaskImpl.java:129)
	at com.sun.tools.javac.api.JavacTaskImpl.call(JavacTaskImpl.java:138)
	at sbt.compiler.javac.LocalJavaCompiler.run(LocalJava.scala:69)
	at sbt.compiler.javac.JavaCompilerAdapter.compileWithReporter(JavaCompilerAdapter.scala:31)
	at sbt.compiler.javac.AnalyzingJavaCompiler$$anonfun$compile$1.apply$mcV$sp(AnalyzingJavaCompiler.scala:65)
	at sbt.compiler.javac.AnalyzingJavaCompiler$$anonfun$compile$1.apply(AnalyzingJavaCompiler.scala:65)
	at sbt.compiler.javac.AnalyzingJavaCompiler$$anonfun$compile$1.apply(AnalyzingJavaCompiler.scala:65)
	at sbt.compiler.javac.AnalyzingJavaCompiler.timed(AnalyzingJavaCompiler.scala:93)
	at sbt.compiler.javac.AnalyzingJavaCompiler.compile(AnalyzingJavaCompiler.scala:64)
	at sbt.compiler.MixedAnalyzingCompiler$$anonfun$compileJava$1$1.apply$mcV$sp(MixedAnalyzingCompiler.scala:61)
	at sbt.compiler.MixedAnalyzingCompiler$$anonfun$compileJava$1$1.apply(MixedAnalyzingCompiler.scala:61)
	at sbt.compiler.MixedAnalyzingCompiler$$anonfun$compileJava$1$1.apply(MixedAnalyzingCompiler.scala:61)
	at sbt.compiler.MixedAnalyzingCompiler.timed(MixedAnalyzingCompiler.scala:75)
	at sbt.compiler.MixedAnalyzingCompiler.compileJava$1(MixedAnalyzingCompiler.scala:60)
	at sbt.compiler.MixedAnalyzingCompiler.compile(MixedAnalyzingCompiler.scala:65)
	at sbt.compiler.IC$$anonfun$compileInternal$1.apply(IncrementalCompiler.scala:160)
	at sbt.compiler.IC$$anonfun$compileInternal$1.apply(IncrementalCompiler.scala:160)
	at sbt.inc.IncrementalCompile$$anonfun$doCompile$1.apply(Compile.scala:66)
	at sbt.inc.IncrementalCompile$$anonfun$doCompile$1.apply(Compile.scala:64)
	at sbt.inc.IncrementalCommon.cycle(IncrementalCommon.scala:31)
	at sbt.inc.Incremental$$anonfun$1.apply(Incremental.scala:62)
	at sbt.inc.Incremental$$anonfun$1.apply(Incremental.scala:61)
	at sbt.inc.Incremental$.manageClassfiles(Incremental.scala:89)
	at sbt.inc.Incremental$.compile(Incremental.scala:61)
	at sbt.inc.IncrementalCompile$.apply(Compile.scala:54)
	at sbt.compiler.IC$.compileInternal(IncrementalCompiler.scala:160)
	at sbt.compiler.IC$.incrementalCompile(IncrementalCompiler.scala:138)
	at sbt.Compiler$.compile(Compiler.scala:128)
	at sbt.Defaults$.sbt$Defaults$$compileIncrementalTaskImpl(Defaults.scala:813)
	at sbt.Defaults$$anonfun$compileIncrementalTask$1.apply(Defaults.scala:805)
	at sbt.Defaults$$anonfun$compileIncrementalTask$1.apply(Defaults.scala:803)
	at scala.Function1$$anonfun$compose$1.apply(Function1.scala:47)
	at sbt.$tilde$greater$$anonfun$$u2219$1.apply(TypeFunctions.scala:40)
	at sbt.std.Transform$$anon$4.work(System.scala:63)
	at sbt.Execute$$anonfun$submit$1$$anonfun$apply$1.apply(Execute.scala:226)
	at sbt.Execute$$anonfun$submit$1$$anonfun$apply$1.apply(Execute.scala:226)
	at sbt.ErrorHandling$.wideConvert(ErrorHandling.scala:17)
	at sbt.Execute.work(Execute.scala:235)
	at sbt.Execute$$anonfun$submit$1.apply(Execute.scala:226)
	at sbt.Execute$$anonfun$submit$1.apply(Execute.scala:226)
	at sbt.ConcurrentRestrictions$$anon$4$$anonfun$1.apply(ConcurrentRestrictions.scala:159)
	at sbt.CompletionService$$anon$2.call(CompletionService.scala:28)
	at java.util.concurrent.FutureTask.run(FutureTask.java:266)
	at java.util.concurrent.Executors$RunnableAdapter.call(Executors.java:511)
	at java.util.concurrent.FutureTask.run(FutureTask.java:266)
	at java.util.concurrent.ThreadPoolExecutor.runWorker(ThreadPoolExecutor.java:1142)
	at java.util.concurrent.ThreadPoolExecutor$Worker.run(ThreadPoolExecutor.java:617)
	at java.lang.Thread.run(Thread.java:745)
Caused by: java.lang.RuntimeException: Invalid position: 0
	at scala.sys.package$.error(package.scala:27)
	at sbt.compiler.javac.DiagnosticsReporter$$anon$1.checkNoPos(DiagnosticsReporter.scala:64)
	at sbt.compiler.javac.DiagnosticsReporter$$anon$1.<init>(DiagnosticsReporter.scala:71)
	at sbt.compiler.javac.DiagnosticsReporter.report(DiagnosticsReporter.scala:58)
	at com.sun.tools.javac.api.ClientCodeWrapper$WrappedDiagnosticListener.report(ClientCodeWrapper.java:593)
	at com.sun.tools.javac.util.Log.writeDiagnostic(Log.java:616)
	at com.sun.tools.javac.util.Log$DefaultDiagnosticHandler.report(Log.java:600)
	at com.sun.tools.javac.util.Log.report(Log.java:562)
	at com.sun.tools.javac.util.AbstractLog.error(AbstractLog.java:107)
	at com.sun.tools.javac.parser.JavacParser.error(JavacParser.java:3859)
	at com.sun.tools.javac.parser.JavacParser.reportSyntaxError(JavacParser.java:460)
	at com.sun.tools.javac.parser.JavacParser.syntaxError(JavacParser.java:430)
	at com.sun.tools.javac.parser.JavacParser.classOrInterfaceOrEnumDeclaration(JavacParser.java:3241)
	at com.sun.tools.javac.parser.JavacParser.typeDeclaration(JavacParser.java:3215)
	at com.sun.tools.javac.parser.JavacParser.parseCompilationUnit(JavacParser.java:3155)
	at com.sun.tools.javac.main.JavaCompiler.parse(JavaCompiler.java:628)
	at com.sun.tools.javac.main.JavaCompiler.parse(JavaCompiler.java:665)
	at com.sun.tools.javac.main.JavaCompiler.parseFiles(JavaCompiler.java:950)
	at com.sun.tools.javac.main.JavaCompiler.compile(JavaCompiler.java:857)
	at com.sun.tools.javac.main.Main.compile(Main.java:523)
	at com.sun.tools.javac.api.JavacTaskImpl.doCall(JavacTaskImpl.java:129)
	at com.sun.tools.javac.api.JavacTaskImpl.call(JavacTaskImpl.java:138)
	at sbt.compiler.javac.LocalJavaCompiler.run(LocalJava.scala:69)
	at sbt.compiler.javac.JavaCompilerAdapter.compileWithReporter(JavaCompilerAdapter.scala:31)
	at sbt.compiler.javac.AnalyzingJavaCompiler$$anonfun$compile$1.apply$mcV$sp(AnalyzingJavaCompiler.scala:65)
	at sbt.compiler.javac.AnalyzingJavaCompiler$$anonfun$compile$1.apply(AnalyzingJavaCompiler.scala:65)
	at sbt.compiler.javac.AnalyzingJavaCompiler$$anonfun$compile$1.apply(AnalyzingJavaCompiler.scala:65)
	at sbt.compiler.javac.AnalyzingJavaCompiler.timed(AnalyzingJavaCompiler.scala:93)
	at sbt.compiler.javac.AnalyzingJavaCompiler.compile(AnalyzingJavaCompiler.scala:64)
	at sbt.compiler.MixedAnalyzingCompiler$$anonfun$compileJava$1$1.apply$mcV$sp(MixedAnalyzingCompiler.scala:61)
	at sbt.compiler.MixedAnalyzingCompiler$$anonfun$compileJava$1$1.apply(MixedAnalyzingCompiler.scala:61)
	at sbt.compiler.MixedAnalyzingCompiler$$anonfun$compileJava$1$1.apply(MixedAnalyzingCompiler.scala:61)
	at sbt.compiler.MixedAnalyzingCompiler.timed(MixedAnalyzingCompiler.scala:75)
	at sbt.compiler.MixedAnalyzingCompiler.compileJava$1(MixedAnalyzingCompiler.scala:60)
	at sbt.compiler.MixedAnalyzingCompiler.compile(MixedAnalyzingCompiler.scala:65)
	at sbt.compiler.IC$$anonfun$compileInternal$1.apply(IncrementalCompiler.scala:160)
	at sbt.compiler.IC$$anonfun$compileInternal$1.apply(IncrementalCompiler.scala:160)
	at sbt.inc.IncrementalCompile$$anonfun$doCompile$1.apply(Compile.scala:66)
	at sbt.inc.IncrementalCompile$$anonfun$doCompile$1.apply(Compile.scala:64)
	at sbt.inc.IncrementalCommon.cycle(IncrementalCommon.scala:31)
	at sbt.inc.Incremental$$anonfun$1.apply(Incremental.scala:62)
	at sbt.inc.Incremental$$anonfun$1.apply(Incremental.scala:61)
	at sbt.inc.Incremental$.manageClassfiles(Incremental.scala:89)
	at sbt.inc.Incremental$.compile(Incremental.scala:61)
	at sbt.inc.IncrementalCompile$.apply(Compile.scala:54)
	at sbt.compiler.IC$.compileInternal(IncrementalCompiler.scala:160)
	at sbt.compiler.IC$.incrementalCompile(IncrementalCompiler.scala:138)
	at sbt.Compiler$.compile(Compiler.scala:128)
	at sbt.Defaults$.sbt$Defaults$$compileIncrementalTaskImpl(Defaults.scala:813)
	at sbt.Defaults$$anonfun$compileIncrementalTask$1.apply(Defaults.scala:805)
	at sbt.Defaults$$anonfun$compileIncrementalTask$1.apply(Defaults.scala:803)
	at scala.Function1$$anonfun$compose$1.apply(Function1.scala:47)
	at sbt.$tilde$greater$$anonfun$$u2219$1.apply(TypeFunctions.scala:40)
	at sbt.std.Transform$$anon$4.work(System.scala:63)
	at sbt.Execute$$anonfun$submit$1$$anonfun$apply$1.apply(Execute.scala:226)
	at sbt.Execute$$anonfun$submit$1$$anonfun$apply$1.apply(Execute.scala:226)
	at sbt.ErrorHandling$.wideConvert(ErrorHandling.scala:17)
	at sbt.Execute.work(Execute.scala:235)
	at sbt.Execute$$anonfun$submit$1.apply(Execute.scala:226)
	at sbt.Execute$$anonfun$submit$1.apply(Execute.scala:226)
	at sbt.ConcurrentRestrictions$$anon$4$$anonfun$1.apply(ConcurrentRestrictions.scala:159)
	at sbt.CompletionService$$anon$2.call(CompletionService.scala:28)
	at java.util.concurrent.FutureTask.run(FutureTask.java:266)
	at java.util.concurrent.Executors$RunnableAdapter.call(Executors.java:511)
	at java.util.concurrent.FutureTask.run(FutureTask.java:266)
	at java.util.concurrent.ThreadPoolExecutor.runWorker(ThreadPoolExecutor.java:1142)
	at java.util.concurrent.ThreadPoolExecutor$Worker.run(ThreadPoolExecutor.java:617)
	at java.lang.Thread.run(Thread.java:745)
Read from stdout: (compile:compileIncremental) java.lang.RuntimeException: Invalid position: 0
(compile:compileIncremental) java.lang.RuntimeException: Invalid position: 0
Total time: 2 s, completed 17-ago-2016 12:20:47
> server-post-command-error-handler
> server-post-command-cleanup
> server-handle-next-server-request
> {file:/C:/Users/da.rodriguez15/Documents/Marketplace/play-java/}root/compile:mainClass
Evaluating tasks: compile:mainClass
Running task... Cancel: sbt.server.ServerTaskCancellation@7c3082b, check cycles: false
Total time: 0 s, completed 17-ago-2016 12:20:47
> server-post-command-cleanup
> server-handle-next-server-request
> backgroundRun
Evaluating tasks: compile:backgroundRun
Running task... Cancel: sbt.server.ServerTaskCancellation@3099a429, check cycles: false
Total time: 0 s, completed 17-ago-2016 12:21:37
> server-post-command-cleanup
> server-handle-next-server-request
> {file:/C:/Users/da.rodriguez15/Documents/Marketplace/play-java/}root/*:playForkConfig
Evaluating tasks: *:playForkConfig
Running task... Cancel: sbt.server.ServerTaskCancellation@36ba0d24, check cycles: false
Total time: 1 s, completed 17-ago-2016 12:21:45
> server-post-command-cleanup
> server-handle-next-server-request
> root/playForkNotifyStart http://localhost:9000
Evaluating tasks: *:playForkNotifyStart
Running task... Cancel: sbt.server.ServerTaskCancellation@556fa0be, check cycles: false
Total time: 0 s, completed 17-ago-2016 12:21:49
> server-post-command-cleanup
> server-handle-next-server-request
> {file:/C:/Users/da.rodriguez15/Documents/Marketplace/play-java/}root/*:playForkReload
Evaluating tasks: *:playForkReload
Running task... Cancel: sbt.server.ServerTaskCancellation@e8370c9, check cycles: false

Initial source changes: 
	removed:Set()
	added: Set(C:\Users\da.rodriguez15\Documents\Marketplace\play-java\app\models\Product.java)
	modified: Set(C:\Users\da.rodriguez15\Documents\Marketplace\play-java\app\controllers\Application.java, C:\Users\da.rodriguez15\Documents\Marketplace\play-java\app\controllers\ProductoController.java)
Removed products: Set()
External API changes: API Changes: Set()
Modified binary dependencies: Set()
Initial directly invalidated sources: Set(C:\Users\da.rodriguez15\Documents\Marketplace\play-java\app\controllers\Application.java, C:\Users\da.rodriguez15\Documents\Marketplace\play-java\app\controllers\ProductoController.java, C:\Users\da.rodriguez15\Documents\Marketplace\play-java\app\models\Product.java)

Sources indirectly invalidated by:
	product: Set()
	binary dep: Set()
	external source: Set()
All initially invalidated sources: Set(C:\Users\da.rodriguez15\Documents\Marketplace\play-java\app\controllers\Application.java, C:\Users\da.rodriguez15\Documents\Marketplace\play-java\app\controllers\ProductoController.java, C:\Users\da.rodriguez15\Documents\Marketplace\play-java\app\models\Product.java)

Read from stdout: Compiling 3 Java sources to C:\Users\da.rodriguez15\Documents\Marketplace\play-java\target\scala-2.11\classes...
Compiling 3 Java sources to C:\Users\da.rodriguez15\Documents\Marketplace\play-java\target\scala-2.11\classes...
Attempting to call com.sun.tools.javac.api.JavacTool@6762abea directly...
Warning: node.js detection failed, sbt will use the Rhino based Trireme JavaScript engine instead to run JavaScript assets compilation, which in some cases may be orders of magnitude slower than using node.js.
Total time: 29 s, completed 17-ago-2016 12:22:20
> server-post-command-cleanup
> server-handle-next-server-request
> {file:/C:/Users/da.rodriguez15/Documents/Marketplace/play-java/}root/*:playForkReload
Evaluating tasks: *:playForkReload
Running task... Cancel: sbt.server.ServerTaskCancellation@79b42368, check cycles: false

Initial source changes: 
	removed:Set()
	added: Set(C:\Users\da.rodriguez15\Documents\Marketplace\play-java\app\models\Product.java)
	modified: Set(C:\Users\da.rodriguez15\Documents\Marketplace\play-java\app\controllers\Application.java, C:\Users\da.rodriguez15\Documents\Marketplace\play-java\app\controllers\ProductoController.java)
Removed products: Set()
External API changes: API Changes: Set()
Modified binary dependencies: Set()
Initial directly invalidated sources: Set(C:\Users\da.rodriguez15\Documents\Marketplace\play-java\app\controllers\Application.java, C:\Users\da.rodriguez15\Documents\Marketplace\play-java\app\controllers\ProductoController.java, C:\Users\da.rodriguez15\Documents\Marketplace\play-java\app\models\Product.java)

Sources indirectly invalidated by:
	product: Set()
	binary dep: Set()
	external source: Set()
All initially invalidated sources: Set(C:\Users\da.rodriguez15\Documents\Marketplace\play-java\app\controllers\Application.java, C:\Users\da.rodriguez15\Documents\Marketplace\play-java\app\controllers\ProductoController.java, C:\Users\da.rodriguez15\Documents\Marketplace\play-java\app\models\Product.java)

Read from stdout: Compiling 3 Java sources to C:\Users\da.rodriguez15\Documents\Marketplace\play-java\target\scala-2.11\classes...
Compiling 3 Java sources to C:\Users\da.rodriguez15\Documents\Marketplace\play-java\target\scala-2.11\classes...
Attempting to call com.sun.tools.javac.api.JavacTool@3c939133 directly...
Total time: 3 s, completed 17-ago-2016 12:22:24
> server-post-command-cleanup
> server-handle-next-server-request
