New log file opened at Wed Aug 17 12:20:06 COT 2016 by 5684@ISIS2503-0069
Taking next connection to: 55380
New client attempting to connect on port: 55381-55380
  Address = /172.24.42.64:55380
This client on port 55381 has uuid d2173256-0024-470b-8cf0-f8ebb8426d40 configName activator humanReadableName Activator protocolVersion 3 featureTags Vector()
Connected Clients: activator-d2173256-0024-470b-8cf0-f8ebb8426d40
Taking next connection to: 55380
New client attempting to connect on port: 55382-55380
  Address = /172.24.42.64:55380
Handshake exception on socket: 55382
sbt.impl.ipc.HandshakeException: Unable to perform handshake
	at sbt.impl.ipc.Peer.handshake(IPC.scala:46)
	at sbt.impl.ipc.MultiClientServer.<init>(IPC.scala:150)
	at sbt.server.SbtServerSocketHandler$$anon$1.run(SbtServerSocketHandler.scala:43)
Caused by: java.net.SocketException: Software caused connection abort: recv failed
	at java.net.SocketInputStream.socketRead0(Native Method)
	at java.net.SocketInputStream.socketRead(SocketInputStream.java:116)
	at java.net.SocketInputStream.read(SocketInputStream.java:170)
	at java.net.SocketInputStream.read(SocketInputStream.java:141)
	at java.io.BufferedInputStream.fill(BufferedInputStream.java:246)
	at java.io.BufferedInputStream.read(BufferedInputStream.java:265)
	at java.io.DataInputStream.readInt(DataInputStream.java:387)
	at sbt.impl.ipc.Peer.receive(IPC.scala:95)
	at sbt.impl.ipc.Peer.handshake(IPC.scala:49)
	... 2 more
Taking next connection to: 55380
New client attempting to connect on port: 55383-55380
  Address = /172.24.42.64:55380
This client on port 55383 has uuid 85321f4b-68db-415a-851a-9dfa67f16681 configName activator humanReadableName Activator protocolVersion 3 featureTags Vector()
Connected Clients: activator-d2173256-0024-470b-8cf0-f8ebb8426d40, activator-85321f4b-68db-415a-851a-9dfa67f16681
Taking next connection to: 55380
New client attempting to connect on port: 55389-55380
  Address = /172.24.42.64:55380
Handshake exception on socket: 55389
sbt.impl.ipc.HandshakeException: Unable to perform handshake
	at sbt.impl.ipc.Peer.handshake(IPC.scala:46)
	at sbt.impl.ipc.MultiClientServer.<init>(IPC.scala:150)
	at sbt.server.SbtServerSocketHandler$$anon$1.run(SbtServerSocketHandler.scala:43)
Caused by: java.net.SocketException: Software caused connection abort: recv failed
	at java.net.SocketInputStream.socketRead0(Native Method)
	at java.net.SocketInputStream.socketRead(SocketInputStream.java:116)
	at java.net.SocketInputStream.read(SocketInputStream.java:170)
	at java.net.SocketInputStream.read(SocketInputStream.java:141)
	at java.io.BufferedInputStream.fill(BufferedInputStream.java:246)
	at java.io.BufferedInputStream.read(BufferedInputStream.java:265)
	at java.io.DataInputStream.readInt(DataInputStream.java:387)
	at sbt.impl.ipc.Peer.receive(IPC.scala:95)
	at sbt.impl.ipc.Peer.handshake(IPC.scala:49)
	... 2 more
Taking next connection to: 55380
New client attempting to connect on port: 55390-55380
  Address = /172.24.42.64:55380
This client on port 55390 has uuid 4be1ae5c-8c2d-419e-8eae-c28b7addf10a configName play-fork-run humanReadableName Play Fork Run protocolVersion 1 featureTags Vector()
Connected Clients: activator-85321f4b-68db-415a-851a-9dfa67f16681, play-fork-run-4be1ae5c-8c2d-419e-8eae-c28b7addf10a
Taking next connection to: 55380
